{
  "stats": {
    "suites": 3,
    "tests": 2,
    "passes": 0,
    "pending": 3,
    "failures": -1,
    "start": "2021-12-08T18:40:23.911Z",
    "end": "2021-12-08T18:40:28.751Z",
    "duration": 4840,
    "testsRegistered": 3,
    "passPercent": null,
    "pendingPercent": 100,
    "other": 1,
    "hasOther": true,
    "skipped": 0,
    "hasSkipped": false
  },
  "results": [
    {
      "uuid": "053c4f2a-b9d8-4b8c-8c9a-4ea1cddb3519",
      "title": "",
      "fullFile": "tests/cypress/tests/07-link/01-cluster-page-search-link.spec.js",
      "file": "tests/cypress/tests/07-link/01-cluster-page-search-link.spec.js",
      "beforeHooks": [],
      "afterHooks": [],
      "tests": [],
      "suites": [
        {
          "uuid": "f40390ea-e610-4b64-b4ca-002d23a6be3a",
          "title": "RHACM4K-413: Search: Linked page",
          "fullFile": "",
          "file": "",
          "beforeHooks": [],
          "afterHooks": [],
          "tests": [],
          "suites": [
            {
              "uuid": "5d19d450-4f95-4991-a273-d2d050620e12",
              "title": "prereq: user should log into the ACM console",
              "fullFile": "",
              "file": "",
              "beforeHooks": [],
              "afterHooks": [],
              "tests": [
                {
                  "title": "[P1][Sev1][observability-usa] should login",
                  "fullTitle": "RHACM4K-413: Search: Linked page prereq: user should log into the ACM console [P1][Sev1][observability-usa] should login",
                  "timedOut": null,
                  "duration": 0,
                  "state": "pending",
                  "speed": null,
                  "pass": false,
                  "fail": false,
                  "pending": true,
                  "context": null,
                  "code": "",
                  "err": {},
                  "uuid": "273be473-c508-4918-9c6d-32c6272aafea",
                  "parentUUID": "5d19d450-4f95-4991-a273-d2d050620e12",
                  "isHook": false,
                  "skipped": false
                }
              ],
              "suites": [],
              "passes": [],
              "failures": [],
              "pending": [
                "273be473-c508-4918-9c6d-32c6272aafea"
              ],
              "skipped": [],
              "duration": 0,
              "root": false,
              "rootEmpty": false,
              "_timeout": 2000
            },
            {
              "uuid": "35a3b835-fe17-415d-946f-ac589c3d18cf",
              "title": "verify: cluster page link to search page",
              "fullFile": "",
              "file": "",
              "beforeHooks": [],
              "afterHooks": [],
              "tests": [
                {
                  "title": "[P1][Sev1][observability-usa] should load the cluster page",
                  "fullTitle": "RHACM4K-413: Search: Linked page verify: cluster page link to search page [P1][Sev1][observability-usa] should load the cluster page",
                  "timedOut": null,
                  "duration": 0,
                  "state": "pending",
                  "speed": null,
                  "pass": false,
                  "fail": false,
                  "pending": true,
                  "context": null,
                  "code": "",
                  "err": {},
                  "uuid": "a6078a55-617a-4c69-a7af-350b4a35f024",
                  "parentUUID": "35a3b835-fe17-415d-946f-ac589c3d18cf",
                  "isHook": false,
                  "skipped": false
                },
                {
                  "title": "[P2][Sev2][observability-usa] clusters page should have link to search page",
                  "fullTitle": "RHACM4K-413: Search: Linked page verify: cluster page link to search page [P2][Sev2][observability-usa] clusters page should have link to search page",
                  "timedOut": null,
                  "duration": 0,
                  "state": "pending",
                  "speed": null,
                  "pass": false,
                  "fail": false,
                  "pending": true,
                  "context": null,
                  "code": "",
                  "err": {},
                  "uuid": "157c5793-5e12-42c7-ae2c-c4f7ccfe5df1",
                  "parentUUID": "35a3b835-fe17-415d-946f-ac589c3d18cf",
                  "isHook": false,
                  "skipped": false
                }
              ],
              "suites": [],
              "passes": [],
              "failures": [],
              "pending": [
                "a6078a55-617a-4c69-a7af-350b4a35f024",
                "157c5793-5e12-42c7-ae2c-c4f7ccfe5df1"
              ],
              "skipped": [],
              "duration": 0,
              "root": false,
              "rootEmpty": false,
              "_timeout": 2000
            }
          ],
          "passes": [],
          "failures": [],
          "pending": [],
          "skipped": [],
          "duration": 0,
          "root": false,
          "rootEmpty": false,
          "_timeout": 2000
        }
      ],
      "passes": [],
      "failures": [],
      "pending": [],
      "skipped": [],
      "duration": 0,
      "root": true,
      "rootEmpty": true,
      "_timeout": 2000
    }
  ],
  "meta": {
    "mocha": {
      "version": "7.0.1"
    },
    "mochawesome": {
      "options": {
        "quiet": false,
        "reportFilename": "mochawesome-report.json",
        "saveHtml": false,
        "saveJson": true,
        "consoleReporter": "spec",
        "useInlineDiffs": false,
        "code": true
      },
      "version": "6.3.0"
    },
    "marge": {
      "options": {
        "id": "default",
        "reportDir": "cypress/results/json",
        "reportFilename": "mochawesome-report.json",
        "overwrite": false,
        "html": false,
        "json": true
      },
      "version": "5.2.0"
    }
  }
}