{
  "stats": {
    "suites": 0,
    "tests": 1,
    "passes": 0,
    "pending": 0,
    "failures": 1,
    "start": "2021-12-07T19:40:26.392Z",
    "end": "2021-12-07T19:40:30.042Z",
    "duration": 3650,
    "testsRegistered": 1,
    "passPercent": 0,
    "pendingPercent": 0,
    "other": 0,
    "hasOther": false,
    "skipped": 0,
    "hasSkipped": false
  },
  "results": [
    {
      "uuid": "cb50dcfb-3f08-439a-a074-28462b8eaae5",
      "title": "",
      "fullFile": "tests/cypress/tests/03-create/02-verify-invalid-sc.spec.js",
      "file": "tests/cypress/tests/03-create/02-verify-invalid-sc.spec.js",
      "beforeHooks": [],
      "afterHooks": [],
      "tests": [],
      "suites": [
        {
          "uuid": "dc0c9a52-88d8-4a5f-81f8-45ae40f88848",
          "title": "Search: Test resiliency",
          "fullFile": "",
          "file": "",
          "beforeHooks": [],
          "afterHooks": [],
          "tests": [
            {
              "title": "RHACM4K-1694: Search resiliency verification",
              "fullTitle": "Search: Test resiliency RHACM4K-1694: Search resiliency verification",
              "timedOut": null,
              "duration": 3503,
              "state": "failed",
              "speed": null,
              "pass": false,
              "fail": true,
              "pending": false,
              "context": null,
              "code": "/* Verify CR searchoperator is created and search-operator pod is running */\n// Log in yo ACM\ncy.log(_config.tags.status);\ncy.login(); // Get pod's name\n_cliHelper.cliHelper.findFullPodName('search-operator').as('pod'); // Go to 'search' page\n\n_search.searchPage.whenGoToSearchPage(); // Verify 'search' page loads\n\n_search.searchPage.shouldLoad(); // Filter by 'pods'\n\n_search.searchBar.whenFilterByKind('pod'); // Filter by pod's name\n\n_search.searchBar.whenFilterByName(this.pod); // Go to details page\n\n_search.searchPage.whenGoToResourceDetailItemPage('pod', this.pod); // Check for logs\n\n_podDetailPage.podDetailPage.whenClickOnLogsTab();\n_podDetailPage.podDetailPage.shouldSeeLogs('RedisGraph Pod with PVC Running');\n/* Disable customization CR persistence flag and verify logs */\n// Go to 'search' page - R\n\n_search.searchPage.whenGoToSearchPage(); // Disable customization CR persistence flag\n\n_cliHelper.cliHelper.updateSearchCustomizationCR('false'); // Filter by 'pods'\n\n_search.searchBar.whenFilterByKind('pod'); // Filter by pod's name\n\n_search.searchBar.whenFilterByName(this.pod); // Go to details page\n\n_search.searchPage.whenGoToResourceDetailItemPage('pod', this.pod); // Check for logs\n\n_podDetailPage.podDetailPage.whenClickOnLogsTab();\n_podDetailPage.podDetailPage.shouldSeeLogs('RedisGraph Pod Running with Persistence disabled');\n/* Enable customization CR persistence flag and verify logs */\n// Go to 'search' page - R\n\n_search.searchPage.whenGoToSearchPage(); // Disable customization CR persistence flag\n\n_cliHelper.cliHelper.updateSearchCustomizationCR('true'); // Filter by 'pods'\n\n_search.searchBar.whenFilterByKind('pod'); // Filter by pod's name\n\n_search.searchBar.whenFilterByName(this.pod); // Go to details page\n\n_search.searchPage.whenGoToResourceDetailItemPage('pod', this.pod); // Check for logs\n\n_podDetailPage.podDetailPage.whenClickOnLogsTab();\n_podDetailPage.podDetailPage.shouldSeeLogs('RedisGraph Pod with PVC Running');",
              "err": {
                "message": "CypressError: `cy.exec('oc login --server=https://api.undefined:6443 -u kubeadmin -p L4FCd-JLB8j-iVSzg-Ew2Sf --insecure-skip-tls-verify')` failed because the command exited with a non-zero code.\n\nPass `{failOnNonZeroExit: false}` to ignore exit code failures.\n\nInformation about the failure:\nCode: 1\n\nStderr:\nerror: dial tcp: lookup api.undefined on 10.11.5.19:53: no such host - verify you have provided the correct host and port and that the server is currently running.\n\nhttps://on.cypress.io/exec\n\nBecause this error occurred during a `before all` hook we are skipping all of the remaining tests.\n\nAlthough you have test retries enabled, we do not retry tests when `before all` or `after all` hooks fail",
                "estack": "CypressError: `cy.exec('oc login --server=https://api.undefined:6443 -u kubeadmin -p L4FCd-JLB8j-iVSzg-Ew2Sf --insecure-skip-tls-verify')` failed because the command exited with a non-zero code.\n\nPass `{failOnNonZeroExit: false}` to ignore exit code failures.\n\nInformation about the failure:\nCode: 1\n\nStderr:\nerror: dial tcp: lookup api.undefined on 10.11.5.19:53: no such host - verify you have provided the correct host and port and that the server is currently running.\n\nhttps://on.cypress.io/exec\n\nBecause this error occurred during a `before all` hook we are skipping all of the remaining tests.\n\nAlthough you have test retries enabled, we do not retry tests when `before all` or `after all` hooks fail\n    at https://multicloud-console.apps.ocp4-acm24-azgov-01.qemag.azure.devcluster.openshift.com/__cypress/runner/cypress_runner.js:154288:85\n    at tryCatcher (https://multicloud-console.apps.ocp4-acm24-azgov-01.qemag.azure.devcluster.openshift.com/__cypress/runner/cypress_runner.js:13212:23)\n    at Promise._settlePromiseFromHandler (https://multicloud-console.apps.ocp4-acm24-azgov-01.qemag.azure.devcluster.openshift.com/__cypress/runner/cypress_runner.js:11147:31)\n    at Promise._settlePromise (https://multicloud-console.apps.ocp4-acm24-azgov-01.qemag.azure.devcluster.openshift.com/__cypress/runner/cypress_runner.js:11204:18)\n    at Promise._settlePromise0 (https://multicloud-console.apps.ocp4-acm24-azgov-01.qemag.azure.devcluster.openshift.com/__cypress/runner/cypress_runner.js:11249:10)\n    at Promise._settlePromises (https://multicloud-console.apps.ocp4-acm24-azgov-01.qemag.azure.devcluster.openshift.com/__cypress/runner/cypress_runner.js:11329:18)\n    at _drainQueueStep (https://multicloud-console.apps.ocp4-acm24-azgov-01.qemag.azure.devcluster.openshift.com/__cypress/runner/cypress_runner.js:7919:12)\n    at _drainQueue (https://multicloud-console.apps.ocp4-acm24-azgov-01.qemag.azure.devcluster.openshift.com/__cypress/runner/cypress_runner.js:7912:9)\n    at Async.../../node_modules/bluebird/js/release/async.js.Async._drainQueues (https://multicloud-console.apps.ocp4-acm24-azgov-01.qemag.azure.devcluster.openshift.com/__cypress/runner/cypress_runner.js:7928:5)\n    at Async.drainQueues (https://multicloud-console.apps.ocp4-acm24-azgov-01.qemag.azure.devcluster.openshift.com/__cypress/runner/cypress_runner.js:7798:14)\nFrom Your Spec Code:\n    at Object.login (https://multicloud-console.apps.ocp4-acm24-azgov-01.qemag.azure.devcluster.openshift.com/__cypress/tests?p=tests/cypress/support/index.js:8108:8)\n    at Context.eval (https://multicloud-console.apps.ocp4-acm24-azgov-01.qemag.azure.devcluster.openshift.com/__cypress/tests?p=tests/cypress/support/index.js:8371:24)",
                "diff": null
              },
              "uuid": "88c49edd-e98a-4c83-af38-a693712aac13",
              "parentUUID": null,
              "isHook": false,
              "skipped": false
            }
          ],
          "suites": [],
          "passes": [],
          "failures": [
            "88c49edd-e98a-4c83-af38-a693712aac13"
          ],
          "pending": [],
          "skipped": [],
          "duration": 3503,
          "root": false,
          "rootEmpty": false,
          "_timeout": 2000
        }
      ],
      "passes": [],
      "failures": [],
      "pending": [],
      "skipped": [],
      "duration": 0,
      "root": true,
      "rootEmpty": true,
      "_timeout": 2000
    }
  ],
  "meta": {
    "mocha": {
      "version": "7.0.1"
    },
    "mochawesome": {
      "options": {
        "quiet": false,
        "reportFilename": "mochawesome-report.json",
        "saveHtml": false,
        "saveJson": true,
        "consoleReporter": "spec",
        "useInlineDiffs": false,
        "code": true
      },
      "version": "6.3.0"
    },
    "marge": {
      "options": {
        "id": "default",
        "reportDir": "cypress/results/json",
        "reportFilename": "mochawesome-report.json",
        "overwrite": false,
        "html": false,
        "json": true
      },
      "version": "5.2.0"
    }
  }
}