{
  "stats": {
    "suites": 4,
    "tests": 3,
    "passes": 0,
    "pending": 6,
    "failures": -3,
    "start": "2021-12-08T18:40:52.616Z",
    "end": "2021-12-08T18:40:57.062Z",
    "duration": 4446,
    "testsRegistered": 6,
    "passPercent": null,
    "pendingPercent": 100,
    "other": 3,
    "hasOther": true,
    "skipped": 0,
    "hasSkipped": false
  },
  "results": [
    {
      "uuid": "1ed446bc-c386-4d31-aba5-25aaf6556669",
      "title": "",
      "fullFile": "tests/cypress/tests/10-suggested/01-suggested-searches.spec.js",
      "file": "tests/cypress/tests/10-suggested/01-suggested-searches.spec.js",
      "beforeHooks": [],
      "afterHooks": [],
      "tests": [],
      "suites": [
        {
          "uuid": "1272da72-ad47-46cf-b832-ed89899efa45",
          "title": "RHACM4K-411: Search: Verify the suggested search templates",
          "fullFile": "",
          "file": "",
          "beforeHooks": [],
          "afterHooks": [],
          "tests": [],
          "suites": [
            {
              "uuid": "9c4419a4-0a39-4111-af5c-6186d91c4833",
              "title": "prereq: user should log into the ACM console",
              "fullFile": "",
              "file": "",
              "beforeHooks": [],
              "afterHooks": [],
              "tests": [
                {
                  "title": "[P1][Sev1][observability-usa] should login",
                  "fullTitle": "RHACM4K-411: Search: Verify the suggested search templates prereq: user should log into the ACM console [P1][Sev1][observability-usa] should login",
                  "timedOut": null,
                  "duration": 0,
                  "state": "pending",
                  "speed": null,
                  "pass": false,
                  "fail": false,
                  "pending": true,
                  "context": null,
                  "code": "",
                  "err": {},
                  "uuid": "dbabe238-7068-46c7-b878-6fbe06bfc2c4",
                  "parentUUID": "9c4419a4-0a39-4111-af5c-6186d91c4833",
                  "isHook": false,
                  "skipped": false
                }
              ],
              "suites": [],
              "passes": [],
              "failures": [],
              "pending": [
                "dbabe238-7068-46c7-b878-6fbe06bfc2c4"
              ],
              "skipped": [],
              "duration": 0,
              "root": false,
              "rootEmpty": false,
              "_timeout": 2000
            },
            {
              "uuid": "ea98ef7b-956e-4c34-bb79-241431d927bf",
              "title": "verify: overview page link to search page",
              "fullFile": "",
              "file": "",
              "beforeHooks": [],
              "afterHooks": [],
              "tests": [
                {
                  "title": "[P3][Sev3][observability-usa] should load the overview page",
                  "fullTitle": "RHACM4K-411: Search: Verify the suggested search templates verify: overview page link to search page [P3][Sev3][observability-usa] should load the overview page",
                  "timedOut": null,
                  "duration": 0,
                  "state": "pending",
                  "speed": null,
                  "pass": false,
                  "fail": false,
                  "pending": true,
                  "context": null,
                  "code": "",
                  "err": {},
                  "uuid": "b7489070-d7ae-47a8-a5d5-0e87159a9c3f",
                  "parentUUID": "ea98ef7b-956e-4c34-bb79-241431d927bf",
                  "isHook": false,
                  "skipped": false
                },
                {
                  "title": "[P3][Sev3][observability-usa] should navigate to Search page by clicking the search icon on the top right corner of the ACM console",
                  "fullTitle": "RHACM4K-411: Search: Verify the suggested search templates verify: overview page link to search page [P3][Sev3][observability-usa] should navigate to Search page by clicking the search icon on the top right corner of the ACM console",
                  "timedOut": null,
                  "duration": 0,
                  "state": "pending",
                  "speed": null,
                  "pass": false,
                  "fail": false,
                  "pending": true,
                  "context": null,
                  "code": "",
                  "err": {},
                  "uuid": "b1a23586-3559-469b-bd10-63735f642073",
                  "parentUUID": "ea98ef7b-956e-4c34-bb79-241431d927bf",
                  "isHook": false,
                  "skipped": false
                }
              ],
              "suites": [],
              "passes": [],
              "failures": [],
              "pending": [
                "b7489070-d7ae-47a8-a5d5-0e87159a9c3f",
                "b1a23586-3559-469b-bd10-63735f642073"
              ],
              "skipped": [],
              "duration": 0,
              "root": false,
              "rootEmpty": false,
              "_timeout": 2000
            },
            {
              "uuid": "0d074ddf-e91e-40c8-8abe-7cd05a798fc1",
              "title": "verify: search page suggested search queries",
              "fullFile": "",
              "file": "",
              "beforeHooks": [],
              "afterHooks": [],
              "tests": [
                {
                  "title": "[P3][Sev3][observability-usa] should see the workloads template & search tag in search items",
                  "fullTitle": "RHACM4K-411: Search: Verify the suggested search templates verify: search page suggested search queries [P3][Sev3][observability-usa] should see the workloads template & search tag in search items",
                  "timedOut": null,
                  "duration": 0,
                  "state": "pending",
                  "speed": null,
                  "pass": false,
                  "fail": false,
                  "pending": true,
                  "context": null,
                  "code": "",
                  "err": {},
                  "uuid": "b3951ff5-2d19-4c2c-b248-0c8701c06fa6",
                  "parentUUID": "0d074ddf-e91e-40c8-8abe-7cd05a798fc1",
                  "isHook": false,
                  "skipped": false
                },
                {
                  "title": "[P3][Sev3][observability-usa] should see the unhealthy pods template & search tag in search items",
                  "fullTitle": "RHACM4K-411: Search: Verify the suggested search templates verify: search page suggested search queries [P3][Sev3][observability-usa] should see the unhealthy pods template & search tag in search items",
                  "timedOut": null,
                  "duration": 0,
                  "state": "pending",
                  "speed": null,
                  "pass": false,
                  "fail": false,
                  "pending": true,
                  "context": null,
                  "code": "",
                  "err": {},
                  "uuid": "04b80c70-5fee-461c-bd2c-95186777d5b7",
                  "parentUUID": "0d074ddf-e91e-40c8-8abe-7cd05a798fc1",
                  "isHook": false,
                  "skipped": false
                },
                {
                  "title": "[P3][Sev3][observability-usa] should see the created last hour template & search tag in search items",
                  "fullTitle": "RHACM4K-411: Search: Verify the suggested search templates verify: search page suggested search queries [P3][Sev3][observability-usa] should see the created last hour template & search tag in search items",
                  "timedOut": null,
                  "duration": 0,
                  "state": "pending",
                  "speed": null,
                  "pass": false,
                  "fail": false,
                  "pending": true,
                  "context": null,
                  "code": "",
                  "err": {},
                  "uuid": "d4c542f7-73a8-4dba-b795-aa68edc07bc8",
                  "parentUUID": "0d074ddf-e91e-40c8-8abe-7cd05a798fc1",
                  "isHook": false,
                  "skipped": false
                }
              ],
              "suites": [],
              "passes": [],
              "failures": [],
              "pending": [
                "b3951ff5-2d19-4c2c-b248-0c8701c06fa6",
                "04b80c70-5fee-461c-bd2c-95186777d5b7",
                "d4c542f7-73a8-4dba-b795-aa68edc07bc8"
              ],
              "skipped": [],
              "duration": 0,
              "root": false,
              "rootEmpty": false,
              "_timeout": 2000
            }
          ],
          "passes": [],
          "failures": [],
          "pending": [],
          "skipped": [],
          "duration": 0,
          "root": false,
          "rootEmpty": false,
          "_timeout": 2000
        }
      ],
      "passes": [],
      "failures": [],
      "pending": [],
      "skipped": [],
      "duration": 0,
      "root": true,
      "rootEmpty": true,
      "_timeout": 2000
    }
  ],
  "meta": {
    "mocha": {
      "version": "7.0.1"
    },
    "mochawesome": {
      "options": {
        "quiet": false,
        "reportFilename": "mochawesome-report.json",
        "saveHtml": false,
        "saveJson": true,
        "consoleReporter": "spec",
        "useInlineDiffs": false,
        "code": true
      },
      "version": "6.3.0"
    },
    "marge": {
      "options": {
        "id": "default",
        "reportDir": "cypress/results/json",
        "reportFilename": "mochawesome-report.json",
        "overwrite": false,
        "html": false,
        "json": true
      },
      "version": "5.2.0"
    }
  }
}