{
  "stats": {
    "suites": 3,
    "tests": 2,
    "passes": 0,
    "pending": 6,
    "failures": -4,
    "start": "2021-12-08T18:40:16.209Z",
    "end": "2021-12-08T18:40:21.323Z",
    "duration": 5114,
    "testsRegistered": 6,
    "passPercent": null,
    "pendingPercent": 100,
    "other": 4,
    "hasOther": true,
    "skipped": 0,
    "hasSkipped": false
  },
  "results": [
    {
      "uuid": "37515807-4c06-46ed-a076-37d7b1ff326e",
      "title": "",
      "fullFile": "tests/cypress/tests/06-filter/01-filters.spec.js",
      "file": "tests/cypress/tests/06-filter/01-filters.spec.js",
      "beforeHooks": [],
      "afterHooks": [],
      "tests": [],
      "suites": [
        {
          "uuid": "43abe208-3282-400b-8bc5-62fbcc76616b",
          "title": "RHACM4K-537: Search: Search using filters",
          "fullFile": "",
          "file": "",
          "beforeHooks": [],
          "afterHooks": [],
          "tests": [],
          "suites": [
            {
              "uuid": "6aabfd88-8d49-46e3-9c9f-23255463184a",
              "title": "prereq: user should log into the ACM console",
              "fullFile": "",
              "file": "",
              "beforeHooks": [],
              "afterHooks": [],
              "tests": [
                {
                  "title": "[P1][Sev1][observability-usa] should login",
                  "fullTitle": "RHACM4K-537: Search: Search using filters prereq: user should log into the ACM console [P1][Sev1][observability-usa] should login",
                  "timedOut": null,
                  "duration": 0,
                  "state": "pending",
                  "speed": null,
                  "pass": false,
                  "fail": false,
                  "pending": true,
                  "context": null,
                  "code": "",
                  "err": {},
                  "uuid": "5a6fd856-e5b7-4466-b14a-e2edb49911ba",
                  "parentUUID": "6aabfd88-8d49-46e3-9c9f-23255463184a",
                  "isHook": false,
                  "skipped": false
                }
              ],
              "suites": [],
              "passes": [],
              "failures": [],
              "pending": [
                "5a6fd856-e5b7-4466-b14a-e2edb49911ba"
              ],
              "skipped": [],
              "duration": 0,
              "root": false,
              "rootEmpty": false,
              "_timeout": 2000
            },
            {
              "uuid": "f8ce6464-d93d-493b-a043-d4e427aa3f47",
              "title": "verify: broad spectrum of search result",
              "fullFile": "",
              "file": "",
              "beforeHooks": [],
              "afterHooks": [],
              "tests": [
                {
                  "title": "[P1][Sev1][observability-usa] Search using \"name\" filter",
                  "fullTitle": "RHACM4K-537: Search: Search using filters verify: broad spectrum of search result [P1][Sev1][observability-usa] Search using \"name\" filter",
                  "timedOut": null,
                  "duration": 0,
                  "state": "pending",
                  "speed": null,
                  "pass": false,
                  "fail": false,
                  "pending": true,
                  "context": null,
                  "code": "",
                  "err": {},
                  "uuid": "e8f4c1dd-e09b-4baf-a100-c7086eb7fa8f",
                  "parentUUID": "f8ce6464-d93d-493b-a043-d4e427aa3f47",
                  "isHook": false,
                  "skipped": false
                },
                {
                  "title": "[P1][Sev1][observability-usa] Search using \"label\" filter",
                  "fullTitle": "RHACM4K-537: Search: Search using filters verify: broad spectrum of search result [P1][Sev1][observability-usa] Search using \"label\" filter",
                  "timedOut": null,
                  "duration": 0,
                  "state": "pending",
                  "speed": null,
                  "pass": false,
                  "fail": false,
                  "pending": true,
                  "context": null,
                  "code": "",
                  "err": {},
                  "uuid": "6dd3de52-08d0-4c69-b392-3e8b916f5c71",
                  "parentUUID": "f8ce6464-d93d-493b-a043-d4e427aa3f47",
                  "isHook": false,
                  "skipped": false
                },
                {
                  "title": "[P1][Sev1][observability-usa] Search using \"kind\" filter",
                  "fullTitle": "RHACM4K-537: Search: Search using filters verify: broad spectrum of search result [P1][Sev1][observability-usa] Search using \"kind\" filter",
                  "timedOut": null,
                  "duration": 0,
                  "state": "pending",
                  "speed": null,
                  "pass": false,
                  "fail": false,
                  "pending": true,
                  "context": null,
                  "code": "",
                  "err": {},
                  "uuid": "6510b0f1-3842-428b-a673-fc7e3c63c866",
                  "parentUUID": "f8ce6464-d93d-493b-a043-d4e427aa3f47",
                  "isHook": false,
                  "skipped": false
                },
                {
                  "title": "[P1][Sev1][observability-usa] Search using \"role\" filter",
                  "fullTitle": "RHACM4K-537: Search: Search using filters verify: broad spectrum of search result [P1][Sev1][observability-usa] Search using \"role\" filter",
                  "timedOut": null,
                  "duration": 0,
                  "state": "pending",
                  "speed": null,
                  "pass": false,
                  "fail": false,
                  "pending": true,
                  "context": null,
                  "code": "",
                  "err": {},
                  "uuid": "85acf637-4734-4d43-8b6f-7c504b4ad26f",
                  "parentUUID": "f8ce6464-d93d-493b-a043-d4e427aa3f47",
                  "isHook": false,
                  "skipped": false
                },
                {
                  "title": "[P1][Sev1][observability-usa] Search using \"status\" filter",
                  "fullTitle": "RHACM4K-537: Search: Search using filters verify: broad spectrum of search result [P1][Sev1][observability-usa] Search using \"status\" filter",
                  "timedOut": null,
                  "duration": 0,
                  "state": "pending",
                  "speed": null,
                  "pass": false,
                  "fail": false,
                  "pending": true,
                  "context": null,
                  "code": "",
                  "err": {},
                  "uuid": "c64d8b30-9fad-4753-99bf-4c28f7d5f9f9",
                  "parentUUID": "f8ce6464-d93d-493b-a043-d4e427aa3f47",
                  "isHook": false,
                  "skipped": false
                }
              ],
              "suites": [],
              "passes": [],
              "failures": [],
              "pending": [
                "e8f4c1dd-e09b-4baf-a100-c7086eb7fa8f",
                "6dd3de52-08d0-4c69-b392-3e8b916f5c71",
                "6510b0f1-3842-428b-a673-fc7e3c63c866",
                "85acf637-4734-4d43-8b6f-7c504b4ad26f",
                "c64d8b30-9fad-4753-99bf-4c28f7d5f9f9"
              ],
              "skipped": [],
              "duration": 0,
              "root": false,
              "rootEmpty": false,
              "_timeout": 2000
            }
          ],
          "passes": [],
          "failures": [],
          "pending": [],
          "skipped": [],
          "duration": 0,
          "root": false,
          "rootEmpty": false,
          "_timeout": 2000
        }
      ],
      "passes": [],
      "failures": [],
      "pending": [],
      "skipped": [],
      "duration": 0,
      "root": true,
      "rootEmpty": true,
      "_timeout": 2000
    }
  ],
  "meta": {
    "mocha": {
      "version": "7.0.1"
    },
    "mochawesome": {
      "options": {
        "quiet": false,
        "reportFilename": "mochawesome-report.json",
        "saveHtml": false,
        "saveJson": true,
        "consoleReporter": "spec",
        "useInlineDiffs": false,
        "code": true
      },
      "version": "6.3.0"
    },
    "marge": {
      "options": {
        "id": "default",
        "reportDir": "cypress/results/json",
        "reportFilename": "mochawesome-report.json",
        "overwrite": false,
        "html": false,
        "json": true
      },
      "version": "5.2.0"
    }
  }
}