{
  "stats": {
    "suites": 4,
    "tests": 2,
    "passes": 0,
    "pending": 6,
    "failures": -4,
    "start": "2021-12-08T18:25:01.303Z",
    "end": "2021-12-08T18:25:07.470Z",
    "duration": 6167,
    "testsRegistered": 6,
    "passPercent": null,
    "pendingPercent": 100,
    "other": 4,
    "hasOther": true,
    "skipped": 0,
    "hasSkipped": false
  },
  "results": [
    {
      "uuid": "8b43f2b8-fe35-4ed1-b193-ef612c7b31fa",
      "title": "",
      "fullFile": "tests/cypress/tests/02-search/02-pod-logs.spec.js",
      "file": "tests/cypress/tests/02-search/02-pod-logs.spec.js",
      "beforeHooks": [],
      "afterHooks": [],
      "tests": [],
      "suites": [
        {
          "uuid": "c9b428a8-fcdd-4062-91e9-fe866af2d2ac",
          "title": "Search: Create resource in Local Cluster",
          "fullFile": "",
          "file": "",
          "beforeHooks": [],
          "afterHooks": [],
          "tests": [],
          "suites": [
            {
              "uuid": "6e887a00-c206-4eac-8b39-8b63a1766c10",
              "title": "prereq: create resource with oc command",
              "fullFile": "",
              "file": "",
              "beforeHooks": [],
              "afterHooks": [],
              "tests": [
                {
                  "title": "[P1][Sev1][observability-usa] should log into local cluster",
                  "fullTitle": "Search: Create resource in Local Cluster prereq: create resource with oc command [P1][Sev1][observability-usa] should log into local cluster",
                  "timedOut": null,
                  "duration": 0,
                  "state": "pending",
                  "speed": null,
                  "pass": false,
                  "fail": false,
                  "pending": true,
                  "context": null,
                  "code": "",
                  "err": {},
                  "uuid": "7ab8817f-5d28-46ac-9841-c796f0677549",
                  "parentUUID": "6e887a00-c206-4eac-8b39-8b63a1766c10",
                  "isHook": false,
                  "skipped": false
                },
                {
                  "title": "[P1][Sev1][observability-usa] should create namespace resource",
                  "fullTitle": "Search: Create resource in Local Cluster prereq: create resource with oc command [P1][Sev1][observability-usa] should create namespace resource",
                  "timedOut": null,
                  "duration": 0,
                  "state": "pending",
                  "speed": null,
                  "pass": false,
                  "fail": false,
                  "pending": true,
                  "context": null,
                  "code": "",
                  "err": {},
                  "uuid": "23eed922-6a01-484f-aced-1dce21ae54c7",
                  "parentUUID": "6e887a00-c206-4eac-8b39-8b63a1766c10",
                  "isHook": false,
                  "skipped": false
                },
                {
                  "title": "[P1][Sev1][observability-usa] should create deployment resource",
                  "fullTitle": "Search: Create resource in Local Cluster prereq: create resource with oc command [P1][Sev1][observability-usa] should create deployment resource",
                  "timedOut": null,
                  "duration": 0,
                  "state": "pending",
                  "speed": null,
                  "pass": false,
                  "fail": false,
                  "pending": true,
                  "context": null,
                  "code": "",
                  "err": {},
                  "uuid": "d2260981-476b-4a5b-a60c-09a59d46a658",
                  "parentUUID": "6e887a00-c206-4eac-8b39-8b63a1766c10",
                  "isHook": false,
                  "skipped": false
                }
              ],
              "suites": [],
              "passes": [],
              "failures": [],
              "pending": [
                "7ab8817f-5d28-46ac-9841-c796f0677549",
                "23eed922-6a01-484f-aced-1dce21ae54c7",
                "d2260981-476b-4a5b-a60c-09a59d46a658"
              ],
              "skipped": [],
              "duration": 0,
              "root": false,
              "rootEmpty": false,
              "_timeout": 2000
            }
          ],
          "passes": [],
          "failures": [],
          "pending": [],
          "skipped": [],
          "duration": 0,
          "root": false,
          "rootEmpty": false,
          "_timeout": 2000
        },
        {
          "uuid": "afa4a415-36aa-491e-b58b-9f3a769e46ac",
          "title": "Search: Create resource in Managed Cluster",
          "fullFile": "",
          "file": "",
          "beforeHooks": [],
          "afterHooks": [],
          "tests": [],
          "suites": [
            {
              "uuid": "f8f02737-24bf-4f0d-b735-3e4d9055de6b",
              "title": "prereq: create resource with oc command",
              "fullFile": "",
              "file": "",
              "beforeHooks": [],
              "afterHooks": [],
              "tests": [
                {
                  "title": "[P1][Sev1][observability-usa] should log into managed cluster",
                  "fullTitle": "Search: Create resource in Managed Cluster prereq: create resource with oc command [P1][Sev1][observability-usa] should log into managed cluster",
                  "timedOut": null,
                  "duration": 0,
                  "state": "pending",
                  "speed": null,
                  "pass": false,
                  "fail": false,
                  "pending": true,
                  "context": null,
                  "code": "",
                  "err": {},
                  "uuid": "a1c26c7d-e8b3-4ff2-a074-48241813e453",
                  "parentUUID": "f8f02737-24bf-4f0d-b735-3e4d9055de6b",
                  "isHook": false,
                  "skipped": false
                },
                {
                  "title": "[P1][Sev1][observability-usa] should create namespace resource",
                  "fullTitle": "Search: Create resource in Managed Cluster prereq: create resource with oc command [P1][Sev1][observability-usa] should create namespace resource",
                  "timedOut": null,
                  "duration": 0,
                  "state": "pending",
                  "speed": null,
                  "pass": false,
                  "fail": false,
                  "pending": true,
                  "context": null,
                  "code": "",
                  "err": {},
                  "uuid": "5499fc74-8e5a-4d96-af17-719fda5708b0",
                  "parentUUID": "f8f02737-24bf-4f0d-b735-3e4d9055de6b",
                  "isHook": false,
                  "skipped": false
                },
                {
                  "title": "[P1][Sev1][observability-usa] should create deployment resource",
                  "fullTitle": "Search: Create resource in Managed Cluster prereq: create resource with oc command [P1][Sev1][observability-usa] should create deployment resource",
                  "timedOut": null,
                  "duration": 0,
                  "state": "pending",
                  "speed": null,
                  "pass": false,
                  "fail": false,
                  "pending": true,
                  "context": null,
                  "code": "",
                  "err": {},
                  "uuid": "2bdf466f-ff36-4c54-9044-d7ce427ed276",
                  "parentUUID": "f8f02737-24bf-4f0d-b735-3e4d9055de6b",
                  "isHook": false,
                  "skipped": false
                }
              ],
              "suites": [],
              "passes": [],
              "failures": [],
              "pending": [
                "a1c26c7d-e8b3-4ff2-a074-48241813e453",
                "5499fc74-8e5a-4d96-af17-719fda5708b0",
                "2bdf466f-ff36-4c54-9044-d7ce427ed276"
              ],
              "skipped": [],
              "duration": 0,
              "root": false,
              "rootEmpty": false,
              "_timeout": 2000
            }
          ],
          "passes": [],
          "failures": [],
          "pending": [],
          "skipped": [],
          "duration": 0,
          "root": false,
          "rootEmpty": false,
          "_timeout": 2000
        }
      ],
      "passes": [],
      "failures": [],
      "pending": [],
      "skipped": [],
      "duration": 0,
      "root": true,
      "rootEmpty": true,
      "_timeout": 2000
    }
  ],
  "meta": {
    "mocha": {
      "version": "7.0.1"
    },
    "mochawesome": {
      "options": {
        "quiet": false,
        "reportFilename": "mochawesome-report.json",
        "saveHtml": false,
        "saveJson": true,
        "consoleReporter": "spec",
        "useInlineDiffs": false,
        "code": true
      },
      "version": "6.3.0"
    },
    "marge": {
      "options": {
        "id": "default",
        "reportDir": "cypress/results/json",
        "reportFilename": "mochawesome-report.json",
        "overwrite": false,
        "html": false,
        "json": true
      },
      "version": "5.2.0"
    }
  }
}