{
  "stats": {
    "suites": 9,
    "tests": 5,
    "passes": 0,
    "pending": 15,
    "failures": -10,
    "start": "2021-12-08T18:32:19.919Z",
    "end": "2021-12-08T18:32:30.176Z",
    "duration": 10257,
    "testsRegistered": 15,
    "passPercent": null,
    "pendingPercent": 100,
    "other": 11,
    "hasOther": true,
    "skipped": 0,
    "hasSkipped": false
  },
  "results": [
    {
      "uuid": "dfc63ba3-5b27-4d0c-930f-397efcd7c13b",
      "title": "",
      "fullFile": "tests/cypress/tests/02-search/01-search.spec.js",
      "file": "tests/cypress/tests/02-search/01-search.spec.js",
      "beforeHooks": [],
      "afterHooks": [],
      "tests": [],
      "suites": [
        {
          "uuid": "b47e8cba-c5f7-44be-97c5-3e38d0481bb6",
          "title": "Search: Create resource in Local Cluster",
          "fullFile": "",
          "file": "",
          "beforeHooks": [],
          "afterHooks": [],
          "tests": [],
          "suites": [
            {
              "uuid": "21135822-afbb-4829-a2dc-8f690bf87fc0",
              "title": "prereq: create resource with oc command",
              "fullFile": "",
              "file": "",
              "beforeHooks": [],
              "afterHooks": [],
              "tests": [
                {
                  "title": "[P1][Sev1][observability-usa] should log into local cluster",
                  "fullTitle": "Search: Create resource in Local Cluster prereq: create resource with oc command [P1][Sev1][observability-usa] should log into local cluster",
                  "timedOut": null,
                  "duration": 0,
                  "state": "pending",
                  "speed": null,
                  "pass": false,
                  "fail": false,
                  "pending": true,
                  "context": null,
                  "code": "",
                  "err": {},
                  "uuid": "44f827fd-3c47-4b3d-85fc-6ca2d2eba6af",
                  "parentUUID": "21135822-afbb-4829-a2dc-8f690bf87fc0",
                  "isHook": false,
                  "skipped": false
                },
                {
                  "title": "[P1][Sev1][observability-usa] should create namespace resource",
                  "fullTitle": "Search: Create resource in Local Cluster prereq: create resource with oc command [P1][Sev1][observability-usa] should create namespace resource",
                  "timedOut": null,
                  "duration": 0,
                  "state": "pending",
                  "speed": null,
                  "pass": false,
                  "fail": false,
                  "pending": true,
                  "context": null,
                  "code": "",
                  "err": {},
                  "uuid": "a719f57c-2647-4cda-a1be-649affca8f47",
                  "parentUUID": "21135822-afbb-4829-a2dc-8f690bf87fc0",
                  "isHook": false,
                  "skipped": false
                },
                {
                  "title": "[P1][Sev1][observability-usa] should create deployment resource",
                  "fullTitle": "Search: Create resource in Local Cluster prereq: create resource with oc command [P1][Sev1][observability-usa] should create deployment resource",
                  "timedOut": null,
                  "duration": 0,
                  "state": "pending",
                  "speed": null,
                  "pass": false,
                  "fail": false,
                  "pending": true,
                  "context": null,
                  "code": "",
                  "err": {},
                  "uuid": "d982f1fb-d061-4d58-9603-daf6b919e2d0",
                  "parentUUID": "21135822-afbb-4829-a2dc-8f690bf87fc0",
                  "isHook": false,
                  "skipped": false
                }
              ],
              "suites": [],
              "passes": [],
              "failures": [],
              "pending": [
                "44f827fd-3c47-4b3d-85fc-6ca2d2eba6af",
                "a719f57c-2647-4cda-a1be-649affca8f47",
                "d982f1fb-d061-4d58-9603-daf6b919e2d0"
              ],
              "skipped": [],
              "duration": 0,
              "root": false,
              "rootEmpty": false,
              "_timeout": 2000
            }
          ],
          "passes": [],
          "failures": [],
          "pending": [],
          "skipped": [],
          "duration": 0,
          "root": false,
          "rootEmpty": false,
          "_timeout": 2000
        },
        {
          "uuid": "9c01243b-3da9-49e5-a967-6dcb8fc0803b",
          "title": "Search: Create resource in Managed Cluster",
          "fullFile": "",
          "file": "",
          "beforeHooks": [],
          "afterHooks": [],
          "tests": [],
          "suites": [
            {
              "uuid": "86faa087-b42a-4300-a339-888ea520a9eb",
              "title": "prereq: create resource with oc command",
              "fullFile": "",
              "file": "",
              "beforeHooks": [],
              "afterHooks": [],
              "tests": [
                {
                  "title": "[P1][Sev1][observability-usa] should log into managed cluster",
                  "fullTitle": "Search: Create resource in Managed Cluster prereq: create resource with oc command [P1][Sev1][observability-usa] should log into managed cluster",
                  "timedOut": null,
                  "duration": 0,
                  "state": "pending",
                  "speed": null,
                  "pass": false,
                  "fail": false,
                  "pending": true,
                  "context": null,
                  "code": "",
                  "err": {},
                  "uuid": "940e60b7-6f39-4ac2-a85b-0635be37fc28",
                  "parentUUID": "86faa087-b42a-4300-a339-888ea520a9eb",
                  "isHook": false,
                  "skipped": false
                },
                {
                  "title": "[P1][Sev1][observability-usa] should create namespace resource",
                  "fullTitle": "Search: Create resource in Managed Cluster prereq: create resource with oc command [P1][Sev1][observability-usa] should create namespace resource",
                  "timedOut": null,
                  "duration": 0,
                  "state": "pending",
                  "speed": null,
                  "pass": false,
                  "fail": false,
                  "pending": true,
                  "context": null,
                  "code": "",
                  "err": {},
                  "uuid": "e32becd4-fbed-4f2d-9b9f-bb0d3dce67f3",
                  "parentUUID": "86faa087-b42a-4300-a339-888ea520a9eb",
                  "isHook": false,
                  "skipped": false
                },
                {
                  "title": "[P1][Sev1][observability-usa] should create deployment resource",
                  "fullTitle": "Search: Create resource in Managed Cluster prereq: create resource with oc command [P1][Sev1][observability-usa] should create deployment resource",
                  "timedOut": null,
                  "duration": 0,
                  "state": "pending",
                  "speed": null,
                  "pass": false,
                  "fail": false,
                  "pending": true,
                  "context": null,
                  "code": "",
                  "err": {},
                  "uuid": "6bf4c38b-07ed-4e71-a1cb-04bbef57d249",
                  "parentUUID": "86faa087-b42a-4300-a339-888ea520a9eb",
                  "isHook": false,
                  "skipped": false
                }
              ],
              "suites": [],
              "passes": [],
              "failures": [],
              "pending": [
                "940e60b7-6f39-4ac2-a85b-0635be37fc28",
                "e32becd4-fbed-4f2d-9b9f-bb0d3dce67f3",
                "6bf4c38b-07ed-4e71-a1cb-04bbef57d249"
              ],
              "skipped": [],
              "duration": 0,
              "root": false,
              "rootEmpty": false,
              "_timeout": 2000
            }
          ],
          "passes": [],
          "failures": [],
          "pending": [],
          "skipped": [],
          "duration": 0,
          "root": false,
          "rootEmpty": false,
          "_timeout": 2000
        },
        {
          "uuid": "a3eb57d1-b1e6-4ad6-af52-cd6419debe60",
          "title": "Search: Search in Local Cluster",
          "fullFile": "",
          "file": "",
          "beforeHooks": [],
          "afterHooks": [],
          "tests": [],
          "suites": [
            {
              "uuid": "0c2129ec-6109-4767-ac48-a322b8dc436f",
              "title": "prereq: user should log into the ACM console",
              "fullFile": "",
              "file": "",
              "beforeHooks": [],
              "afterHooks": [],
              "tests": [
                {
                  "title": "[P1][Sev1][observability-usa] should login",
                  "fullTitle": "Search: Search in Local Cluster prereq: user should log into the ACM console [P1][Sev1][observability-usa] should login",
                  "timedOut": null,
                  "duration": 0,
                  "state": "pending",
                  "speed": null,
                  "pass": false,
                  "fail": false,
                  "pending": true,
                  "context": null,
                  "code": "",
                  "err": {},
                  "uuid": "f6029dbc-27db-4d38-9ff8-ee946509ed97",
                  "parentUUID": "0c2129ec-6109-4767-ac48-a322b8dc436f",
                  "isHook": false,
                  "skipped": false
                }
              ],
              "suites": [],
              "passes": [],
              "failures": [],
              "pending": [
                "f6029dbc-27db-4d38-9ff8-ee946509ed97"
              ],
              "skipped": [],
              "duration": 0,
              "root": false,
              "rootEmpty": false,
              "_timeout": 2000
            },
            {
              "uuid": "7a5a12a7-bc87-419b-b4d9-6de7a96fda6e",
              "title": "search resources: verify resource exist after creation",
              "fullFile": "",
              "file": "",
              "beforeHooks": [],
              "afterHooks": [],
              "tests": [
                {
                  "title": "[P3][Sev3][observability-usa] should have expected count of relationships",
                  "fullTitle": "Search: Search in Local Cluster search resources: verify resource exist after creation [P3][Sev3][observability-usa] should have expected count of relationships",
                  "timedOut": null,
                  "duration": 0,
                  "state": "pending",
                  "speed": null,
                  "pass": false,
                  "fail": false,
                  "pending": true,
                  "context": null,
                  "code": "",
                  "err": {},
                  "uuid": "31765352-bd4a-4bdf-b85a-513390798f04",
                  "parentUUID": "7a5a12a7-bc87-419b-b4d9-6de7a96fda6e",
                  "isHook": false,
                  "skipped": false
                },
                {
                  "title": "[P1][Sev1][observability-usa] should work kind filter for deployment",
                  "fullTitle": "Search: Search in Local Cluster search resources: verify resource exist after creation [P1][Sev1][observability-usa] should work kind filter for deployment",
                  "timedOut": null,
                  "duration": 0,
                  "state": "pending",
                  "speed": null,
                  "pass": false,
                  "fail": false,
                  "pending": true,
                  "context": null,
                  "code": "",
                  "err": {},
                  "uuid": "56cb8de2-ff2a-4d31-b364-9b4d8b2d144e",
                  "parentUUID": "7a5a12a7-bc87-419b-b4d9-6de7a96fda6e",
                  "isHook": false,
                  "skipped": false
                },
                {
                  "title": "[P1][Sev1][observability-usa] should work kind filter for pod",
                  "fullTitle": "Search: Search in Local Cluster search resources: verify resource exist after creation [P1][Sev1][observability-usa] should work kind filter for pod",
                  "timedOut": null,
                  "duration": 0,
                  "state": "pending",
                  "speed": null,
                  "pass": false,
                  "fail": false,
                  "pending": true,
                  "context": null,
                  "code": "",
                  "err": {},
                  "uuid": "4e855cf3-c56e-4efa-802d-9394162a5c72",
                  "parentUUID": "7a5a12a7-bc87-419b-b4d9-6de7a96fda6e",
                  "isHook": false,
                  "skipped": false
                },
                {
                  "title": "[P2][Sev2][observability-usa] should see pod logs",
                  "fullTitle": "Search: Search in Local Cluster search resources: verify resource exist after creation [P2][Sev2][observability-usa] should see pod logs",
                  "timedOut": null,
                  "duration": 0,
                  "state": "pending",
                  "speed": null,
                  "pass": false,
                  "fail": false,
                  "pending": true,
                  "context": null,
                  "code": "",
                  "err": {},
                  "uuid": "db3dd30a-2956-4e98-ac89-e6d5b02c5f23",
                  "parentUUID": "7a5a12a7-bc87-419b-b4d9-6de7a96fda6e",
                  "isHook": false,
                  "skipped": false
                }
              ],
              "suites": [],
              "passes": [],
              "failures": [],
              "pending": [
                "31765352-bd4a-4bdf-b85a-513390798f04",
                "56cb8de2-ff2a-4d31-b364-9b4d8b2d144e",
                "4e855cf3-c56e-4efa-802d-9394162a5c72",
                "db3dd30a-2956-4e98-ac89-e6d5b02c5f23"
              ],
              "skipped": [],
              "duration": 0,
              "root": false,
              "rootEmpty": false,
              "_timeout": 2000
            }
          ],
          "passes": [],
          "failures": [],
          "pending": [],
          "skipped": [],
          "duration": 0,
          "root": false,
          "rootEmpty": false,
          "_timeout": 2000
        },
        {
          "uuid": "6f7cafef-e54a-4694-a5ee-14b81ce17ebd",
          "title": "Search: Search in Managed Cluster",
          "fullFile": "",
          "file": "",
          "beforeHooks": [],
          "afterHooks": [],
          "tests": [],
          "suites": [
            {
              "uuid": "3895d311-5cc6-4976-96b4-a756c7c34905",
              "title": "search resources: verify resource exist after creation",
              "fullFile": "",
              "file": "",
              "beforeHooks": [],
              "afterHooks": [],
              "tests": [
                {
                  "title": "[P3][Sev3][observability-usa] should have expected count of relationships",
                  "fullTitle": "Search: Search in Managed Cluster search resources: verify resource exist after creation [P3][Sev3][observability-usa] should have expected count of relationships",
                  "timedOut": null,
                  "duration": 0,
                  "state": "pending",
                  "speed": null,
                  "pass": false,
                  "fail": false,
                  "pending": true,
                  "context": null,
                  "code": "",
                  "err": {},
                  "uuid": "440ca1a9-2792-4a34-95f2-3d844f503108",
                  "parentUUID": "3895d311-5cc6-4976-96b4-a756c7c34905",
                  "isHook": false,
                  "skipped": false
                },
                {
                  "title": "[P1][Sev1][observability-usa] should work kind filter for deployment",
                  "fullTitle": "Search: Search in Managed Cluster search resources: verify resource exist after creation [P1][Sev1][observability-usa] should work kind filter for deployment",
                  "timedOut": null,
                  "duration": 0,
                  "state": "pending",
                  "speed": null,
                  "pass": false,
                  "fail": false,
                  "pending": true,
                  "context": null,
                  "code": "",
                  "err": {},
                  "uuid": "da0a66bb-0c90-4b96-87a0-79f7308f535a",
                  "parentUUID": "3895d311-5cc6-4976-96b4-a756c7c34905",
                  "isHook": false,
                  "skipped": false
                },
                {
                  "title": "[P1][Sev1][observability-usa] should work kind filter for pod",
                  "fullTitle": "Search: Search in Managed Cluster search resources: verify resource exist after creation [P1][Sev1][observability-usa] should work kind filter for pod",
                  "timedOut": null,
                  "duration": 0,
                  "state": "pending",
                  "speed": null,
                  "pass": false,
                  "fail": false,
                  "pending": true,
                  "context": null,
                  "code": "",
                  "err": {},
                  "uuid": "3e452023-b8ce-4621-bf55-8c6e23876cab",
                  "parentUUID": "3895d311-5cc6-4976-96b4-a756c7c34905",
                  "isHook": false,
                  "skipped": false
                },
                {
                  "title": "[P2][Sev2][observability-usa] should see pod logs",
                  "fullTitle": "Search: Search in Managed Cluster search resources: verify resource exist after creation [P2][Sev2][observability-usa] should see pod logs",
                  "timedOut": null,
                  "duration": 906,
                  "state": "failed",
                  "speed": null,
                  "pass": false,
                  "fail": true,
                  "pending": true,
                  "context": null,
                  "code": "",
                  "err": {
                    "message": "CypressError: `cy.exec('oc login --server=https://api.undefined:6443 -u kubeadmin -p undefined --insecure-skip-tls-verify')` failed because the command exited with a non-zero code.\n\nPass `{failOnNonZeroExit: false}` to ignore exit code failures.\n\nInformation about the failure:\nCode: 1\n\nStderr:\nerror: dial tcp: lookup api.undefined on 10.11.5.19:53: no such host - verify you have provided the correct host and port and that the server is currently running.\n\nhttps://on.cypress.io/exec\n\nBecause this error occurred during a `after all` hook we are skipping the remaining tests in the current suite: `Search: Search in Managed C...`",
                    "estack": "CypressError: `cy.exec('oc login --server=https://api.undefined:6443 -u kubeadmin -p undefined --insecure-skip-tls-verify')` failed because the command exited with a non-zero code.\n\nPass `{failOnNonZeroExit: false}` to ignore exit code failures.\n\nInformation about the failure:\nCode: 1\n\nStderr:\nerror: dial tcp: lookup api.undefined on 10.11.5.19:53: no such host - verify you have provided the correct host and port and that the server is currently running.\n\nhttps://on.cypress.io/exec\n\nBecause this error occurred during a `after all` hook we are skipping the remaining tests in the current suite: `Search: Search in Managed C...`\n    at https://multicloud-console.apps.ocp4-acm24-azgov-01.qemag.azure.devcluster.openshift.com/__cypress/runner/cypress_runner.js:154288:85\n    at tryCatcher (https://multicloud-console.apps.ocp4-acm24-azgov-01.qemag.azure.devcluster.openshift.com/__cypress/runner/cypress_runner.js:13212:23)\n    at Promise._settlePromiseFromHandler (https://multicloud-console.apps.ocp4-acm24-azgov-01.qemag.azure.devcluster.openshift.com/__cypress/runner/cypress_runner.js:11147:31)\n    at Promise._settlePromise (https://multicloud-console.apps.ocp4-acm24-azgov-01.qemag.azure.devcluster.openshift.com/__cypress/runner/cypress_runner.js:11204:18)\n    at Promise._settlePromise0 (https://multicloud-console.apps.ocp4-acm24-azgov-01.qemag.azure.devcluster.openshift.com/__cypress/runner/cypress_runner.js:11249:10)\n    at Promise._settlePromises (https://multicloud-console.apps.ocp4-acm24-azgov-01.qemag.azure.devcluster.openshift.com/__cypress/runner/cypress_runner.js:11329:18)\n    at _drainQueueStep (https://multicloud-console.apps.ocp4-acm24-azgov-01.qemag.azure.devcluster.openshift.com/__cypress/runner/cypress_runner.js:7919:12)\n    at _drainQueue (https://multicloud-console.apps.ocp4-acm24-azgov-01.qemag.azure.devcluster.openshift.com/__cypress/runner/cypress_runner.js:7912:9)\n    at Async.../../node_modules/bluebird/js/release/async.js.Async._drainQueues (https://multicloud-console.apps.ocp4-acm24-azgov-01.qemag.azure.devcluster.openshift.com/__cypress/runner/cypress_runner.js:7928:5)\n    at Async.drainQueues (https://multicloud-console.apps.ocp4-acm24-azgov-01.qemag.azure.devcluster.openshift.com/__cypress/runner/cypress_runner.js:7798:14)\nFrom Your Spec Code:\n    at Object.login (https://multicloud-console.apps.ocp4-acm24-azgov-01.qemag.azure.devcluster.openshift.com/__cypress/tests?p=tests/cypress/tests/02-search/01-search.spec.js:215:8)\n    at Context.eval (https://multicloud-console.apps.ocp4-acm24-azgov-01.qemag.azure.devcluster.openshift.com/__cypress/tests?p=tests/cypress/tests/02-search/01-search.spec.js:337:30)",
                    "diff": null
                  },
                  "uuid": "bb6d5b6e-4242-4214-8528-f62c4d5d3f75",
                  "parentUUID": "3895d311-5cc6-4976-96b4-a756c7c34905",
                  "isHook": false,
                  "skipped": false
                }
              ],
              "suites": [],
              "passes": [],
              "failures": [
                "bb6d5b6e-4242-4214-8528-f62c4d5d3f75"
              ],
              "pending": [
                "440ca1a9-2792-4a34-95f2-3d844f503108",
                "da0a66bb-0c90-4b96-87a0-79f7308f535a",
                "3e452023-b8ce-4621-bf55-8c6e23876cab",
                "bb6d5b6e-4242-4214-8528-f62c4d5d3f75"
              ],
              "skipped": [],
              "duration": 906,
              "root": false,
              "rootEmpty": false,
              "_timeout": 2000
            }
          ],
          "passes": [],
          "failures": [],
          "pending": [],
          "skipped": [],
          "duration": 0,
          "root": false,
          "rootEmpty": false,
          "_timeout": 2000
        }
      ],
      "passes": [],
      "failures": [],
      "pending": [],
      "skipped": [],
      "duration": 0,
      "root": true,
      "rootEmpty": true,
      "_timeout": 2000
    }
  ],
  "meta": {
    "mocha": {
      "version": "7.0.1"
    },
    "mochawesome": {
      "options": {
        "quiet": false,
        "reportFilename": "mochawesome-report.json",
        "saveHtml": false,
        "saveJson": true,
        "consoleReporter": "spec",
        "useInlineDiffs": false,
        "code": true
      },
      "version": "6.3.0"
    },
    "marge": {
      "options": {
        "id": "default",
        "reportDir": "cypress/results/json",
        "reportFilename": "mochawesome-report.json",
        "overwrite": false,
        "html": false,
        "json": true
      },
      "version": "5.2.0"
    }
  }
}