{
  "stats": {
    "suites": 4,
    "tests": 2,
    "passes": 0,
    "pending": 6,
    "failures": -4,
    "start": "2021-12-08T18:32:34.000Z",
    "end": "2021-12-08T18:32:38.601Z",
    "duration": 4601,
    "testsRegistered": 6,
    "passPercent": null,
    "pendingPercent": 100,
    "other": 4,
    "hasOther": true,
    "skipped": 0,
    "hasSkipped": false
  },
  "results": [
    {
      "uuid": "2fb7207f-5fa4-4c82-8dd6-dcc57aa536d9",
      "title": "",
      "fullFile": "tests/cypress/tests/02-search/02-pod-logs.spec.js",
      "file": "tests/cypress/tests/02-search/02-pod-logs.spec.js",
      "beforeHooks": [],
      "afterHooks": [],
      "tests": [],
      "suites": [
        {
          "uuid": "767a948d-de26-44aa-93aa-759d01270a13",
          "title": "Search: Create resource in Local Cluster",
          "fullFile": "",
          "file": "",
          "beforeHooks": [],
          "afterHooks": [],
          "tests": [],
          "suites": [
            {
              "uuid": "24268af9-1e26-4fbf-9f4c-e5abf772b2c0",
              "title": "prereq: create resource with oc command",
              "fullFile": "",
              "file": "",
              "beforeHooks": [],
              "afterHooks": [],
              "tests": [
                {
                  "title": "[P1][Sev1][observability-usa] should log into local cluster",
                  "fullTitle": "Search: Create resource in Local Cluster prereq: create resource with oc command [P1][Sev1][observability-usa] should log into local cluster",
                  "timedOut": null,
                  "duration": 0,
                  "state": "pending",
                  "speed": null,
                  "pass": false,
                  "fail": false,
                  "pending": true,
                  "context": null,
                  "code": "",
                  "err": {},
                  "uuid": "a9294e43-d661-414f-b215-7c8de6f537f8",
                  "parentUUID": "24268af9-1e26-4fbf-9f4c-e5abf772b2c0",
                  "isHook": false,
                  "skipped": false
                },
                {
                  "title": "[P1][Sev1][observability-usa] should create namespace resource",
                  "fullTitle": "Search: Create resource in Local Cluster prereq: create resource with oc command [P1][Sev1][observability-usa] should create namespace resource",
                  "timedOut": null,
                  "duration": 0,
                  "state": "pending",
                  "speed": null,
                  "pass": false,
                  "fail": false,
                  "pending": true,
                  "context": null,
                  "code": "",
                  "err": {},
                  "uuid": "7459524f-b537-4a6a-9f39-af1ececc97ad",
                  "parentUUID": "24268af9-1e26-4fbf-9f4c-e5abf772b2c0",
                  "isHook": false,
                  "skipped": false
                },
                {
                  "title": "[P1][Sev1][observability-usa] should create deployment resource",
                  "fullTitle": "Search: Create resource in Local Cluster prereq: create resource with oc command [P1][Sev1][observability-usa] should create deployment resource",
                  "timedOut": null,
                  "duration": 0,
                  "state": "pending",
                  "speed": null,
                  "pass": false,
                  "fail": false,
                  "pending": true,
                  "context": null,
                  "code": "",
                  "err": {},
                  "uuid": "ae6010d6-7cf1-42f6-aa09-d83bbe8c5cd2",
                  "parentUUID": "24268af9-1e26-4fbf-9f4c-e5abf772b2c0",
                  "isHook": false,
                  "skipped": false
                }
              ],
              "suites": [],
              "passes": [],
              "failures": [],
              "pending": [
                "a9294e43-d661-414f-b215-7c8de6f537f8",
                "7459524f-b537-4a6a-9f39-af1ececc97ad",
                "ae6010d6-7cf1-42f6-aa09-d83bbe8c5cd2"
              ],
              "skipped": [],
              "duration": 0,
              "root": false,
              "rootEmpty": false,
              "_timeout": 2000
            }
          ],
          "passes": [],
          "failures": [],
          "pending": [],
          "skipped": [],
          "duration": 0,
          "root": false,
          "rootEmpty": false,
          "_timeout": 2000
        },
        {
          "uuid": "33099d71-8218-4d8a-862b-19e0617ff75b",
          "title": "Search: Create resource in Managed Cluster",
          "fullFile": "",
          "file": "",
          "beforeHooks": [],
          "afterHooks": [],
          "tests": [],
          "suites": [
            {
              "uuid": "e00adfbd-fe80-4dcd-a906-ba814c4a4a2d",
              "title": "prereq: create resource with oc command",
              "fullFile": "",
              "file": "",
              "beforeHooks": [],
              "afterHooks": [],
              "tests": [
                {
                  "title": "[P1][Sev1][observability-usa] should log into managed cluster",
                  "fullTitle": "Search: Create resource in Managed Cluster prereq: create resource with oc command [P1][Sev1][observability-usa] should log into managed cluster",
                  "timedOut": null,
                  "duration": 0,
                  "state": "pending",
                  "speed": null,
                  "pass": false,
                  "fail": false,
                  "pending": true,
                  "context": null,
                  "code": "",
                  "err": {},
                  "uuid": "605ba696-97d2-4c62-bd91-d49e63246685",
                  "parentUUID": "e00adfbd-fe80-4dcd-a906-ba814c4a4a2d",
                  "isHook": false,
                  "skipped": false
                },
                {
                  "title": "[P1][Sev1][observability-usa] should create namespace resource",
                  "fullTitle": "Search: Create resource in Managed Cluster prereq: create resource with oc command [P1][Sev1][observability-usa] should create namespace resource",
                  "timedOut": null,
                  "duration": 0,
                  "state": "pending",
                  "speed": null,
                  "pass": false,
                  "fail": false,
                  "pending": true,
                  "context": null,
                  "code": "",
                  "err": {},
                  "uuid": "6cfc0b10-cebc-499c-a77f-2b4dc4de6f8b",
                  "parentUUID": "e00adfbd-fe80-4dcd-a906-ba814c4a4a2d",
                  "isHook": false,
                  "skipped": false
                },
                {
                  "title": "[P1][Sev1][observability-usa] should create deployment resource",
                  "fullTitle": "Search: Create resource in Managed Cluster prereq: create resource with oc command [P1][Sev1][observability-usa] should create deployment resource",
                  "timedOut": null,
                  "duration": 0,
                  "state": "pending",
                  "speed": null,
                  "pass": false,
                  "fail": false,
                  "pending": true,
                  "context": null,
                  "code": "",
                  "err": {},
                  "uuid": "1df5439b-5479-43ae-ae33-387e1152242f",
                  "parentUUID": "e00adfbd-fe80-4dcd-a906-ba814c4a4a2d",
                  "isHook": false,
                  "skipped": false
                }
              ],
              "suites": [],
              "passes": [],
              "failures": [],
              "pending": [
                "605ba696-97d2-4c62-bd91-d49e63246685",
                "6cfc0b10-cebc-499c-a77f-2b4dc4de6f8b",
                "1df5439b-5479-43ae-ae33-387e1152242f"
              ],
              "skipped": [],
              "duration": 0,
              "root": false,
              "rootEmpty": false,
              "_timeout": 2000
            }
          ],
          "passes": [],
          "failures": [],
          "pending": [],
          "skipped": [],
          "duration": 0,
          "root": false,
          "rootEmpty": false,
          "_timeout": 2000
        }
      ],
      "passes": [],
      "failures": [],
      "pending": [],
      "skipped": [],
      "duration": 0,
      "root": true,
      "rootEmpty": true,
      "_timeout": 2000
    }
  ],
  "meta": {
    "mocha": {
      "version": "7.0.1"
    },
    "mochawesome": {
      "options": {
        "quiet": false,
        "reportFilename": "mochawesome-report.json",
        "saveHtml": false,
        "saveJson": true,
        "consoleReporter": "spec",
        "useInlineDiffs": false,
        "code": true
      },
      "version": "6.3.0"
    },
    "marge": {
      "options": {
        "id": "default",
        "reportDir": "cypress/results/json",
        "reportFilename": "mochawesome-report.json",
        "overwrite": false,
        "html": false,
        "json": true
      },
      "version": "5.2.0"
    }
  }
}