{
  "stats": {
    "suites": 9,
    "tests": 5,
    "passes": 0,
    "pending": 15,
    "failures": -10,
    "start": "2021-12-08T18:40:00.750Z",
    "end": "2021-12-08T18:40:11.885Z",
    "duration": 11135,
    "testsRegistered": 15,
    "passPercent": null,
    "pendingPercent": 100,
    "other": 11,
    "hasOther": true,
    "skipped": 0,
    "hasSkipped": false
  },
  "results": [
    {
      "uuid": "80f51876-f269-423c-acdd-5767025d3846",
      "title": "",
      "fullFile": "tests/cypress/tests/05-delete/01-delete-resources.spec.js",
      "file": "tests/cypress/tests/05-delete/01-delete-resources.spec.js",
      "beforeHooks": [],
      "afterHooks": [],
      "tests": [],
      "suites": [
        {
          "uuid": "1892ab58-849a-4ba9-9f29-096afca653ec",
          "title": "Search: Create resource in Local Cluster",
          "fullFile": "",
          "file": "",
          "beforeHooks": [],
          "afterHooks": [],
          "tests": [],
          "suites": [
            {
              "uuid": "81e82dd7-8faf-47d3-af20-9a2cdd936c80",
              "title": "prereq: create resource with oc command",
              "fullFile": "",
              "file": "",
              "beforeHooks": [],
              "afterHooks": [],
              "tests": [
                {
                  "title": "[P1][Sev1][observability-usa] should log into local cluster",
                  "fullTitle": "Search: Create resource in Local Cluster prereq: create resource with oc command [P1][Sev1][observability-usa] should log into local cluster",
                  "timedOut": null,
                  "duration": 0,
                  "state": "pending",
                  "speed": null,
                  "pass": false,
                  "fail": false,
                  "pending": true,
                  "context": null,
                  "code": "",
                  "err": {},
                  "uuid": "d00e1ea8-d71e-43b5-8bb1-e71b47473dfd",
                  "parentUUID": "81e82dd7-8faf-47d3-af20-9a2cdd936c80",
                  "isHook": false,
                  "skipped": false
                },
                {
                  "title": "[P1][Sev1][observability-usa] should create namespace resource",
                  "fullTitle": "Search: Create resource in Local Cluster prereq: create resource with oc command [P1][Sev1][observability-usa] should create namespace resource",
                  "timedOut": null,
                  "duration": 0,
                  "state": "pending",
                  "speed": null,
                  "pass": false,
                  "fail": false,
                  "pending": true,
                  "context": null,
                  "code": "",
                  "err": {},
                  "uuid": "30793af3-6e2f-4806-8ab0-c9cd8b6496ae",
                  "parentUUID": "81e82dd7-8faf-47d3-af20-9a2cdd936c80",
                  "isHook": false,
                  "skipped": false
                },
                {
                  "title": "[P1][Sev1][observability-usa] should create deployment resource",
                  "fullTitle": "Search: Create resource in Local Cluster prereq: create resource with oc command [P1][Sev1][observability-usa] should create deployment resource",
                  "timedOut": null,
                  "duration": 0,
                  "state": "pending",
                  "speed": null,
                  "pass": false,
                  "fail": false,
                  "pending": true,
                  "context": null,
                  "code": "",
                  "err": {},
                  "uuid": "13d5ee7d-2a88-4a1a-ad0c-69e595e8e6f0",
                  "parentUUID": "81e82dd7-8faf-47d3-af20-9a2cdd936c80",
                  "isHook": false,
                  "skipped": false
                }
              ],
              "suites": [],
              "passes": [],
              "failures": [],
              "pending": [
                "d00e1ea8-d71e-43b5-8bb1-e71b47473dfd",
                "30793af3-6e2f-4806-8ab0-c9cd8b6496ae",
                "13d5ee7d-2a88-4a1a-ad0c-69e595e8e6f0"
              ],
              "skipped": [],
              "duration": 0,
              "root": false,
              "rootEmpty": false,
              "_timeout": 2000
            }
          ],
          "passes": [],
          "failures": [],
          "pending": [],
          "skipped": [],
          "duration": 0,
          "root": false,
          "rootEmpty": false,
          "_timeout": 2000
        },
        {
          "uuid": "35011cd5-03bc-423b-8bf1-69b1e7903732",
          "title": "Search: Create resource in Managed Cluster",
          "fullFile": "",
          "file": "",
          "beforeHooks": [],
          "afterHooks": [],
          "tests": [],
          "suites": [
            {
              "uuid": "188b104d-add7-4445-b095-968d44a39eda",
              "title": "prereq: create resource with oc command",
              "fullFile": "",
              "file": "",
              "beforeHooks": [],
              "afterHooks": [],
              "tests": [
                {
                  "title": "[P1][Sev1][observability-usa] should log into managed cluster",
                  "fullTitle": "Search: Create resource in Managed Cluster prereq: create resource with oc command [P1][Sev1][observability-usa] should log into managed cluster",
                  "timedOut": null,
                  "duration": 0,
                  "state": "pending",
                  "speed": null,
                  "pass": false,
                  "fail": false,
                  "pending": true,
                  "context": null,
                  "code": "",
                  "err": {},
                  "uuid": "fba4337d-8bb1-4318-896d-3c029607ea7e",
                  "parentUUID": "188b104d-add7-4445-b095-968d44a39eda",
                  "isHook": false,
                  "skipped": false
                },
                {
                  "title": "[P1][Sev1][observability-usa] should create namespace resource",
                  "fullTitle": "Search: Create resource in Managed Cluster prereq: create resource with oc command [P1][Sev1][observability-usa] should create namespace resource",
                  "timedOut": null,
                  "duration": 0,
                  "state": "pending",
                  "speed": null,
                  "pass": false,
                  "fail": false,
                  "pending": true,
                  "context": null,
                  "code": "",
                  "err": {},
                  "uuid": "49a99270-b2d0-4ee1-b584-56ce7b10731d",
                  "parentUUID": "188b104d-add7-4445-b095-968d44a39eda",
                  "isHook": false,
                  "skipped": false
                },
                {
                  "title": "[P1][Sev1][observability-usa] should create deployment resource",
                  "fullTitle": "Search: Create resource in Managed Cluster prereq: create resource with oc command [P1][Sev1][observability-usa] should create deployment resource",
                  "timedOut": null,
                  "duration": 0,
                  "state": "pending",
                  "speed": null,
                  "pass": false,
                  "fail": false,
                  "pending": true,
                  "context": null,
                  "code": "",
                  "err": {},
                  "uuid": "4ae474eb-e80e-43e8-8d95-a8d2a874ee61",
                  "parentUUID": "188b104d-add7-4445-b095-968d44a39eda",
                  "isHook": false,
                  "skipped": false
                }
              ],
              "suites": [],
              "passes": [],
              "failures": [],
              "pending": [
                "fba4337d-8bb1-4318-896d-3c029607ea7e",
                "49a99270-b2d0-4ee1-b584-56ce7b10731d",
                "4ae474eb-e80e-43e8-8d95-a8d2a874ee61"
              ],
              "skipped": [],
              "duration": 0,
              "root": false,
              "rootEmpty": false,
              "_timeout": 2000
            }
          ],
          "passes": [],
          "failures": [],
          "pending": [],
          "skipped": [],
          "duration": 0,
          "root": false,
          "rootEmpty": false,
          "_timeout": 2000
        },
        {
          "uuid": "d9100c5f-5f76-4d0a-975f-0058ca2eb4d2",
          "title": "RHACKM4K-726: Search: Search in Local Cluster",
          "fullFile": "",
          "file": "",
          "beforeHooks": [],
          "afterHooks": [],
          "tests": [],
          "suites": [
            {
              "uuid": "bff68d16-7d79-4aa4-b746-580470e44170",
              "title": "prereq: user should log into the ACM console",
              "fullFile": "",
              "file": "",
              "beforeHooks": [],
              "afterHooks": [],
              "tests": [
                {
                  "title": "[P1][Sev1][observability-usa] should login",
                  "fullTitle": "RHACKM4K-726: Search: Search in Local Cluster prereq: user should log into the ACM console [P1][Sev1][observability-usa] should login",
                  "timedOut": null,
                  "duration": 0,
                  "state": "pending",
                  "speed": null,
                  "pass": false,
                  "fail": false,
                  "pending": true,
                  "context": null,
                  "code": "",
                  "err": {},
                  "uuid": "9ed831eb-1221-40a5-969f-6380a41d565e",
                  "parentUUID": "bff68d16-7d79-4aa4-b746-580470e44170",
                  "isHook": false,
                  "skipped": false
                }
              ],
              "suites": [],
              "passes": [],
              "failures": [],
              "pending": [
                "9ed831eb-1221-40a5-969f-6380a41d565e"
              ],
              "skipped": [],
              "duration": 0,
              "root": false,
              "rootEmpty": false,
              "_timeout": 2000
            },
            {
              "uuid": "459b19d0-9eb2-47cf-af4c-fbab6cbfb3ab",
              "title": "search resource: verify delete function in search result",
              "fullFile": "",
              "file": "",
              "beforeHooks": [],
              "afterHooks": [],
              "tests": [
                {
                  "title": "[P2][Sev2][observability-usa] should delete deployment",
                  "fullTitle": "RHACKM4K-726: Search: Search in Local Cluster search resource: verify delete function in search result [P2][Sev2][observability-usa] should delete deployment",
                  "timedOut": null,
                  "duration": 0,
                  "state": "pending",
                  "speed": null,
                  "pass": false,
                  "fail": false,
                  "pending": true,
                  "context": null,
                  "code": "",
                  "err": {},
                  "uuid": "22becacf-6939-43e7-b8c8-b52f446f1ed0",
                  "parentUUID": "459b19d0-9eb2-47cf-af4c-fbab6cbfb3ab",
                  "isHook": false,
                  "skipped": false
                },
                {
                  "title": "[P2][Sev2][observability-usa] should validate deployment was deleted",
                  "fullTitle": "RHACKM4K-726: Search: Search in Local Cluster search resource: verify delete function in search result [P2][Sev2][observability-usa] should validate deployment was deleted",
                  "timedOut": null,
                  "duration": 0,
                  "state": "pending",
                  "speed": null,
                  "pass": false,
                  "fail": false,
                  "pending": true,
                  "context": null,
                  "code": "",
                  "err": {},
                  "uuid": "bdfc4efe-aee6-4144-8c65-0fbf3cc8d16e",
                  "parentUUID": "459b19d0-9eb2-47cf-af4c-fbab6cbfb3ab",
                  "isHook": false,
                  "skipped": false
                },
                {
                  "title": "[P2][Sev2][observability-usa] should delete namespace",
                  "fullTitle": "RHACKM4K-726: Search: Search in Local Cluster search resource: verify delete function in search result [P2][Sev2][observability-usa] should delete namespace",
                  "timedOut": null,
                  "duration": 0,
                  "state": "pending",
                  "speed": null,
                  "pass": false,
                  "fail": false,
                  "pending": true,
                  "context": null,
                  "code": "",
                  "err": {},
                  "uuid": "c319fd09-f089-4ac8-a4f5-d1a362a4a434",
                  "parentUUID": "459b19d0-9eb2-47cf-af4c-fbab6cbfb3ab",
                  "isHook": false,
                  "skipped": false
                },
                {
                  "title": "[P2][Sev2][observability-usa] should validate namespace was deleted",
                  "fullTitle": "RHACKM4K-726: Search: Search in Local Cluster search resource: verify delete function in search result [P2][Sev2][observability-usa] should validate namespace was deleted",
                  "timedOut": null,
                  "duration": 0,
                  "state": "pending",
                  "speed": null,
                  "pass": false,
                  "fail": false,
                  "pending": true,
                  "context": null,
                  "code": "",
                  "err": {},
                  "uuid": "f48c0f29-14a9-4ab7-8bce-05198d84441c",
                  "parentUUID": "459b19d0-9eb2-47cf-af4c-fbab6cbfb3ab",
                  "isHook": false,
                  "skipped": false
                }
              ],
              "suites": [],
              "passes": [],
              "failures": [],
              "pending": [
                "22becacf-6939-43e7-b8c8-b52f446f1ed0",
                "bdfc4efe-aee6-4144-8c65-0fbf3cc8d16e",
                "c319fd09-f089-4ac8-a4f5-d1a362a4a434",
                "f48c0f29-14a9-4ab7-8bce-05198d84441c"
              ],
              "skipped": [],
              "duration": 0,
              "root": false,
              "rootEmpty": false,
              "_timeout": 2000
            }
          ],
          "passes": [],
          "failures": [],
          "pending": [],
          "skipped": [],
          "duration": 0,
          "root": false,
          "rootEmpty": false,
          "_timeout": 2000
        },
        {
          "uuid": "5833f4bc-3fc9-471c-b40d-c25e48b02908",
          "title": "RHACKM4K-726: Search: Search in Managed Cluster",
          "fullFile": "",
          "file": "",
          "beforeHooks": [],
          "afterHooks": [],
          "tests": [],
          "suites": [
            {
              "uuid": "fefd1236-b046-4216-8e99-e1ced2171394",
              "title": "search resource: verify delete function in search result",
              "fullFile": "",
              "file": "",
              "beforeHooks": [],
              "afterHooks": [],
              "tests": [
                {
                  "title": "[P2][Sev2][observability-usa] should delete deployment",
                  "fullTitle": "RHACKM4K-726: Search: Search in Managed Cluster search resource: verify delete function in search result [P2][Sev2][observability-usa] should delete deployment",
                  "timedOut": null,
                  "duration": 0,
                  "state": "pending",
                  "speed": null,
                  "pass": false,
                  "fail": false,
                  "pending": true,
                  "context": null,
                  "code": "",
                  "err": {},
                  "uuid": "a61457df-c568-4b2e-a26d-f495d9054db9",
                  "parentUUID": "fefd1236-b046-4216-8e99-e1ced2171394",
                  "isHook": false,
                  "skipped": false
                },
                {
                  "title": "[P2][Sev2][observability-usa] should validate deployment was deleted",
                  "fullTitle": "RHACKM4K-726: Search: Search in Managed Cluster search resource: verify delete function in search result [P2][Sev2][observability-usa] should validate deployment was deleted",
                  "timedOut": null,
                  "duration": 0,
                  "state": "pending",
                  "speed": null,
                  "pass": false,
                  "fail": false,
                  "pending": true,
                  "context": null,
                  "code": "",
                  "err": {},
                  "uuid": "e20f851b-191b-4532-8fcf-34874f04d713",
                  "parentUUID": "fefd1236-b046-4216-8e99-e1ced2171394",
                  "isHook": false,
                  "skipped": false
                },
                {
                  "title": "[P2][Sev2][observability-usa] should delete namespace",
                  "fullTitle": "RHACKM4K-726: Search: Search in Managed Cluster search resource: verify delete function in search result [P2][Sev2][observability-usa] should delete namespace",
                  "timedOut": null,
                  "duration": 0,
                  "state": "pending",
                  "speed": null,
                  "pass": false,
                  "fail": false,
                  "pending": true,
                  "context": null,
                  "code": "",
                  "err": {},
                  "uuid": "ac8026e6-c441-48dd-b2e0-856807493baa",
                  "parentUUID": "fefd1236-b046-4216-8e99-e1ced2171394",
                  "isHook": false,
                  "skipped": false
                },
                {
                  "title": "[P2][Sev2][observability-usa] should validate namespace was deleted",
                  "fullTitle": "RHACKM4K-726: Search: Search in Managed Cluster search resource: verify delete function in search result [P2][Sev2][observability-usa] should validate namespace was deleted",
                  "timedOut": null,
                  "duration": 1169,
                  "state": "failed",
                  "speed": null,
                  "pass": false,
                  "fail": true,
                  "pending": true,
                  "context": null,
                  "code": "",
                  "err": {
                    "message": "CypressError: `cy.exec('oc login --server=https://api.undefined:6443 -u kubeadmin -p undefined --insecure-skip-tls-verify')` failed because the command exited with a non-zero code.\n\nPass `{failOnNonZeroExit: false}` to ignore exit code failures.\n\nInformation about the failure:\nCode: 1\n\nStderr:\nerror: dial tcp: lookup api.undefined on 10.11.5.19:53: no such host - verify you have provided the correct host and port and that the server is currently running.\n\nhttps://on.cypress.io/exec\n\nBecause this error occurred during a `after all` hook we are skipping the remaining tests in the current suite: `search resource: verify del...`",
                    "estack": "CypressError: `cy.exec('oc login --server=https://api.undefined:6443 -u kubeadmin -p undefined --insecure-skip-tls-verify')` failed because the command exited with a non-zero code.\n\nPass `{failOnNonZeroExit: false}` to ignore exit code failures.\n\nInformation about the failure:\nCode: 1\n\nStderr:\nerror: dial tcp: lookup api.undefined on 10.11.5.19:53: no such host - verify you have provided the correct host and port and that the server is currently running.\n\nhttps://on.cypress.io/exec\n\nBecause this error occurred during a `after all` hook we are skipping the remaining tests in the current suite: `search resource: verify del...`\n    at https://multicloud-console.apps.ocp4-acm24-azgov-01.qemag.azure.devcluster.openshift.com/__cypress/runner/cypress_runner.js:154288:85\n    at tryCatcher (https://multicloud-console.apps.ocp4-acm24-azgov-01.qemag.azure.devcluster.openshift.com/__cypress/runner/cypress_runner.js:13212:23)\n    at Promise._settlePromiseFromHandler (https://multicloud-console.apps.ocp4-acm24-azgov-01.qemag.azure.devcluster.openshift.com/__cypress/runner/cypress_runner.js:11147:31)\n    at Promise._settlePromise (https://multicloud-console.apps.ocp4-acm24-azgov-01.qemag.azure.devcluster.openshift.com/__cypress/runner/cypress_runner.js:11204:18)\n    at Promise._settlePromise0 (https://multicloud-console.apps.ocp4-acm24-azgov-01.qemag.azure.devcluster.openshift.com/__cypress/runner/cypress_runner.js:11249:10)\n    at Promise._settlePromises (https://multicloud-console.apps.ocp4-acm24-azgov-01.qemag.azure.devcluster.openshift.com/__cypress/runner/cypress_runner.js:11329:18)\n    at _drainQueueStep (https://multicloud-console.apps.ocp4-acm24-azgov-01.qemag.azure.devcluster.openshift.com/__cypress/runner/cypress_runner.js:7919:12)\n    at _drainQueue (https://multicloud-console.apps.ocp4-acm24-azgov-01.qemag.azure.devcluster.openshift.com/__cypress/runner/cypress_runner.js:7912:9)\n    at Async.../../node_modules/bluebird/js/release/async.js.Async._drainQueues (https://multicloud-console.apps.ocp4-acm24-azgov-01.qemag.azure.devcluster.openshift.com/__cypress/runner/cypress_runner.js:7928:5)\n    at Async.drainQueues (https://multicloud-console.apps.ocp4-acm24-azgov-01.qemag.azure.devcluster.openshift.com/__cypress/runner/cypress_runner.js:7798:14)\nFrom Your Spec Code:\n    at Object.login (https://multicloud-console.apps.ocp4-acm24-azgov-01.qemag.azure.devcluster.openshift.com/__cypress/tests?p=tests/cypress/tests/05-delete/01-delete-resources.spec.js:215:8)\n    at Context.eval (https://multicloud-console.apps.ocp4-acm24-azgov-01.qemag.azure.devcluster.openshift.com/__cypress/tests?p=tests/cypress/tests/05-delete/01-delete-resources.spec.js:358:32)",
                    "diff": null
                  },
                  "uuid": "df5c5528-9d49-404c-9583-6222d937c610",
                  "parentUUID": "fefd1236-b046-4216-8e99-e1ced2171394",
                  "isHook": false,
                  "skipped": false
                }
              ],
              "suites": [],
              "passes": [],
              "failures": [
                "df5c5528-9d49-404c-9583-6222d937c610"
              ],
              "pending": [
                "a61457df-c568-4b2e-a26d-f495d9054db9",
                "e20f851b-191b-4532-8fcf-34874f04d713",
                "ac8026e6-c441-48dd-b2e0-856807493baa",
                "df5c5528-9d49-404c-9583-6222d937c610"
              ],
              "skipped": [],
              "duration": 1169,
              "root": false,
              "rootEmpty": false,
              "_timeout": 2000
            }
          ],
          "passes": [],
          "failures": [],
          "pending": [],
          "skipped": [],
          "duration": 0,
          "root": false,
          "rootEmpty": false,
          "_timeout": 2000
        }
      ],
      "passes": [],
      "failures": [],
      "pending": [],
      "skipped": [],
      "duration": 0,
      "root": true,
      "rootEmpty": true,
      "_timeout": 2000
    }
  ],
  "meta": {
    "mocha": {
      "version": "7.0.1"
    },
    "mochawesome": {
      "options": {
        "quiet": false,
        "reportFilename": "mochawesome-report.json",
        "saveHtml": false,
        "saveJson": true,
        "consoleReporter": "spec",
        "useInlineDiffs": false,
        "code": true
      },
      "version": "6.3.0"
    },
    "marge": {
      "options": {
        "id": "default",
        "reportDir": "cypress/results/json",
        "reportFilename": "mochawesome-report.json",
        "overwrite": false,
        "html": false,
        "json": true
      },
      "version": "5.2.0"
    }
  }
}