{
  "stats": {
    "suites": 9,
    "tests": 5,
    "passes": 0,
    "pending": 15,
    "failures": -10,
    "start": "2021-12-08T18:37:48.490Z",
    "end": "2021-12-08T18:38:00.671Z",
    "duration": 12181,
    "testsRegistered": 15,
    "passPercent": null,
    "pendingPercent": 100,
    "other": 11,
    "hasOther": true,
    "skipped": 0,
    "hasSkipped": false
  },
  "results": [
    {
      "uuid": "d5f6c576-de78-47c3-88f9-bc1a5cd5e437",
      "title": "",
      "fullFile": "tests/cypress/tests/02-search/01-search.spec.js",
      "file": "tests/cypress/tests/02-search/01-search.spec.js",
      "beforeHooks": [],
      "afterHooks": [],
      "tests": [],
      "suites": [
        {
          "uuid": "6f0dc3e3-8ce9-4286-9712-377141506dcc",
          "title": "Search: Create resource in Local Cluster",
          "fullFile": "",
          "file": "",
          "beforeHooks": [],
          "afterHooks": [],
          "tests": [],
          "suites": [
            {
              "uuid": "2f8c4580-9814-4ee6-aaf4-185ac6117ca7",
              "title": "prereq: create resource with oc command",
              "fullFile": "",
              "file": "",
              "beforeHooks": [],
              "afterHooks": [],
              "tests": [
                {
                  "title": "[P1][Sev1][observability-usa] should log into local cluster",
                  "fullTitle": "Search: Create resource in Local Cluster prereq: create resource with oc command [P1][Sev1][observability-usa] should log into local cluster",
                  "timedOut": null,
                  "duration": 0,
                  "state": "pending",
                  "speed": null,
                  "pass": false,
                  "fail": false,
                  "pending": true,
                  "context": null,
                  "code": "",
                  "err": {},
                  "uuid": "f77a78ca-40a4-4cfe-a46a-6ae3f433680f",
                  "parentUUID": "2f8c4580-9814-4ee6-aaf4-185ac6117ca7",
                  "isHook": false,
                  "skipped": false
                },
                {
                  "title": "[P1][Sev1][observability-usa] should create namespace resource",
                  "fullTitle": "Search: Create resource in Local Cluster prereq: create resource with oc command [P1][Sev1][observability-usa] should create namespace resource",
                  "timedOut": null,
                  "duration": 0,
                  "state": "pending",
                  "speed": null,
                  "pass": false,
                  "fail": false,
                  "pending": true,
                  "context": null,
                  "code": "",
                  "err": {},
                  "uuid": "4514c78d-ff62-4c0b-b6a2-019ecc0013c1",
                  "parentUUID": "2f8c4580-9814-4ee6-aaf4-185ac6117ca7",
                  "isHook": false,
                  "skipped": false
                },
                {
                  "title": "[P1][Sev1][observability-usa] should create deployment resource",
                  "fullTitle": "Search: Create resource in Local Cluster prereq: create resource with oc command [P1][Sev1][observability-usa] should create deployment resource",
                  "timedOut": null,
                  "duration": 0,
                  "state": "pending",
                  "speed": null,
                  "pass": false,
                  "fail": false,
                  "pending": true,
                  "context": null,
                  "code": "",
                  "err": {},
                  "uuid": "265ae2c2-a0be-466d-917d-e5ef7d05cfe0",
                  "parentUUID": "2f8c4580-9814-4ee6-aaf4-185ac6117ca7",
                  "isHook": false,
                  "skipped": false
                }
              ],
              "suites": [],
              "passes": [],
              "failures": [],
              "pending": [
                "f77a78ca-40a4-4cfe-a46a-6ae3f433680f",
                "4514c78d-ff62-4c0b-b6a2-019ecc0013c1",
                "265ae2c2-a0be-466d-917d-e5ef7d05cfe0"
              ],
              "skipped": [],
              "duration": 0,
              "root": false,
              "rootEmpty": false,
              "_timeout": 2000
            }
          ],
          "passes": [],
          "failures": [],
          "pending": [],
          "skipped": [],
          "duration": 0,
          "root": false,
          "rootEmpty": false,
          "_timeout": 2000
        },
        {
          "uuid": "99a74edf-39d7-4adf-9a95-0b66f4a6bb49",
          "title": "Search: Create resource in Managed Cluster",
          "fullFile": "",
          "file": "",
          "beforeHooks": [],
          "afterHooks": [],
          "tests": [],
          "suites": [
            {
              "uuid": "d29a74dd-2baf-48c0-b9a0-ae99a57ded3f",
              "title": "prereq: create resource with oc command",
              "fullFile": "",
              "file": "",
              "beforeHooks": [],
              "afterHooks": [],
              "tests": [
                {
                  "title": "[P1][Sev1][observability-usa] should log into managed cluster",
                  "fullTitle": "Search: Create resource in Managed Cluster prereq: create resource with oc command [P1][Sev1][observability-usa] should log into managed cluster",
                  "timedOut": null,
                  "duration": 0,
                  "state": "pending",
                  "speed": null,
                  "pass": false,
                  "fail": false,
                  "pending": true,
                  "context": null,
                  "code": "",
                  "err": {},
                  "uuid": "94914a24-7449-40a7-ba55-042ffdedc5a7",
                  "parentUUID": "d29a74dd-2baf-48c0-b9a0-ae99a57ded3f",
                  "isHook": false,
                  "skipped": false
                },
                {
                  "title": "[P1][Sev1][observability-usa] should create namespace resource",
                  "fullTitle": "Search: Create resource in Managed Cluster prereq: create resource with oc command [P1][Sev1][observability-usa] should create namespace resource",
                  "timedOut": null,
                  "duration": 0,
                  "state": "pending",
                  "speed": null,
                  "pass": false,
                  "fail": false,
                  "pending": true,
                  "context": null,
                  "code": "",
                  "err": {},
                  "uuid": "a4834198-fa4d-4c31-b1cc-2b899c3769f4",
                  "parentUUID": "d29a74dd-2baf-48c0-b9a0-ae99a57ded3f",
                  "isHook": false,
                  "skipped": false
                },
                {
                  "title": "[P1][Sev1][observability-usa] should create deployment resource",
                  "fullTitle": "Search: Create resource in Managed Cluster prereq: create resource with oc command [P1][Sev1][observability-usa] should create deployment resource",
                  "timedOut": null,
                  "duration": 0,
                  "state": "pending",
                  "speed": null,
                  "pass": false,
                  "fail": false,
                  "pending": true,
                  "context": null,
                  "code": "",
                  "err": {},
                  "uuid": "01d8486e-1e83-4355-9201-e39939752385",
                  "parentUUID": "d29a74dd-2baf-48c0-b9a0-ae99a57ded3f",
                  "isHook": false,
                  "skipped": false
                }
              ],
              "suites": [],
              "passes": [],
              "failures": [],
              "pending": [
                "94914a24-7449-40a7-ba55-042ffdedc5a7",
                "a4834198-fa4d-4c31-b1cc-2b899c3769f4",
                "01d8486e-1e83-4355-9201-e39939752385"
              ],
              "skipped": [],
              "duration": 0,
              "root": false,
              "rootEmpty": false,
              "_timeout": 2000
            }
          ],
          "passes": [],
          "failures": [],
          "pending": [],
          "skipped": [],
          "duration": 0,
          "root": false,
          "rootEmpty": false,
          "_timeout": 2000
        },
        {
          "uuid": "23ccaac1-2b9b-44d6-b646-0547909047ef",
          "title": "Search: Search in Local Cluster",
          "fullFile": "",
          "file": "",
          "beforeHooks": [],
          "afterHooks": [],
          "tests": [],
          "suites": [
            {
              "uuid": "75d9f85c-0a28-4f3e-b176-fefc3fa4df79",
              "title": "prereq: user should log into the ACM console",
              "fullFile": "",
              "file": "",
              "beforeHooks": [],
              "afterHooks": [],
              "tests": [
                {
                  "title": "[P1][Sev1][observability-usa] should login",
                  "fullTitle": "Search: Search in Local Cluster prereq: user should log into the ACM console [P1][Sev1][observability-usa] should login",
                  "timedOut": null,
                  "duration": 0,
                  "state": "pending",
                  "speed": null,
                  "pass": false,
                  "fail": false,
                  "pending": true,
                  "context": null,
                  "code": "",
                  "err": {},
                  "uuid": "97010c02-6744-41d8-a912-3b29d127d446",
                  "parentUUID": "75d9f85c-0a28-4f3e-b176-fefc3fa4df79",
                  "isHook": false,
                  "skipped": false
                }
              ],
              "suites": [],
              "passes": [],
              "failures": [],
              "pending": [
                "97010c02-6744-41d8-a912-3b29d127d446"
              ],
              "skipped": [],
              "duration": 0,
              "root": false,
              "rootEmpty": false,
              "_timeout": 2000
            },
            {
              "uuid": "531db4a9-a14a-4cb7-912b-da838b1da041",
              "title": "search resources: verify resource exist after creation",
              "fullFile": "",
              "file": "",
              "beforeHooks": [],
              "afterHooks": [],
              "tests": [
                {
                  "title": "[P3][Sev3][observability-usa] should have expected count of relationships",
                  "fullTitle": "Search: Search in Local Cluster search resources: verify resource exist after creation [P3][Sev3][observability-usa] should have expected count of relationships",
                  "timedOut": null,
                  "duration": 0,
                  "state": "pending",
                  "speed": null,
                  "pass": false,
                  "fail": false,
                  "pending": true,
                  "context": null,
                  "code": "",
                  "err": {},
                  "uuid": "20f00a6e-1798-419e-bc72-d4a2ec389ffa",
                  "parentUUID": "531db4a9-a14a-4cb7-912b-da838b1da041",
                  "isHook": false,
                  "skipped": false
                },
                {
                  "title": "[P1][Sev1][observability-usa] should work kind filter for deployment",
                  "fullTitle": "Search: Search in Local Cluster search resources: verify resource exist after creation [P1][Sev1][observability-usa] should work kind filter for deployment",
                  "timedOut": null,
                  "duration": 0,
                  "state": "pending",
                  "speed": null,
                  "pass": false,
                  "fail": false,
                  "pending": true,
                  "context": null,
                  "code": "",
                  "err": {},
                  "uuid": "5ed9d669-cf25-496f-a79e-89fee03324b1",
                  "parentUUID": "531db4a9-a14a-4cb7-912b-da838b1da041",
                  "isHook": false,
                  "skipped": false
                },
                {
                  "title": "[P1][Sev1][observability-usa] should work kind filter for pod",
                  "fullTitle": "Search: Search in Local Cluster search resources: verify resource exist after creation [P1][Sev1][observability-usa] should work kind filter for pod",
                  "timedOut": null,
                  "duration": 0,
                  "state": "pending",
                  "speed": null,
                  "pass": false,
                  "fail": false,
                  "pending": true,
                  "context": null,
                  "code": "",
                  "err": {},
                  "uuid": "8507906f-eb71-48f7-98f7-fbce7978acf9",
                  "parentUUID": "531db4a9-a14a-4cb7-912b-da838b1da041",
                  "isHook": false,
                  "skipped": false
                },
                {
                  "title": "[P2][Sev2][observability-usa] should see pod logs",
                  "fullTitle": "Search: Search in Local Cluster search resources: verify resource exist after creation [P2][Sev2][observability-usa] should see pod logs",
                  "timedOut": null,
                  "duration": 0,
                  "state": "pending",
                  "speed": null,
                  "pass": false,
                  "fail": false,
                  "pending": true,
                  "context": null,
                  "code": "",
                  "err": {},
                  "uuid": "3a9938cf-8394-48ea-a0c8-42638a107006",
                  "parentUUID": "531db4a9-a14a-4cb7-912b-da838b1da041",
                  "isHook": false,
                  "skipped": false
                }
              ],
              "suites": [],
              "passes": [],
              "failures": [],
              "pending": [
                "20f00a6e-1798-419e-bc72-d4a2ec389ffa",
                "5ed9d669-cf25-496f-a79e-89fee03324b1",
                "8507906f-eb71-48f7-98f7-fbce7978acf9",
                "3a9938cf-8394-48ea-a0c8-42638a107006"
              ],
              "skipped": [],
              "duration": 0,
              "root": false,
              "rootEmpty": false,
              "_timeout": 2000
            }
          ],
          "passes": [],
          "failures": [],
          "pending": [],
          "skipped": [],
          "duration": 0,
          "root": false,
          "rootEmpty": false,
          "_timeout": 2000
        },
        {
          "uuid": "4a0c93c7-6ffb-4fa9-8838-02c870541bec",
          "title": "Search: Search in Managed Cluster",
          "fullFile": "",
          "file": "",
          "beforeHooks": [],
          "afterHooks": [],
          "tests": [],
          "suites": [
            {
              "uuid": "ee2d278a-a201-4a38-9d7f-07c707cab809",
              "title": "search resources: verify resource exist after creation",
              "fullFile": "",
              "file": "",
              "beforeHooks": [],
              "afterHooks": [],
              "tests": [
                {
                  "title": "[P3][Sev3][observability-usa] should have expected count of relationships",
                  "fullTitle": "Search: Search in Managed Cluster search resources: verify resource exist after creation [P3][Sev3][observability-usa] should have expected count of relationships",
                  "timedOut": null,
                  "duration": 0,
                  "state": "pending",
                  "speed": null,
                  "pass": false,
                  "fail": false,
                  "pending": true,
                  "context": null,
                  "code": "",
                  "err": {},
                  "uuid": "7d85ca1e-3538-4676-b877-4d6d172534f0",
                  "parentUUID": "ee2d278a-a201-4a38-9d7f-07c707cab809",
                  "isHook": false,
                  "skipped": false
                },
                {
                  "title": "[P1][Sev1][observability-usa] should work kind filter for deployment",
                  "fullTitle": "Search: Search in Managed Cluster search resources: verify resource exist after creation [P1][Sev1][observability-usa] should work kind filter for deployment",
                  "timedOut": null,
                  "duration": 0,
                  "state": "pending",
                  "speed": null,
                  "pass": false,
                  "fail": false,
                  "pending": true,
                  "context": null,
                  "code": "",
                  "err": {},
                  "uuid": "85d30990-eb0c-4f5d-ad9a-ba926c8c5b87",
                  "parentUUID": "ee2d278a-a201-4a38-9d7f-07c707cab809",
                  "isHook": false,
                  "skipped": false
                },
                {
                  "title": "[P1][Sev1][observability-usa] should work kind filter for pod",
                  "fullTitle": "Search: Search in Managed Cluster search resources: verify resource exist after creation [P1][Sev1][observability-usa] should work kind filter for pod",
                  "timedOut": null,
                  "duration": 0,
                  "state": "pending",
                  "speed": null,
                  "pass": false,
                  "fail": false,
                  "pending": true,
                  "context": null,
                  "code": "",
                  "err": {},
                  "uuid": "f4adb90a-6883-44d8-840b-5af6809d9392",
                  "parentUUID": "ee2d278a-a201-4a38-9d7f-07c707cab809",
                  "isHook": false,
                  "skipped": false
                },
                {
                  "title": "[P2][Sev2][observability-usa] should see pod logs",
                  "fullTitle": "Search: Search in Managed Cluster search resources: verify resource exist after creation [P2][Sev2][observability-usa] should see pod logs",
                  "timedOut": null,
                  "duration": 1239,
                  "state": "failed",
                  "speed": null,
                  "pass": false,
                  "fail": true,
                  "pending": true,
                  "context": null,
                  "code": "",
                  "err": {
                    "message": "CypressError: `cy.exec('oc login --server=https://api.undefined:6443 -u kubeadmin -p undefined --insecure-skip-tls-verify')` failed because the command exited with a non-zero code.\n\nPass `{failOnNonZeroExit: false}` to ignore exit code failures.\n\nInformation about the failure:\nCode: 1\n\nStderr:\nerror: dial tcp: lookup api.undefined on 10.11.5.19:53: no such host - verify you have provided the correct host and port and that the server is currently running.\n\nhttps://on.cypress.io/exec\n\nBecause this error occurred during a `after all` hook we are skipping the remaining tests in the current suite: `Search: Search in Managed C...`",
                    "estack": "CypressError: `cy.exec('oc login --server=https://api.undefined:6443 -u kubeadmin -p undefined --insecure-skip-tls-verify')` failed because the command exited with a non-zero code.\n\nPass `{failOnNonZeroExit: false}` to ignore exit code failures.\n\nInformation about the failure:\nCode: 1\n\nStderr:\nerror: dial tcp: lookup api.undefined on 10.11.5.19:53: no such host - verify you have provided the correct host and port and that the server is currently running.\n\nhttps://on.cypress.io/exec\n\nBecause this error occurred during a `after all` hook we are skipping the remaining tests in the current suite: `Search: Search in Managed C...`\n    at https://multicloud-console.apps.ocp4-acm24-azgov-01.qemag.azure.devcluster.openshift.com/__cypress/runner/cypress_runner.js:154288:85\n    at tryCatcher (https://multicloud-console.apps.ocp4-acm24-azgov-01.qemag.azure.devcluster.openshift.com/__cypress/runner/cypress_runner.js:13212:23)\n    at Promise._settlePromiseFromHandler (https://multicloud-console.apps.ocp4-acm24-azgov-01.qemag.azure.devcluster.openshift.com/__cypress/runner/cypress_runner.js:11147:31)\n    at Promise._settlePromise (https://multicloud-console.apps.ocp4-acm24-azgov-01.qemag.azure.devcluster.openshift.com/__cypress/runner/cypress_runner.js:11204:18)\n    at Promise._settlePromise0 (https://multicloud-console.apps.ocp4-acm24-azgov-01.qemag.azure.devcluster.openshift.com/__cypress/runner/cypress_runner.js:11249:10)\n    at Promise._settlePromises (https://multicloud-console.apps.ocp4-acm24-azgov-01.qemag.azure.devcluster.openshift.com/__cypress/runner/cypress_runner.js:11329:18)\n    at _drainQueueStep (https://multicloud-console.apps.ocp4-acm24-azgov-01.qemag.azure.devcluster.openshift.com/__cypress/runner/cypress_runner.js:7919:12)\n    at _drainQueue (https://multicloud-console.apps.ocp4-acm24-azgov-01.qemag.azure.devcluster.openshift.com/__cypress/runner/cypress_runner.js:7912:9)\n    at Async.../../node_modules/bluebird/js/release/async.js.Async._drainQueues (https://multicloud-console.apps.ocp4-acm24-azgov-01.qemag.azure.devcluster.openshift.com/__cypress/runner/cypress_runner.js:7928:5)\n    at Async.drainQueues (https://multicloud-console.apps.ocp4-acm24-azgov-01.qemag.azure.devcluster.openshift.com/__cypress/runner/cypress_runner.js:7798:14)\nFrom Your Spec Code:\n    at Object.login (https://multicloud-console.apps.ocp4-acm24-azgov-01.qemag.azure.devcluster.openshift.com/__cypress/tests?p=tests/cypress/tests/02-search/01-search.spec.js:215:8)\n    at Context.eval (https://multicloud-console.apps.ocp4-acm24-azgov-01.qemag.azure.devcluster.openshift.com/__cypress/tests?p=tests/cypress/tests/02-search/01-search.spec.js:337:30)",
                    "diff": null
                  },
                  "uuid": "fb9df380-64c1-4f05-b027-d9005bffab02",
                  "parentUUID": "ee2d278a-a201-4a38-9d7f-07c707cab809",
                  "isHook": false,
                  "skipped": false
                }
              ],
              "suites": [],
              "passes": [],
              "failures": [
                "fb9df380-64c1-4f05-b027-d9005bffab02"
              ],
              "pending": [
                "7d85ca1e-3538-4676-b877-4d6d172534f0",
                "85d30990-eb0c-4f5d-ad9a-ba926c8c5b87",
                "f4adb90a-6883-44d8-840b-5af6809d9392",
                "fb9df380-64c1-4f05-b027-d9005bffab02"
              ],
              "skipped": [],
              "duration": 1239,
              "root": false,
              "rootEmpty": false,
              "_timeout": 2000
            }
          ],
          "passes": [],
          "failures": [],
          "pending": [],
          "skipped": [],
          "duration": 0,
          "root": false,
          "rootEmpty": false,
          "_timeout": 2000
        }
      ],
      "passes": [],
      "failures": [],
      "pending": [],
      "skipped": [],
      "duration": 0,
      "root": true,
      "rootEmpty": true,
      "_timeout": 2000
    }
  ],
  "meta": {
    "mocha": {
      "version": "7.0.1"
    },
    "mochawesome": {
      "options": {
        "quiet": false,
        "reportFilename": "mochawesome-report.json",
        "saveHtml": false,
        "saveJson": true,
        "consoleReporter": "spec",
        "useInlineDiffs": false,
        "code": true
      },
      "version": "6.3.0"
    },
    "marge": {
      "options": {
        "id": "default",
        "reportDir": "cypress/results/json",
        "reportFilename": "mochawesome-report.json",
        "overwrite": false,
        "html": false,
        "json": true
      },
      "version": "5.2.0"
    }
  }
}