{
  "stats": {
    "suites": 1,
    "tests": 1,
    "passes": 0,
    "pending": 0,
    "failures": 1,
    "start": "2021-12-07T20:25:31.589Z",
    "end": "2021-12-07T20:25:47.405Z",
    "duration": 15816,
    "testsRegistered": 1,
    "passPercent": 0,
    "pendingPercent": 0,
    "other": 0,
    "hasOther": false,
    "skipped": 0,
    "hasSkipped": false
  },
  "results": [
    {
      "uuid": "8bc3889e-865d-4757-bfe2-ed10a9e2fbe2",
      "title": "",
      "fullFile": "tests/cypress/tests/03-create/02-verify-invalid-sc.spec.js",
      "file": "tests/cypress/tests/03-create/02-verify-invalid-sc.spec.js",
      "beforeHooks": [],
      "afterHooks": [],
      "tests": [],
      "suites": [
        {
          "uuid": "f6235647-a7fe-407c-83a1-f2d75b3e485e",
          "title": "Search: Test resiliency",
          "fullFile": "",
          "file": "",
          "beforeHooks": [],
          "afterHooks": [],
          "tests": [
            {
              "title": "RHACM4K-1694: Search resiliency verification",
              "fullTitle": "Search: Test resiliency RHACM4K-1694: Search resiliency verification",
              "timedOut": null,
              "duration": 875,
              "state": "failed",
              "speed": null,
              "pass": false,
              "fail": true,
              "pending": false,
              "context": null,
              "code": "/* Verify CR searchoperator is created and search-operator pod is running */\n// Log in yo ACM\ncy.log(_config.tags.status);\ncy.login(); // Get pod's name\n_cliHelper.cliHelper.findFullPodName('search-operator').as('pod'); // Go to 'search' page\n\n_search.searchPage.whenGoToSearchPage(); // Verify 'search' page loads\n\n_search.searchPage.shouldLoad(); // Filter by 'pods'\n\n_search.searchBar.whenFilterByKind('pod'); // Filter by pod's name\n\n_search.searchBar.whenFilterByName(this.pod); // Go to details page\n\n_search.searchPage.whenGoToResourceDetailItemPage('pod', this.pod); // Check for logs\n\n_podDetailPage.podDetailPage.whenClickOnLogsTab();\n_podDetailPage.podDetailPage.shouldSeeLogs('RedisGraph Pod with PVC Running');\n/* Disable customization CR persistence flag and verify logs */\n// Go to 'search' page - R\n\n_search.searchPage.whenGoToSearchPage(); // Disable customization CR persistence flag\n\n_cliHelper.cliHelper.updateSearchCustomizationCR('false'); // Filter by 'pods'\n\n_search.searchBar.whenFilterByKind('pod'); // Filter by pod's name\n\n_search.searchBar.whenFilterByName(this.pod); // Go to details page\n\n_search.searchPage.whenGoToResourceDetailItemPage('pod', this.pod); // Check for logs\n\n_podDetailPage.podDetailPage.whenClickOnLogsTab();\n_podDetailPage.podDetailPage.shouldSeeLogs('RedisGraph Pod Running with Persistence disabled');\n/* Enable customization CR persistence flag and verify logs */\n// Go to 'search' page - R\n\n_search.searchPage.whenGoToSearchPage(); // Disable customization CR persistence flag\n\n_cliHelper.cliHelper.updateSearchCustomizationCR('true'); // Filter by 'pods'\n\n_search.searchBar.whenFilterByKind('pod'); // Filter by pod's name\n\n_search.searchBar.whenFilterByName(this.pod); // Go to details page\n\n_search.searchPage.whenGoToResourceDetailItemPage('pod', this.pod); // Check for logs\n\n_podDetailPage.podDetailPage.whenClickOnLogsTab();\n_podDetailPage.podDetailPage.shouldSeeLogs('RedisGraph Pod with PVC Running');",
              "err": {
                "message": "TypeError: _cliHelper.cliHelper.findFullPodName(...).as is not a function",
                "estack": "TypeError: _cliHelper.cliHelper.findFullPodName(...).as is not a function\n    at Context.eval (https://multicloud-console.apps.ocp4-acm24-azgov-01.qemag.azure.devcluster.openshift.com/__cypress/tests?p=tests/cypress/tests/03-create/02-verify-invalid-sc.spec.js:315:61)",
                "diff": null
              },
              "uuid": "e9b60e35-068f-4f9b-a8d8-9584040df78a",
              "parentUUID": "f6235647-a7fe-407c-83a1-f2d75b3e485e",
              "isHook": false,
              "skipped": false
            }
          ],
          "suites": [],
          "passes": [],
          "failures": [
            "e9b60e35-068f-4f9b-a8d8-9584040df78a"
          ],
          "pending": [],
          "skipped": [],
          "duration": 875,
          "root": false,
          "rootEmpty": false,
          "_timeout": 2000
        }
      ],
      "passes": [],
      "failures": [],
      "pending": [],
      "skipped": [],
      "duration": 0,
      "root": true,
      "rootEmpty": true,
      "_timeout": 2000
    }
  ],
  "meta": {
    "mocha": {
      "version": "7.0.1"
    },
    "mochawesome": {
      "options": {
        "quiet": false,
        "reportFilename": "mochawesome-report.json",
        "saveHtml": false,
        "saveJson": true,
        "consoleReporter": "spec",
        "useInlineDiffs": false,
        "code": true
      },
      "version": "6.3.0"
    },
    "marge": {
      "options": {
        "id": "default",
        "reportDir": "cypress/results/json",
        "reportFilename": "mochawesome-report.json",
        "overwrite": false,
        "html": false,
        "json": true
      },
      "version": "5.2.0"
    }
  }
}