{
  "stats": {
    "suites": 9,
    "tests": 5,
    "passes": 0,
    "pending": 15,
    "failures": -10,
    "start": "2021-12-08T18:25:44.603Z",
    "end": "2021-12-08T18:25:53.358Z",
    "duration": 8755,
    "testsRegistered": 15,
    "passPercent": null,
    "pendingPercent": 100,
    "other": 11,
    "hasOther": true,
    "skipped": 0,
    "hasSkipped": false
  },
  "results": [
    {
      "uuid": "4af0c8e7-9135-49e4-8b46-4be76db1543a",
      "title": "",
      "fullFile": "tests/cypress/tests/05-delete/01-delete-resources.spec.js",
      "file": "tests/cypress/tests/05-delete/01-delete-resources.spec.js",
      "beforeHooks": [],
      "afterHooks": [],
      "tests": [],
      "suites": [
        {
          "uuid": "fd9f391d-0f2c-436e-9e31-e76d0f7a1e9e",
          "title": "Search: Create resource in Local Cluster",
          "fullFile": "",
          "file": "",
          "beforeHooks": [],
          "afterHooks": [],
          "tests": [],
          "suites": [
            {
              "uuid": "1bea5aea-318b-4788-ac8e-6c395d6aca45",
              "title": "prereq: create resource with oc command",
              "fullFile": "",
              "file": "",
              "beforeHooks": [],
              "afterHooks": [],
              "tests": [
                {
                  "title": "[P1][Sev1][observability-usa] should log into local cluster",
                  "fullTitle": "Search: Create resource in Local Cluster prereq: create resource with oc command [P1][Sev1][observability-usa] should log into local cluster",
                  "timedOut": null,
                  "duration": 0,
                  "state": "pending",
                  "speed": null,
                  "pass": false,
                  "fail": false,
                  "pending": true,
                  "context": null,
                  "code": "",
                  "err": {},
                  "uuid": "9461dc52-3210-40e5-868c-fd18b0d5c728",
                  "parentUUID": "1bea5aea-318b-4788-ac8e-6c395d6aca45",
                  "isHook": false,
                  "skipped": false
                },
                {
                  "title": "[P1][Sev1][observability-usa] should create namespace resource",
                  "fullTitle": "Search: Create resource in Local Cluster prereq: create resource with oc command [P1][Sev1][observability-usa] should create namespace resource",
                  "timedOut": null,
                  "duration": 0,
                  "state": "pending",
                  "speed": null,
                  "pass": false,
                  "fail": false,
                  "pending": true,
                  "context": null,
                  "code": "",
                  "err": {},
                  "uuid": "a095f7aa-6251-4577-8864-ac9518085b47",
                  "parentUUID": "1bea5aea-318b-4788-ac8e-6c395d6aca45",
                  "isHook": false,
                  "skipped": false
                },
                {
                  "title": "[P1][Sev1][observability-usa] should create deployment resource",
                  "fullTitle": "Search: Create resource in Local Cluster prereq: create resource with oc command [P1][Sev1][observability-usa] should create deployment resource",
                  "timedOut": null,
                  "duration": 0,
                  "state": "pending",
                  "speed": null,
                  "pass": false,
                  "fail": false,
                  "pending": true,
                  "context": null,
                  "code": "",
                  "err": {},
                  "uuid": "274ba74a-09c1-40a8-a540-28830aaa440f",
                  "parentUUID": "1bea5aea-318b-4788-ac8e-6c395d6aca45",
                  "isHook": false,
                  "skipped": false
                }
              ],
              "suites": [],
              "passes": [],
              "failures": [],
              "pending": [
                "9461dc52-3210-40e5-868c-fd18b0d5c728",
                "a095f7aa-6251-4577-8864-ac9518085b47",
                "274ba74a-09c1-40a8-a540-28830aaa440f"
              ],
              "skipped": [],
              "duration": 0,
              "root": false,
              "rootEmpty": false,
              "_timeout": 2000
            }
          ],
          "passes": [],
          "failures": [],
          "pending": [],
          "skipped": [],
          "duration": 0,
          "root": false,
          "rootEmpty": false,
          "_timeout": 2000
        },
        {
          "uuid": "88eb81e8-360f-4e2d-8b35-bfd89b1d1e5d",
          "title": "Search: Create resource in Managed Cluster",
          "fullFile": "",
          "file": "",
          "beforeHooks": [],
          "afterHooks": [],
          "tests": [],
          "suites": [
            {
              "uuid": "00d25341-6ae5-4fca-9f03-a7736ac4f212",
              "title": "prereq: create resource with oc command",
              "fullFile": "",
              "file": "",
              "beforeHooks": [],
              "afterHooks": [],
              "tests": [
                {
                  "title": "[P1][Sev1][observability-usa] should log into managed cluster",
                  "fullTitle": "Search: Create resource in Managed Cluster prereq: create resource with oc command [P1][Sev1][observability-usa] should log into managed cluster",
                  "timedOut": null,
                  "duration": 0,
                  "state": "pending",
                  "speed": null,
                  "pass": false,
                  "fail": false,
                  "pending": true,
                  "context": null,
                  "code": "",
                  "err": {},
                  "uuid": "12e8f317-a233-40a1-8bd7-95185d815f4c",
                  "parentUUID": "00d25341-6ae5-4fca-9f03-a7736ac4f212",
                  "isHook": false,
                  "skipped": false
                },
                {
                  "title": "[P1][Sev1][observability-usa] should create namespace resource",
                  "fullTitle": "Search: Create resource in Managed Cluster prereq: create resource with oc command [P1][Sev1][observability-usa] should create namespace resource",
                  "timedOut": null,
                  "duration": 0,
                  "state": "pending",
                  "speed": null,
                  "pass": false,
                  "fail": false,
                  "pending": true,
                  "context": null,
                  "code": "",
                  "err": {},
                  "uuid": "d6c0e82a-6e62-4f95-8744-290983ff4a39",
                  "parentUUID": "00d25341-6ae5-4fca-9f03-a7736ac4f212",
                  "isHook": false,
                  "skipped": false
                },
                {
                  "title": "[P1][Sev1][observability-usa] should create deployment resource",
                  "fullTitle": "Search: Create resource in Managed Cluster prereq: create resource with oc command [P1][Sev1][observability-usa] should create deployment resource",
                  "timedOut": null,
                  "duration": 0,
                  "state": "pending",
                  "speed": null,
                  "pass": false,
                  "fail": false,
                  "pending": true,
                  "context": null,
                  "code": "",
                  "err": {},
                  "uuid": "93683a64-f232-4fe6-bf48-5815530e0d3e",
                  "parentUUID": "00d25341-6ae5-4fca-9f03-a7736ac4f212",
                  "isHook": false,
                  "skipped": false
                }
              ],
              "suites": [],
              "passes": [],
              "failures": [],
              "pending": [
                "12e8f317-a233-40a1-8bd7-95185d815f4c",
                "d6c0e82a-6e62-4f95-8744-290983ff4a39",
                "93683a64-f232-4fe6-bf48-5815530e0d3e"
              ],
              "skipped": [],
              "duration": 0,
              "root": false,
              "rootEmpty": false,
              "_timeout": 2000
            }
          ],
          "passes": [],
          "failures": [],
          "pending": [],
          "skipped": [],
          "duration": 0,
          "root": false,
          "rootEmpty": false,
          "_timeout": 2000
        },
        {
          "uuid": "59b6db6f-d2bb-49d4-95e6-8b2e8afff380",
          "title": "RHACKM4K-726: Search: Search in Local Cluster",
          "fullFile": "",
          "file": "",
          "beforeHooks": [],
          "afterHooks": [],
          "tests": [],
          "suites": [
            {
              "uuid": "80ded050-1686-43ed-adf4-cd11166c7cae",
              "title": "prereq: user should log into the ACM console",
              "fullFile": "",
              "file": "",
              "beforeHooks": [],
              "afterHooks": [],
              "tests": [
                {
                  "title": "[P1][Sev1][observability-usa] should login",
                  "fullTitle": "RHACKM4K-726: Search: Search in Local Cluster prereq: user should log into the ACM console [P1][Sev1][observability-usa] should login",
                  "timedOut": null,
                  "duration": 0,
                  "state": "pending",
                  "speed": null,
                  "pass": false,
                  "fail": false,
                  "pending": true,
                  "context": null,
                  "code": "",
                  "err": {},
                  "uuid": "482658e3-6cd5-4268-b5f9-debaa5784d14",
                  "parentUUID": "80ded050-1686-43ed-adf4-cd11166c7cae",
                  "isHook": false,
                  "skipped": false
                }
              ],
              "suites": [],
              "passes": [],
              "failures": [],
              "pending": [
                "482658e3-6cd5-4268-b5f9-debaa5784d14"
              ],
              "skipped": [],
              "duration": 0,
              "root": false,
              "rootEmpty": false,
              "_timeout": 2000
            },
            {
              "uuid": "fefc209a-ca2b-49d4-bd36-7d6eed6cf99b",
              "title": "search resource: verify delete function in search result",
              "fullFile": "",
              "file": "",
              "beforeHooks": [],
              "afterHooks": [],
              "tests": [
                {
                  "title": "[P2][Sev2][observability-usa] should delete deployment",
                  "fullTitle": "RHACKM4K-726: Search: Search in Local Cluster search resource: verify delete function in search result [P2][Sev2][observability-usa] should delete deployment",
                  "timedOut": null,
                  "duration": 0,
                  "state": "pending",
                  "speed": null,
                  "pass": false,
                  "fail": false,
                  "pending": true,
                  "context": null,
                  "code": "",
                  "err": {},
                  "uuid": "94798588-202e-463a-8228-3d61df1f3651",
                  "parentUUID": "fefc209a-ca2b-49d4-bd36-7d6eed6cf99b",
                  "isHook": false,
                  "skipped": false
                },
                {
                  "title": "[P2][Sev2][observability-usa] should validate deployment was deleted",
                  "fullTitle": "RHACKM4K-726: Search: Search in Local Cluster search resource: verify delete function in search result [P2][Sev2][observability-usa] should validate deployment was deleted",
                  "timedOut": null,
                  "duration": 0,
                  "state": "pending",
                  "speed": null,
                  "pass": false,
                  "fail": false,
                  "pending": true,
                  "context": null,
                  "code": "",
                  "err": {},
                  "uuid": "633080c5-be44-4382-9e82-b39542055663",
                  "parentUUID": "fefc209a-ca2b-49d4-bd36-7d6eed6cf99b",
                  "isHook": false,
                  "skipped": false
                },
                {
                  "title": "[P2][Sev2][observability-usa] should delete namespace",
                  "fullTitle": "RHACKM4K-726: Search: Search in Local Cluster search resource: verify delete function in search result [P2][Sev2][observability-usa] should delete namespace",
                  "timedOut": null,
                  "duration": 0,
                  "state": "pending",
                  "speed": null,
                  "pass": false,
                  "fail": false,
                  "pending": true,
                  "context": null,
                  "code": "",
                  "err": {},
                  "uuid": "a71f9f6b-bbcd-4944-a08a-d8cc11f44fe5",
                  "parentUUID": "fefc209a-ca2b-49d4-bd36-7d6eed6cf99b",
                  "isHook": false,
                  "skipped": false
                },
                {
                  "title": "[P2][Sev2][observability-usa] should validate namespace was deleted",
                  "fullTitle": "RHACKM4K-726: Search: Search in Local Cluster search resource: verify delete function in search result [P2][Sev2][observability-usa] should validate namespace was deleted",
                  "timedOut": null,
                  "duration": 0,
                  "state": "pending",
                  "speed": null,
                  "pass": false,
                  "fail": false,
                  "pending": true,
                  "context": null,
                  "code": "",
                  "err": {},
                  "uuid": "cb5bd126-7c21-49e8-b542-907b3ee47b5e",
                  "parentUUID": "fefc209a-ca2b-49d4-bd36-7d6eed6cf99b",
                  "isHook": false,
                  "skipped": false
                }
              ],
              "suites": [],
              "passes": [],
              "failures": [],
              "pending": [
                "94798588-202e-463a-8228-3d61df1f3651",
                "633080c5-be44-4382-9e82-b39542055663",
                "a71f9f6b-bbcd-4944-a08a-d8cc11f44fe5",
                "cb5bd126-7c21-49e8-b542-907b3ee47b5e"
              ],
              "skipped": [],
              "duration": 0,
              "root": false,
              "rootEmpty": false,
              "_timeout": 2000
            }
          ],
          "passes": [],
          "failures": [],
          "pending": [],
          "skipped": [],
          "duration": 0,
          "root": false,
          "rootEmpty": false,
          "_timeout": 2000
        },
        {
          "uuid": "3539908c-f644-4141-8633-344f975316b2",
          "title": "RHACKM4K-726: Search: Search in Managed Cluster",
          "fullFile": "",
          "file": "",
          "beforeHooks": [],
          "afterHooks": [],
          "tests": [],
          "suites": [
            {
              "uuid": "e73ba361-70dd-431f-879b-532224d614d4",
              "title": "search resource: verify delete function in search result",
              "fullFile": "",
              "file": "",
              "beforeHooks": [],
              "afterHooks": [],
              "tests": [
                {
                  "title": "[P2][Sev2][observability-usa] should delete deployment",
                  "fullTitle": "RHACKM4K-726: Search: Search in Managed Cluster search resource: verify delete function in search result [P2][Sev2][observability-usa] should delete deployment",
                  "timedOut": null,
                  "duration": 0,
                  "state": "pending",
                  "speed": null,
                  "pass": false,
                  "fail": false,
                  "pending": true,
                  "context": null,
                  "code": "",
                  "err": {},
                  "uuid": "c9e3c6b4-9eda-41e7-8bb6-ce2976778771",
                  "parentUUID": "e73ba361-70dd-431f-879b-532224d614d4",
                  "isHook": false,
                  "skipped": false
                },
                {
                  "title": "[P2][Sev2][observability-usa] should validate deployment was deleted",
                  "fullTitle": "RHACKM4K-726: Search: Search in Managed Cluster search resource: verify delete function in search result [P2][Sev2][observability-usa] should validate deployment was deleted",
                  "timedOut": null,
                  "duration": 0,
                  "state": "pending",
                  "speed": null,
                  "pass": false,
                  "fail": false,
                  "pending": true,
                  "context": null,
                  "code": "",
                  "err": {},
                  "uuid": "1cade19c-edb9-4af0-ba02-e6e48f92933f",
                  "parentUUID": "e73ba361-70dd-431f-879b-532224d614d4",
                  "isHook": false,
                  "skipped": false
                },
                {
                  "title": "[P2][Sev2][observability-usa] should delete namespace",
                  "fullTitle": "RHACKM4K-726: Search: Search in Managed Cluster search resource: verify delete function in search result [P2][Sev2][observability-usa] should delete namespace",
                  "timedOut": null,
                  "duration": 0,
                  "state": "pending",
                  "speed": null,
                  "pass": false,
                  "fail": false,
                  "pending": true,
                  "context": null,
                  "code": "",
                  "err": {},
                  "uuid": "46b1ec80-95ef-43e9-b3ae-44bdc7da9cba",
                  "parentUUID": "e73ba361-70dd-431f-879b-532224d614d4",
                  "isHook": false,
                  "skipped": false
                },
                {
                  "title": "[P2][Sev2][observability-usa] should validate namespace was deleted",
                  "fullTitle": "RHACKM4K-726: Search: Search in Managed Cluster search resource: verify delete function in search result [P2][Sev2][observability-usa] should validate namespace was deleted",
                  "timedOut": null,
                  "duration": 988,
                  "state": "failed",
                  "speed": null,
                  "pass": false,
                  "fail": true,
                  "pending": true,
                  "context": null,
                  "code": "",
                  "err": {
                    "message": "CypressError: `cy.exec('oc login --server=https://api.undefined:6443 -u kubeadmin -p undefined --insecure-skip-tls-verify')` failed because the command exited with a non-zero code.\n\nPass `{failOnNonZeroExit: false}` to ignore exit code failures.\n\nInformation about the failure:\nCode: 1\n\nStderr:\nerror: dial tcp: lookup api.undefined on 10.11.5.19:53: no such host - verify you have provided the correct host and port and that the server is currently running.\n\nhttps://on.cypress.io/exec\n\nBecause this error occurred during a `after all` hook we are skipping the remaining tests in the current suite: `search resource: verify del...`",
                    "estack": "CypressError: `cy.exec('oc login --server=https://api.undefined:6443 -u kubeadmin -p undefined --insecure-skip-tls-verify')` failed because the command exited with a non-zero code.\n\nPass `{failOnNonZeroExit: false}` to ignore exit code failures.\n\nInformation about the failure:\nCode: 1\n\nStderr:\nerror: dial tcp: lookup api.undefined on 10.11.5.19:53: no such host - verify you have provided the correct host and port and that the server is currently running.\n\nhttps://on.cypress.io/exec\n\nBecause this error occurred during a `after all` hook we are skipping the remaining tests in the current suite: `search resource: verify del...`\n    at https://multicloud-console.apps.ocp4-acm24-azgov-01.qemag.azure.devcluster.openshift.com/__cypress/runner/cypress_runner.js:154288:85\n    at tryCatcher (https://multicloud-console.apps.ocp4-acm24-azgov-01.qemag.azure.devcluster.openshift.com/__cypress/runner/cypress_runner.js:13212:23)\n    at Promise._settlePromiseFromHandler (https://multicloud-console.apps.ocp4-acm24-azgov-01.qemag.azure.devcluster.openshift.com/__cypress/runner/cypress_runner.js:11147:31)\n    at Promise._settlePromise (https://multicloud-console.apps.ocp4-acm24-azgov-01.qemag.azure.devcluster.openshift.com/__cypress/runner/cypress_runner.js:11204:18)\n    at Promise._settlePromise0 (https://multicloud-console.apps.ocp4-acm24-azgov-01.qemag.azure.devcluster.openshift.com/__cypress/runner/cypress_runner.js:11249:10)\n    at Promise._settlePromises (https://multicloud-console.apps.ocp4-acm24-azgov-01.qemag.azure.devcluster.openshift.com/__cypress/runner/cypress_runner.js:11329:18)\n    at _drainQueueStep (https://multicloud-console.apps.ocp4-acm24-azgov-01.qemag.azure.devcluster.openshift.com/__cypress/runner/cypress_runner.js:7919:12)\n    at _drainQueue (https://multicloud-console.apps.ocp4-acm24-azgov-01.qemag.azure.devcluster.openshift.com/__cypress/runner/cypress_runner.js:7912:9)\n    at Async.../../node_modules/bluebird/js/release/async.js.Async._drainQueues (https://multicloud-console.apps.ocp4-acm24-azgov-01.qemag.azure.devcluster.openshift.com/__cypress/runner/cypress_runner.js:7928:5)\n    at Async.drainQueues (https://multicloud-console.apps.ocp4-acm24-azgov-01.qemag.azure.devcluster.openshift.com/__cypress/runner/cypress_runner.js:7798:14)\nFrom Your Spec Code:\n    at Object.login (https://multicloud-console.apps.ocp4-acm24-azgov-01.qemag.azure.devcluster.openshift.com/__cypress/tests?p=tests/cypress/tests/05-delete/01-delete-resources.spec.js:215:8)\n    at Context.eval (https://multicloud-console.apps.ocp4-acm24-azgov-01.qemag.azure.devcluster.openshift.com/__cypress/tests?p=tests/cypress/tests/05-delete/01-delete-resources.spec.js:358:32)",
                    "diff": null
                  },
                  "uuid": "7eeb0d04-0489-4cfa-bb8a-6a3f6faa96a2",
                  "parentUUID": "e73ba361-70dd-431f-879b-532224d614d4",
                  "isHook": false,
                  "skipped": false
                }
              ],
              "suites": [],
              "passes": [],
              "failures": [
                "7eeb0d04-0489-4cfa-bb8a-6a3f6faa96a2"
              ],
              "pending": [
                "c9e3c6b4-9eda-41e7-8bb6-ce2976778771",
                "1cade19c-edb9-4af0-ba02-e6e48f92933f",
                "46b1ec80-95ef-43e9-b3ae-44bdc7da9cba",
                "7eeb0d04-0489-4cfa-bb8a-6a3f6faa96a2"
              ],
              "skipped": [],
              "duration": 988,
              "root": false,
              "rootEmpty": false,
              "_timeout": 2000
            }
          ],
          "passes": [],
          "failures": [],
          "pending": [],
          "skipped": [],
          "duration": 0,
          "root": false,
          "rootEmpty": false,
          "_timeout": 2000
        }
      ],
      "passes": [],
      "failures": [],
      "pending": [],
      "skipped": [],
      "duration": 0,
      "root": true,
      "rootEmpty": true,
      "_timeout": 2000
    }
  ],
  "meta": {
    "mocha": {
      "version": "7.0.1"
    },
    "mochawesome": {
      "options": {
        "quiet": false,
        "reportFilename": "mochawesome-report.json",
        "saveHtml": false,
        "saveJson": true,
        "consoleReporter": "spec",
        "useInlineDiffs": false,
        "code": true
      },
      "version": "6.3.0"
    },
    "marge": {
      "options": {
        "id": "default",
        "reportDir": "cypress/results/json",
        "reportFilename": "mochawesome-report.json",
        "overwrite": false,
        "html": false,
        "json": true
      },
      "version": "5.2.0"
    }
  }
}