{
  "stats": {
    "suites": 1,
    "tests": 1,
    "passes": 0,
    "pending": 0,
    "failures": 1,
    "start": "2021-12-07T19:42:53.987Z",
    "end": "2021-12-07T19:44:21.354Z",
    "duration": 87367,
    "testsRegistered": 1,
    "passPercent": 0,
    "pendingPercent": 0,
    "other": 0,
    "hasOther": false,
    "skipped": 0,
    "hasSkipped": false
  },
  "results": [
    {
      "uuid": "4c93cbbf-4f5e-49a7-a55a-1e764db405db",
      "title": "",
      "fullFile": "tests/cypress/tests/03-create/02-verify-invalid-sc.spec.js",
      "file": "tests/cypress/tests/03-create/02-verify-invalid-sc.spec.js",
      "beforeHooks": [],
      "afterHooks": [],
      "tests": [],
      "suites": [
        {
          "uuid": "e59e56d7-9ff1-4573-a7e1-d92c19cc1758",
          "title": "Search: Test resiliency",
          "fullFile": "",
          "file": "",
          "beforeHooks": [],
          "afterHooks": [],
          "tests": [
            {
              "title": "RHACM4K-1694: Search resiliency verification",
              "fullTitle": "Search: Test resiliency RHACM4K-1694: Search resiliency verification",
              "timedOut": null,
              "duration": 17065,
              "state": "failed",
              "speed": null,
              "pass": false,
              "fail": true,
              "pending": false,
              "context": null,
              "code": "/* Verify CR searchoperator is created and search-operator pod is running */\n// Log in yo ACM\ncy.log(_config.tags.status);\ncy.login(); // Get pod's name\n_cliHelper.cliHelper.findFullPodName('search-operator').as('pod'); // Go to 'search' page\n\n_search.searchPage.whenGoToSearchPage(); // Verify 'search' page loads\n\n_search.searchPage.shouldLoad(); // Filter by 'pods'\n\n_search.searchBar.whenFilterByKind('pod'); // Filter by pod's name\n\n_search.searchBar.whenFilterByName(this.pod); // Go to details page\n\n_search.searchPage.whenGoToResourceDetailItemPage('pod', this.pod); // Check for logs\n\n_podDetailPage.podDetailPage.whenClickOnLogsTab();\n_podDetailPage.podDetailPage.shouldSeeLogs('RedisGraph Pod with PVC Running');\n/* Disable customization CR persistence flag and verify logs */\n// Go to 'search' page - R\n\n_search.searchPage.whenGoToSearchPage(); // Disable customization CR persistence flag\n\n_cliHelper.cliHelper.updateSearchCustomizationCR('false'); // Filter by 'pods'\n\n_search.searchBar.whenFilterByKind('pod'); // Filter by pod's name\n\n_search.searchBar.whenFilterByName(this.pod); // Go to details page\n\n_search.searchPage.whenGoToResourceDetailItemPage('pod', this.pod); // Check for logs\n\n_podDetailPage.podDetailPage.whenClickOnLogsTab();\n_podDetailPage.podDetailPage.shouldSeeLogs('RedisGraph Pod Running with Persistence disabled');\n/* Enable customization CR persistence flag and verify logs */\n// Go to 'search' page - R\n\n_search.searchPage.whenGoToSearchPage(); // Disable customization CR persistence flag\n\n_cliHelper.cliHelper.updateSearchCustomizationCR('true'); // Filter by 'pods'\n\n_search.searchBar.whenFilterByKind('pod'); // Filter by pod's name\n\n_search.searchBar.whenFilterByName(this.pod); // Go to details page\n\n_search.searchPage.whenGoToResourceDetailItemPage('pod', this.pod); // Check for logs\n\n_podDetailPage.podDetailPage.whenClickOnLogsTab();\n_podDetailPage.podDetailPage.shouldSeeLogs('RedisGraph Pod with PVC Running');",
              "err": {
                "message": "AssertionError: Timed out retrying after 15000ms: Expected to find element: `#inputUsername`, but never found it.",
                "estack": "AssertionError: Timed out retrying after 15000ms: Expected to find element: `#inputUsername`, but never found it.\n    at Context.eval (https://multicloud-console.apps.ocp4-acm24-azgov-01.qemag.azure.devcluster.openshift.com/__cypress/tests?p=tests/cypress/support/index.js:8227:10)",
                "diff": null
              },
              "uuid": "8ef5d332-a614-483e-ae49-5840a0f89ccc",
              "parentUUID": "e59e56d7-9ff1-4573-a7e1-d92c19cc1758",
              "isHook": false,
              "skipped": false
            }
          ],
          "suites": [],
          "passes": [],
          "failures": [
            "8ef5d332-a614-483e-ae49-5840a0f89ccc"
          ],
          "pending": [],
          "skipped": [],
          "duration": 17065,
          "root": false,
          "rootEmpty": false,
          "_timeout": 2000
        }
      ],
      "passes": [],
      "failures": [],
      "pending": [],
      "skipped": [],
      "duration": 0,
      "root": true,
      "rootEmpty": true,
      "_timeout": 2000
    }
  ],
  "meta": {
    "mocha": {
      "version": "7.0.1"
    },
    "mochawesome": {
      "options": {
        "quiet": false,
        "reportFilename": "mochawesome-report.json",
        "saveHtml": false,
        "saveJson": true,
        "consoleReporter": "spec",
        "useInlineDiffs": false,
        "code": true
      },
      "version": "6.3.0"
    },
    "marge": {
      "options": {
        "id": "default",
        "reportDir": "cypress/results/json",
        "reportFilename": "mochawesome-report.json",
        "overwrite": false,
        "html": false,
        "json": true
      },
      "version": "5.2.0"
    }
  }
}