{
  "stats": {
    "suites": 1,
    "tests": 1,
    "passes": 1,
    "pending": 0,
    "failures": 0,
    "start": "2021-12-07T20:47:16.069Z",
    "end": "2021-12-07T20:49:24.879Z",
    "duration": 128810,
    "testsRegistered": 1,
    "passPercent": 100,
    "pendingPercent": 0,
    "other": 0,
    "hasOther": false,
    "skipped": 0,
    "hasSkipped": false
  },
  "results": [
    {
      "uuid": "76acc557-6438-487b-9fcb-6b5d70abb6aa",
      "title": "",
      "fullFile": "tests/cypress/tests/03-create/02-verify-invalid-sc.spec.js",
      "file": "tests/cypress/tests/03-create/02-verify-invalid-sc.spec.js",
      "beforeHooks": [],
      "afterHooks": [],
      "tests": [],
      "suites": [
        {
          "uuid": "ea934f53-3342-4722-aee7-5e5c47b8ae32",
          "title": "Search: Test resiliency",
          "fullFile": "",
          "file": "",
          "beforeHooks": [],
          "afterHooks": [],
          "tests": [
            {
              "title": "RHACM4K-1694: Search resiliency verification",
              "fullTitle": "Search: Test resiliency RHACM4K-1694: Search resiliency verification",
              "timedOut": null,
              "duration": 128689,
              "state": "passed",
              "speed": "slow",
              "pass": true,
              "fail": false,
              "pending": false,
              "context": null,
              "code": "/* Verify CR 'searchoperator' is created and search-operator pod is running */\n// Log in yo ACM\ncy.login(); // Go to 'search' page\n_search.searchPage.whenGoToSearchPage(); // Verify 'search' page loads\n\n_search.searchPage.shouldLoad(); // Filter by 'pods'\n\n_search.searchBar.whenFilterByKind('pod'); // Filter by pod's name\n\n_search.searchBar.whenFilterByName(this.pod); // Go to details page\n\n_search.searchPage.whenGoToResourceDetailItemPage('pod', this.pod); // Check for logs\n\n_podDetailPage.podDetailPage.whenClickOnLogsTab();\n_podDetailPage.podDetailPage.shouldSeeLogs('RedisGraph Pod with PVC Running');\n/* Disable customization CR persistence flag and verify logs */\n// Go to 'search' page\n\n_search.searchPage.whenGoToSearchPage(); // Disable customization CR persistence flag\n\n_cliHelper.cliHelper.updateSearchCustomizationCR('false'); // Filter by 'pods'\n\n_search.searchBar.whenFilterByKind('pod'); // Filter by pod's name\n\n_search.searchBar.whenFilterByName(this.pod); // Go to details page\n\n_search.searchPage.whenGoToResourceDetailItemPage('pod', this.pod); // Check for logs\n\n_podDetailPage.podDetailPage.whenClickOnLogsTab();\n_podDetailPage.podDetailPage.shouldSeeLogs('RedisGraph Pod Running with Persistence disabled');\n/* Enable customization CR persistence flag and verify logs */\n// Go to 'search' page\n\n_search.searchPage.whenGoToSearchPage(); // Disable customization CR persistence flag\n\n_cliHelper.cliHelper.updateSearchCustomizationCR('true'); // Filter by 'pods'\n\n_search.searchBar.whenFilterByKind('pod'); // Filter by pod's name\n\n_search.searchBar.whenFilterByName(this.pod); // Go to details page\n\n_search.searchPage.whenGoToResourceDetailItemPage('pod', this.pod); // Check for logs\n\n_podDetailPage.podDetailPage.whenClickOnLogsTab();\n_podDetailPage.podDetailPage.shouldSeeLogs('RedisGraph Pod with PVC Running');",
              "err": {},
              "uuid": "9b844672-6932-4655-92ea-ffa599786fcf",
              "parentUUID": "ea934f53-3342-4722-aee7-5e5c47b8ae32",
              "isHook": false,
              "skipped": false
            }
          ],
          "suites": [],
          "passes": [
            "9b844672-6932-4655-92ea-ffa599786fcf"
          ],
          "failures": [],
          "pending": [],
          "skipped": [],
          "duration": 128689,
          "root": false,
          "rootEmpty": false,
          "_timeout": 2000
        }
      ],
      "passes": [],
      "failures": [],
      "pending": [],
      "skipped": [],
      "duration": 0,
      "root": true,
      "rootEmpty": true,
      "_timeout": 2000
    }
  ],
  "meta": {
    "mocha": {
      "version": "7.0.1"
    },
    "mochawesome": {
      "options": {
        "quiet": false,
        "reportFilename": "mochawesome-report.json",
        "saveHtml": false,
        "saveJson": true,
        "consoleReporter": "spec",
        "useInlineDiffs": false,
        "code": true
      },
      "version": "6.3.0"
    },
    "marge": {
      "options": {
        "id": "default",
        "reportDir": "cypress/results/json",
        "reportFilename": "mochawesome-report.json",
        "overwrite": false,
        "html": false,
        "json": true
      },
      "version": "5.2.0"
    }
  }
}