{
  "stats": {
    "suites": 3,
    "tests": 2,
    "passes": 0,
    "pending": 3,
    "failures": -1,
    "start": "2021-12-08T18:25:10.116Z",
    "end": "2021-12-08T18:25:15.171Z",
    "duration": 5055,
    "testsRegistered": 3,
    "passPercent": null,
    "pendingPercent": 100,
    "other": 1,
    "hasOther": true,
    "skipped": 0,
    "hasSkipped": false
  },
  "results": [
    {
      "uuid": "1f19e261-9f55-4596-9211-c4d05cc407c9",
      "title": "",
      "fullFile": "tests/cypress/tests/03-create/01-create-resource.spec.js",
      "file": "tests/cypress/tests/03-create/01-create-resource.spec.js",
      "beforeHooks": [],
      "afterHooks": [],
      "tests": [],
      "suites": [
        {
          "uuid": "eda979df-75bf-4b66-9e16-3a7d7f13e15c",
          "title": "RHACM4K-1233: Search: Search in Local Cluster",
          "fullFile": "",
          "file": "",
          "beforeHooks": [],
          "afterHooks": [],
          "tests": [],
          "suites": [
            {
              "uuid": "131ef904-b6b8-4582-b141-350932671a72",
              "title": "prereq: user should log into the ACM console",
              "fullFile": "",
              "file": "",
              "beforeHooks": [],
              "afterHooks": [],
              "tests": [
                {
                  "title": "[P1][Sev1][observability-usa] should login",
                  "fullTitle": "RHACM4K-1233: Search: Search in Local Cluster prereq: user should log into the ACM console [P1][Sev1][observability-usa] should login",
                  "timedOut": null,
                  "duration": 0,
                  "state": "pending",
                  "speed": null,
                  "pass": false,
                  "fail": false,
                  "pending": true,
                  "context": null,
                  "code": "",
                  "err": {},
                  "uuid": "4d155cc6-0d7e-4462-a1cf-fc9a3628c0cf",
                  "parentUUID": "131ef904-b6b8-4582-b141-350932671a72",
                  "isHook": false,
                  "skipped": false
                }
              ],
              "suites": [],
              "passes": [],
              "failures": [],
              "pending": [
                "4d155cc6-0d7e-4462-a1cf-fc9a3628c0cf"
              ],
              "skipped": [],
              "duration": 0,
              "root": false,
              "rootEmpty": false,
              "_timeout": 2000
            },
            {
              "uuid": "b005f32e-be89-4a12-97f7-5788b8ec507c",
              "title": "search resources: verify create resource in search",
              "fullFile": "",
              "file": "",
              "beforeHooks": [],
              "afterHooks": [],
              "tests": [
                {
                  "title": "[P2][Sev2][observability-usa] should load the search page",
                  "fullTitle": "RHACM4K-1233: Search: Search in Local Cluster search resources: verify create resource in search [P2][Sev2][observability-usa] should load the search page",
                  "timedOut": null,
                  "duration": 0,
                  "state": "pending",
                  "speed": null,
                  "pass": false,
                  "fail": false,
                  "pending": true,
                  "context": null,
                  "code": "",
                  "err": {},
                  "uuid": "3a6c362f-0d0b-4e2f-be4f-f4155d2e4cd8",
                  "parentUUID": "b005f32e-be89-4a12-97f7-5788b8ec507c",
                  "isHook": false,
                  "skipped": false
                },
                {
                  "title": "[P2][Sev2][observability-usa] should have link to resource creation page",
                  "fullTitle": "RHACM4K-1233: Search: Search in Local Cluster search resources: verify create resource in search [P2][Sev2][observability-usa] should have link to resource creation page",
                  "timedOut": null,
                  "duration": 0,
                  "state": "pending",
                  "speed": null,
                  "pass": false,
                  "fail": false,
                  "pending": true,
                  "context": null,
                  "code": "",
                  "err": {},
                  "uuid": "ad54ddaa-ac7a-4f4e-b920-a04fcf9d704d",
                  "parentUUID": "b005f32e-be89-4a12-97f7-5788b8ec507c",
                  "isHook": false,
                  "skipped": false
                }
              ],
              "suites": [],
              "passes": [],
              "failures": [],
              "pending": [
                "3a6c362f-0d0b-4e2f-be4f-f4155d2e4cd8",
                "ad54ddaa-ac7a-4f4e-b920-a04fcf9d704d"
              ],
              "skipped": [],
              "duration": 0,
              "root": false,
              "rootEmpty": false,
              "_timeout": 2000
            }
          ],
          "passes": [],
          "failures": [],
          "pending": [],
          "skipped": [],
          "duration": 0,
          "root": false,
          "rootEmpty": false,
          "_timeout": 2000
        }
      ],
      "passes": [],
      "failures": [],
      "pending": [],
      "skipped": [],
      "duration": 0,
      "root": true,
      "rootEmpty": true,
      "_timeout": 2000
    }
  ],
  "meta": {
    "mocha": {
      "version": "7.0.1"
    },
    "mochawesome": {
      "options": {
        "quiet": false,
        "reportFilename": "mochawesome-report.json",
        "saveHtml": false,
        "saveJson": true,
        "consoleReporter": "spec",
        "useInlineDiffs": false,
        "code": true
      },
      "version": "6.3.0"
    },
    "marge": {
      "options": {
        "id": "default",
        "reportDir": "cypress/results/json",
        "reportFilename": "mochawesome-report.json",
        "overwrite": false,
        "html": false,
        "json": true
      },
      "version": "5.2.0"
    }
  }
}