{
  "stats": {
    "suites": 3,
    "tests": 2,
    "passes": 0,
    "pending": 8,
    "failures": -6,
    "start": "2021-12-08T18:41:13.957Z",
    "end": "2021-12-08T18:41:18.766Z",
    "duration": 4809,
    "testsRegistered": 8,
    "passPercent": null,
    "pendingPercent": 100,
    "other": 6,
    "hasOther": true,
    "skipped": 0,
    "hasSkipped": false
  },
  "results": [
    {
      "uuid": "aab96550-422c-4d3b-98bb-02fd02adc8f1",
      "title": "",
      "fullFile": "tests/cypress/tests/11-managed/02-multicluster-search-base.spec.js",
      "file": "tests/cypress/tests/11-managed/02-multicluster-search-base.spec.js",
      "beforeHooks": [],
      "afterHooks": [],
      "tests": [],
      "suites": [
        {
          "uuid": "176f1ccc-db58-47d4-b467-e55acb87dd8e",
          "title": "RHACM4K-1262 - Search: multiple managedclusters base tests",
          "fullFile": "",
          "file": "",
          "beforeHooks": [],
          "afterHooks": [],
          "tests": [],
          "suites": [
            {
              "uuid": "d4c7eea1-a75f-46aa-aac8-678ce92cb675",
              "title": "prereq: user should log into the ACM console",
              "fullFile": "",
              "file": "",
              "beforeHooks": [],
              "afterHooks": [],
              "tests": [
                {
                  "title": "[P1][Sev1][observability-usa] should login",
                  "fullTitle": "RHACM4K-1262 - Search: multiple managedclusters base tests prereq: user should log into the ACM console [P1][Sev1][observability-usa] should login",
                  "timedOut": null,
                  "duration": 0,
                  "state": "pending",
                  "speed": null,
                  "pass": false,
                  "fail": false,
                  "pending": true,
                  "context": null,
                  "code": "",
                  "err": {},
                  "uuid": "5e3e0993-b010-4c8b-a409-65a4e67b63c8",
                  "parentUUID": "d4c7eea1-a75f-46aa-aac8-678ce92cb675",
                  "isHook": false,
                  "skipped": false
                }
              ],
              "suites": [],
              "passes": [],
              "failures": [],
              "pending": [
                "5e3e0993-b010-4c8b-a409-65a4e67b63c8"
              ],
              "skipped": [],
              "duration": 0,
              "root": false,
              "rootEmpty": false,
              "_timeout": 2000
            },
            {
              "uuid": "cc440af2-ccdb-43e4-a6c2-4a226318bb3d",
              "title": "verify: multicluster managed base",
              "fullFile": "",
              "file": "",
              "beforeHooks": [],
              "afterHooks": [],
              "tests": [
                {
                  "title": "[P2][Sev2][observability-usa] should find each managed cluster has default namespace",
                  "fullTitle": "RHACM4K-1262 - Search: multiple managedclusters base tests verify: multicluster managed base [P2][Sev2][observability-usa] should find each managed cluster has default namespace",
                  "timedOut": null,
                  "duration": 0,
                  "state": "pending",
                  "speed": null,
                  "pass": false,
                  "fail": false,
                  "pending": true,
                  "context": null,
                  "code": "",
                  "err": {},
                  "uuid": "07117078-ea3e-432e-9e6c-6c1382923978",
                  "parentUUID": "cc440af2-ccdb-43e4-a6c2-4a226318bb3d",
                  "isHook": false,
                  "skipped": false
                },
                {
                  "title": "[P2][Sev2][observability-usa] should find open-cluster-management-agent namespace exists",
                  "fullTitle": "RHACM4K-1262 - Search: multiple managedclusters base tests verify: multicluster managed base [P2][Sev2][observability-usa] should find open-cluster-management-agent namespace exists",
                  "timedOut": null,
                  "duration": 0,
                  "state": "pending",
                  "speed": null,
                  "pass": false,
                  "fail": false,
                  "pending": true,
                  "context": null,
                  "code": "",
                  "err": {},
                  "uuid": "4f22a65a-6183-41f6-b1eb-337142e5d014",
                  "parentUUID": "cc440af2-ccdb-43e4-a6c2-4a226318bb3d",
                  "isHook": false,
                  "skipped": false
                },
                {
                  "title": "[P2][Sev2][observability-usa] should be able to save current search",
                  "fullTitle": "RHACM4K-1262 - Search: multiple managedclusters base tests verify: multicluster managed base [P2][Sev2][observability-usa] should be able to save current search",
                  "timedOut": null,
                  "duration": 0,
                  "state": "pending",
                  "speed": null,
                  "pass": false,
                  "fail": false,
                  "pending": true,
                  "context": null,
                  "code": "",
                  "err": {},
                  "uuid": "8a621a54-ae0f-4d8e-bd4c-9a38988b64a2",
                  "parentUUID": "cc440af2-ccdb-43e4-a6c2-4a226318bb3d",
                  "isHook": false,
                  "skipped": false
                },
                {
                  "title": "[P2][Sev2][observability-usa] should be able to find the saved searches",
                  "fullTitle": "RHACM4K-1262 - Search: multiple managedclusters base tests verify: multicluster managed base [P2][Sev2][observability-usa] should be able to find the saved searches",
                  "timedOut": null,
                  "duration": 0,
                  "state": "pending",
                  "speed": null,
                  "pass": false,
                  "fail": false,
                  "pending": true,
                  "context": null,
                  "code": "",
                  "err": {},
                  "uuid": "b250cb8a-16e0-4f8f-af64-e9555644456d",
                  "parentUUID": "cc440af2-ccdb-43e4-a6c2-4a226318bb3d",
                  "isHook": false,
                  "skipped": false
                },
                {
                  "title": "[P2][Sev2][observability-usa] should logout",
                  "fullTitle": "RHACM4K-1262 - Search: multiple managedclusters base tests verify: multicluster managed base [P2][Sev2][observability-usa] should logout",
                  "timedOut": null,
                  "duration": 0,
                  "state": "pending",
                  "speed": null,
                  "pass": false,
                  "fail": false,
                  "pending": true,
                  "context": null,
                  "code": "",
                  "err": {},
                  "uuid": "937acf06-4a06-4369-93c7-6952fa6c95e1",
                  "parentUUID": "cc440af2-ccdb-43e4-a6c2-4a226318bb3d",
                  "isHook": false,
                  "skipped": false
                },
                {
                  "title": "[P2][Sev2][observability-usa] should login",
                  "fullTitle": "RHACM4K-1262 - Search: multiple managedclusters base tests verify: multicluster managed base [P2][Sev2][observability-usa] should login",
                  "timedOut": null,
                  "duration": 0,
                  "state": "pending",
                  "speed": null,
                  "pass": false,
                  "fail": false,
                  "pending": true,
                  "context": null,
                  "code": "",
                  "err": {},
                  "uuid": "5fa56373-c4e3-40f1-a50d-448db43607be",
                  "parentUUID": "cc440af2-ccdb-43e4-a6c2-4a226318bb3d",
                  "isHook": false,
                  "skipped": false
                },
                {
                  "title": "[P2][Sev2][observability-usa] should be able to find the saved searches after logging back in",
                  "fullTitle": "RHACM4K-1262 - Search: multiple managedclusters base tests verify: multicluster managed base [P2][Sev2][observability-usa] should be able to find the saved searches after logging back in",
                  "timedOut": null,
                  "duration": 0,
                  "state": "pending",
                  "speed": null,
                  "pass": false,
                  "fail": false,
                  "pending": true,
                  "context": null,
                  "code": "",
                  "err": {},
                  "uuid": "acc77a91-e246-498a-955b-8e1e89db6053",
                  "parentUUID": "cc440af2-ccdb-43e4-a6c2-4a226318bb3d",
                  "isHook": false,
                  "skipped": false
                }
              ],
              "suites": [],
              "passes": [],
              "failures": [],
              "pending": [
                "07117078-ea3e-432e-9e6c-6c1382923978",
                "4f22a65a-6183-41f6-b1eb-337142e5d014",
                "8a621a54-ae0f-4d8e-bd4c-9a38988b64a2",
                "b250cb8a-16e0-4f8f-af64-e9555644456d",
                "937acf06-4a06-4369-93c7-6952fa6c95e1",
                "5fa56373-c4e3-40f1-a50d-448db43607be",
                "acc77a91-e246-498a-955b-8e1e89db6053"
              ],
              "skipped": [],
              "duration": 0,
              "root": false,
              "rootEmpty": false,
              "_timeout": 2000
            }
          ],
          "passes": [],
          "failures": [],
          "pending": [],
          "skipped": [],
          "duration": 0,
          "root": false,
          "rootEmpty": false,
          "_timeout": 2000
        }
      ],
      "passes": [],
      "failures": [],
      "pending": [],
      "skipped": [],
      "duration": 0,
      "root": true,
      "rootEmpty": true,
      "_timeout": 2000
    }
  ],
  "meta": {
    "mocha": {
      "version": "7.0.1"
    },
    "mochawesome": {
      "options": {
        "quiet": false,
        "reportFilename": "mochawesome-report.json",
        "saveHtml": false,
        "saveJson": true,
        "consoleReporter": "spec",
        "useInlineDiffs": false,
        "code": true
      },
      "version": "6.3.0"
    },
    "marge": {
      "options": {
        "id": "default",
        "reportDir": "cypress/results/json",
        "reportFilename": "mochawesome-report.json",
        "overwrite": false,
        "html": false,
        "json": true
      },
      "version": "5.2.0"
    }
  }
}