{
  "stats": {
    "suites": 4,
    "tests": 3,
    "passes": 0,
    "pending": 15,
    "failures": -12,
    "start": "2021-12-08T18:26:13.828Z",
    "end": "2021-12-08T18:26:18.677Z",
    "duration": 4849,
    "testsRegistered": 15,
    "passPercent": null,
    "pendingPercent": 100,
    "other": 12,
    "hasOther": true,
    "skipped": 0,
    "hasSkipped": false
  },
  "results": [
    {
      "uuid": "dbfef120-f432-4cec-bb59-9f34c1083c09",
      "title": "",
      "fullFile": "tests/cypress/tests/08-overview/01-overview-page.spec.js",
      "file": "tests/cypress/tests/08-overview/01-overview-page.spec.js",
      "beforeHooks": [],
      "afterHooks": [],
      "tests": [],
      "suites": [
        {
          "uuid": "6bbc7c07-538d-40ee-879e-77a1f65f8e2f",
          "title": "RHACM4K-1419: Search: Overview page",
          "fullFile": "",
          "file": "",
          "beforeHooks": [],
          "afterHooks": [],
          "tests": [],
          "suites": [
            {
              "uuid": "7367c952-0026-46cb-bbd6-4c5daa98d117",
              "title": "prereq: user should log into the ACM console",
              "fullFile": "",
              "file": "",
              "beforeHooks": [],
              "afterHooks": [],
              "tests": [
                {
                  "title": "[P1][Sev1][observability-usa] should login",
                  "fullTitle": "RHACM4K-1419: Search: Overview page prereq: user should log into the ACM console [P1][Sev1][observability-usa] should login",
                  "timedOut": null,
                  "duration": 0,
                  "state": "pending",
                  "speed": null,
                  "pass": false,
                  "fail": false,
                  "pending": true,
                  "context": null,
                  "code": "",
                  "err": {},
                  "uuid": "0124c572-4603-4696-9be3-ab4f0ebb1fe0",
                  "parentUUID": "7367c952-0026-46cb-bbd6-4c5daa98d117",
                  "isHook": false,
                  "skipped": false
                }
              ],
              "suites": [],
              "passes": [],
              "failures": [],
              "pending": [
                "0124c572-4603-4696-9be3-ab4f0ebb1fe0"
              ],
              "skipped": [],
              "duration": 0,
              "root": false,
              "rootEmpty": false,
              "_timeout": 2000
            },
            {
              "uuid": "a29084b2-4029-49f2-b926-d50a067d1950",
              "title": "UI - overview page validation",
              "fullFile": "",
              "file": "",
              "beforeHooks": [],
              "afterHooks": [],
              "tests": [
                {
                  "title": "[P1][Sev1][observability-usa] should load the overview page",
                  "fullTitle": "RHACM4K-1419: Search: Overview page UI - overview page validation [P1][Sev1][observability-usa] should load the overview page",
                  "timedOut": null,
                  "duration": 0,
                  "state": "pending",
                  "speed": null,
                  "pass": false,
                  "fail": false,
                  "pending": true,
                  "context": null,
                  "code": "",
                  "err": {},
                  "uuid": "66ef7f62-a28f-44b6-915f-d5b3a83a4f56",
                  "parentUUID": "a29084b2-4029-49f2-b926-d50a067d1950",
                  "isHook": false,
                  "skipped": false
                },
                {
                  "title": "[P2][Sev2][observability-usa] should have refresh options",
                  "fullTitle": "RHACM4K-1419: Search: Overview page UI - overview page validation [P2][Sev2][observability-usa] should have refresh options",
                  "timedOut": null,
                  "duration": 0,
                  "state": "pending",
                  "speed": null,
                  "pass": false,
                  "fail": false,
                  "pending": true,
                  "context": null,
                  "code": "",
                  "err": {},
                  "uuid": "22857b33-180d-46a3-9909-25170ab91e23",
                  "parentUUID": "a29084b2-4029-49f2-b926-d50a067d1950",
                  "isHook": false,
                  "skipped": false
                },
                {
                  "title": "[P2][Sev2][observability-usa] should have clusters provider card",
                  "fullTitle": "RHACM4K-1419: Search: Overview page UI - overview page validation [P2][Sev2][observability-usa] should have clusters provider card",
                  "timedOut": null,
                  "duration": 0,
                  "state": "pending",
                  "speed": null,
                  "pass": false,
                  "fail": false,
                  "pending": true,
                  "context": null,
                  "code": "",
                  "err": {},
                  "uuid": "22e2a8aa-6fa9-4003-acf0-f5e868674b24",
                  "parentUUID": "a29084b2-4029-49f2-b926-d50a067d1950",
                  "isHook": false,
                  "skipped": false
                },
                {
                  "title": "[P2][Sev2][observability-usa] should have clusters summary breakdown",
                  "fullTitle": "RHACM4K-1419: Search: Overview page UI - overview page validation [P2][Sev2][observability-usa] should have clusters summary breakdown",
                  "timedOut": null,
                  "duration": 0,
                  "state": "pending",
                  "speed": null,
                  "pass": false,
                  "fail": false,
                  "pending": true,
                  "context": null,
                  "code": "",
                  "err": {},
                  "uuid": "65ae7ac5-0a34-4337-88a8-cad3e44bb5cb",
                  "parentUUID": "a29084b2-4029-49f2-b926-d50a067d1950",
                  "isHook": false,
                  "skipped": false
                },
                {
                  "title": "[P2][Sev2][observability-usa] should have link to search page",
                  "fullTitle": "RHACM4K-1419: Search: Overview page UI - overview page validation [P2][Sev2][observability-usa] should have link to search page",
                  "timedOut": null,
                  "duration": 0,
                  "state": "pending",
                  "speed": null,
                  "pass": false,
                  "fail": false,
                  "pending": true,
                  "context": null,
                  "code": "",
                  "err": {},
                  "uuid": "7806f154-7c67-48f0-b413-e88c8d5907a2",
                  "parentUUID": "a29084b2-4029-49f2-b926-d50a067d1950",
                  "isHook": false,
                  "skipped": false
                },
                {
                  "title": "[P2][Sev2][observability-usa] add cloud connection action works",
                  "fullTitle": "RHACM4K-1419: Search: Overview page UI - overview page validation [P2][Sev2][observability-usa] add cloud connection action works",
                  "timedOut": null,
                  "duration": 0,
                  "state": "pending",
                  "speed": null,
                  "pass": false,
                  "fail": false,
                  "pending": true,
                  "context": null,
                  "code": "",
                  "err": {},
                  "uuid": "82b366c8-bc3c-49ed-bfae-f68bf4ceca6a",
                  "parentUUID": "a29084b2-4029-49f2-b926-d50a067d1950",
                  "isHook": false,
                  "skipped": false
                }
              ],
              "suites": [],
              "passes": [],
              "failures": [],
              "pending": [
                "66ef7f62-a28f-44b6-915f-d5b3a83a4f56",
                "22857b33-180d-46a3-9909-25170ab91e23",
                "22e2a8aa-6fa9-4003-acf0-f5e868674b24",
                "65ae7ac5-0a34-4337-88a8-cad3e44bb5cb",
                "7806f154-7c67-48f0-b413-e88c8d5907a2",
                "82b366c8-bc3c-49ed-bfae-f68bf4ceca6a"
              ],
              "skipped": [],
              "duration": 0,
              "root": false,
              "rootEmpty": false,
              "_timeout": 2000
            },
            {
              "uuid": "35a8da70-e5d5-4d00-b1cb-67b5d8623120",
              "title": "UI - overview page link validation",
              "fullFile": "",
              "file": "",
              "beforeHooks": [],
              "afterHooks": [],
              "tests": [
                {
                  "title": "[P2][Sev2][observability-usa] should have link to welcome page from left nav",
                  "fullTitle": "RHACM4K-1419: Search: Overview page UI - overview page link validation [P2][Sev2][observability-usa] should have link to welcome page from left nav",
                  "timedOut": null,
                  "duration": 0,
                  "state": "pending",
                  "speed": null,
                  "pass": false,
                  "fail": false,
                  "pending": true,
                  "context": null,
                  "code": "",
                  "err": {},
                  "uuid": "42751639-e822-457e-9d66-491dfdb155d6",
                  "parentUUID": "35a8da70-e5d5-4d00-b1cb-67b5d8623120",
                  "isHook": false,
                  "skipped": false
                },
                {
                  "title": "[P2][Sev2][observability-usa] should have link to cluster page from left nav",
                  "fullTitle": "RHACM4K-1419: Search: Overview page UI - overview page link validation [P2][Sev2][observability-usa] should have link to cluster page from left nav",
                  "timedOut": null,
                  "duration": 0,
                  "state": "pending",
                  "speed": null,
                  "pass": false,
                  "fail": false,
                  "pending": true,
                  "context": null,
                  "code": "",
                  "err": {},
                  "uuid": "1ec3d51b-d266-4d6a-9853-e5c85e6bddcc",
                  "parentUUID": "35a8da70-e5d5-4d00-b1cb-67b5d8623120",
                  "isHook": false,
                  "skipped": false
                },
                {
                  "title": "[P2][Sev2][observability-usa] should have link to bare metal assets page from left nav",
                  "fullTitle": "RHACM4K-1419: Search: Overview page UI - overview page link validation [P2][Sev2][observability-usa] should have link to bare metal assets page from left nav",
                  "timedOut": null,
                  "duration": 0,
                  "state": "pending",
                  "speed": null,
                  "pass": false,
                  "fail": false,
                  "pending": true,
                  "context": null,
                  "code": "",
                  "err": {},
                  "uuid": "7af91700-ca83-458e-80e2-ef12a7e124c4",
                  "parentUUID": "35a8da70-e5d5-4d00-b1cb-67b5d8623120",
                  "isHook": false,
                  "skipped": false
                },
                {
                  "title": "[P2][Sev2][observability-usa] should have link to automation page from left nav",
                  "fullTitle": "RHACM4K-1419: Search: Overview page UI - overview page link validation [P2][Sev2][observability-usa] should have link to automation page from left nav",
                  "timedOut": null,
                  "duration": 0,
                  "state": "pending",
                  "speed": null,
                  "pass": false,
                  "fail": false,
                  "pending": true,
                  "context": null,
                  "code": "",
                  "err": {},
                  "uuid": "bb96c915-cfd6-46c0-8be8-d27c2bdb1b7a",
                  "parentUUID": "35a8da70-e5d5-4d00-b1cb-67b5d8623120",
                  "isHook": false,
                  "skipped": false
                },
                {
                  "title": "[P2][Sev2][observability-usa] should have link to application page from left nav",
                  "fullTitle": "RHACM4K-1419: Search: Overview page UI - overview page link validation [P2][Sev2][observability-usa] should have link to application page from left nav",
                  "timedOut": null,
                  "duration": 0,
                  "state": "pending",
                  "speed": null,
                  "pass": false,
                  "fail": false,
                  "pending": true,
                  "context": null,
                  "code": "",
                  "err": {},
                  "uuid": "d634d786-f76f-4cb4-b022-1ef4a52f40a3",
                  "parentUUID": "35a8da70-e5d5-4d00-b1cb-67b5d8623120",
                  "isHook": false,
                  "skipped": false
                },
                {
                  "title": "[P2][Sev2][observability-usa] should have link to governance page from left nav",
                  "fullTitle": "RHACM4K-1419: Search: Overview page UI - overview page link validation [P2][Sev2][observability-usa] should have link to governance page from left nav",
                  "timedOut": null,
                  "duration": 0,
                  "state": "pending",
                  "speed": null,
                  "pass": false,
                  "fail": false,
                  "pending": true,
                  "context": null,
                  "code": "",
                  "err": {},
                  "uuid": "2b502be1-0eb8-4a39-b560-14477ff8ed86",
                  "parentUUID": "35a8da70-e5d5-4d00-b1cb-67b5d8623120",
                  "isHook": false,
                  "skipped": false
                },
                {
                  "title": "[P2][Sev2][observability-usa] should have link to credential page from left nav",
                  "fullTitle": "RHACM4K-1419: Search: Overview page UI - overview page link validation [P2][Sev2][observability-usa] should have link to credential page from left nav",
                  "timedOut": null,
                  "duration": 0,
                  "state": "pending",
                  "speed": null,
                  "pass": false,
                  "fail": false,
                  "pending": true,
                  "context": null,
                  "code": "",
                  "err": {},
                  "uuid": "a3cc1f86-761b-4775-8271-542267d1710c",
                  "parentUUID": "35a8da70-e5d5-4d00-b1cb-67b5d8623120",
                  "isHook": false,
                  "skipped": false
                },
                {
                  "title": "[P2][Sev2][observability-usa] should have link to resource creation page",
                  "fullTitle": "RHACM4K-1419: Search: Overview page UI - overview page link validation [P2][Sev2][observability-usa] should have link to resource creation page",
                  "timedOut": null,
                  "duration": 0,
                  "state": "pending",
                  "speed": null,
                  "pass": false,
                  "fail": false,
                  "pending": true,
                  "context": null,
                  "code": "",
                  "err": {},
                  "uuid": "ed44175d-b1f3-4379-a0f8-12212f87bf05",
                  "parentUUID": "35a8da70-e5d5-4d00-b1cb-67b5d8623120",
                  "isHook": false,
                  "skipped": false
                }
              ],
              "suites": [],
              "passes": [],
              "failures": [],
              "pending": [
                "42751639-e822-457e-9d66-491dfdb155d6",
                "1ec3d51b-d266-4d6a-9853-e5c85e6bddcc",
                "7af91700-ca83-458e-80e2-ef12a7e124c4",
                "bb96c915-cfd6-46c0-8be8-d27c2bdb1b7a",
                "d634d786-f76f-4cb4-b022-1ef4a52f40a3",
                "2b502be1-0eb8-4a39-b560-14477ff8ed86",
                "a3cc1f86-761b-4775-8271-542267d1710c",
                "ed44175d-b1f3-4379-a0f8-12212f87bf05"
              ],
              "skipped": [],
              "duration": 0,
              "root": false,
              "rootEmpty": false,
              "_timeout": 2000
            }
          ],
          "passes": [],
          "failures": [],
          "pending": [],
          "skipped": [],
          "duration": 0,
          "root": false,
          "rootEmpty": false,
          "_timeout": 2000
        }
      ],
      "passes": [],
      "failures": [],
      "pending": [],
      "skipped": [],
      "duration": 0,
      "root": true,
      "rootEmpty": true,
      "_timeout": 2000
    }
  ],
  "meta": {
    "mocha": {
      "version": "7.0.1"
    },
    "mochawesome": {
      "options": {
        "quiet": false,
        "reportFilename": "mochawesome-report.json",
        "saveHtml": false,
        "saveJson": true,
        "consoleReporter": "spec",
        "useInlineDiffs": false,
        "code": true
      },
      "version": "6.3.0"
    },
    "marge": {
      "options": {
        "id": "default",
        "reportDir": "cypress/results/json",
        "reportFilename": "mochawesome-report.json",
        "overwrite": false,
        "html": false,
        "json": true
      },
      "version": "5.2.0"
    }
  }
}