{
  "stats": {
    "suites": 4,
    "tests": 3,
    "passes": 0,
    "pending": 15,
    "failures": -12,
    "start": "2021-12-08T18:40:31.540Z",
    "end": "2021-12-08T18:40:37.127Z",
    "duration": 5587,
    "testsRegistered": 15,
    "passPercent": null,
    "pendingPercent": 100,
    "other": 12,
    "hasOther": true,
    "skipped": 0,
    "hasSkipped": false
  },
  "results": [
    {
      "uuid": "648e9377-7ec7-4238-87f2-34ace0603a5c",
      "title": "",
      "fullFile": "tests/cypress/tests/08-overview/01-overview-page.spec.js",
      "file": "tests/cypress/tests/08-overview/01-overview-page.spec.js",
      "beforeHooks": [],
      "afterHooks": [],
      "tests": [],
      "suites": [
        {
          "uuid": "b7dd7d64-2df2-48f8-ae3f-41b269ef546e",
          "title": "RHACM4K-1419: Search: Overview page",
          "fullFile": "",
          "file": "",
          "beforeHooks": [],
          "afterHooks": [],
          "tests": [],
          "suites": [
            {
              "uuid": "2e8cfc03-c3df-414e-9176-71a08c0e912c",
              "title": "prereq: user should log into the ACM console",
              "fullFile": "",
              "file": "",
              "beforeHooks": [],
              "afterHooks": [],
              "tests": [
                {
                  "title": "[P1][Sev1][observability-usa] should login",
                  "fullTitle": "RHACM4K-1419: Search: Overview page prereq: user should log into the ACM console [P1][Sev1][observability-usa] should login",
                  "timedOut": null,
                  "duration": 0,
                  "state": "pending",
                  "speed": null,
                  "pass": false,
                  "fail": false,
                  "pending": true,
                  "context": null,
                  "code": "",
                  "err": {},
                  "uuid": "427b43fa-b7ff-41e9-86f4-751cfaf1da65",
                  "parentUUID": "2e8cfc03-c3df-414e-9176-71a08c0e912c",
                  "isHook": false,
                  "skipped": false
                }
              ],
              "suites": [],
              "passes": [],
              "failures": [],
              "pending": [
                "427b43fa-b7ff-41e9-86f4-751cfaf1da65"
              ],
              "skipped": [],
              "duration": 0,
              "root": false,
              "rootEmpty": false,
              "_timeout": 2000
            },
            {
              "uuid": "a68c5ff1-b135-4d74-8de4-b8907b6cd55b",
              "title": "UI - overview page validation",
              "fullFile": "",
              "file": "",
              "beforeHooks": [],
              "afterHooks": [],
              "tests": [
                {
                  "title": "[P1][Sev1][observability-usa] should load the overview page",
                  "fullTitle": "RHACM4K-1419: Search: Overview page UI - overview page validation [P1][Sev1][observability-usa] should load the overview page",
                  "timedOut": null,
                  "duration": 0,
                  "state": "pending",
                  "speed": null,
                  "pass": false,
                  "fail": false,
                  "pending": true,
                  "context": null,
                  "code": "",
                  "err": {},
                  "uuid": "62b1e262-5023-4fa2-8237-049481016dff",
                  "parentUUID": "a68c5ff1-b135-4d74-8de4-b8907b6cd55b",
                  "isHook": false,
                  "skipped": false
                },
                {
                  "title": "[P2][Sev2][observability-usa] should have refresh options",
                  "fullTitle": "RHACM4K-1419: Search: Overview page UI - overview page validation [P2][Sev2][observability-usa] should have refresh options",
                  "timedOut": null,
                  "duration": 0,
                  "state": "pending",
                  "speed": null,
                  "pass": false,
                  "fail": false,
                  "pending": true,
                  "context": null,
                  "code": "",
                  "err": {},
                  "uuid": "07233786-d43e-4bc8-bca9-a54ae6a7e955",
                  "parentUUID": "a68c5ff1-b135-4d74-8de4-b8907b6cd55b",
                  "isHook": false,
                  "skipped": false
                },
                {
                  "title": "[P2][Sev2][observability-usa] should have clusters provider card",
                  "fullTitle": "RHACM4K-1419: Search: Overview page UI - overview page validation [P2][Sev2][observability-usa] should have clusters provider card",
                  "timedOut": null,
                  "duration": 0,
                  "state": "pending",
                  "speed": null,
                  "pass": false,
                  "fail": false,
                  "pending": true,
                  "context": null,
                  "code": "",
                  "err": {},
                  "uuid": "30c7ee80-9660-4a03-8108-4bc973f532ce",
                  "parentUUID": "a68c5ff1-b135-4d74-8de4-b8907b6cd55b",
                  "isHook": false,
                  "skipped": false
                },
                {
                  "title": "[P2][Sev2][observability-usa] should have clusters summary breakdown",
                  "fullTitle": "RHACM4K-1419: Search: Overview page UI - overview page validation [P2][Sev2][observability-usa] should have clusters summary breakdown",
                  "timedOut": null,
                  "duration": 0,
                  "state": "pending",
                  "speed": null,
                  "pass": false,
                  "fail": false,
                  "pending": true,
                  "context": null,
                  "code": "",
                  "err": {},
                  "uuid": "47d91d96-489e-488c-8df6-c3fa4e55d240",
                  "parentUUID": "a68c5ff1-b135-4d74-8de4-b8907b6cd55b",
                  "isHook": false,
                  "skipped": false
                },
                {
                  "title": "[P2][Sev2][observability-usa] should have link to search page",
                  "fullTitle": "RHACM4K-1419: Search: Overview page UI - overview page validation [P2][Sev2][observability-usa] should have link to search page",
                  "timedOut": null,
                  "duration": 0,
                  "state": "pending",
                  "speed": null,
                  "pass": false,
                  "fail": false,
                  "pending": true,
                  "context": null,
                  "code": "",
                  "err": {},
                  "uuid": "3e0c54ff-987e-410b-9977-21f9b227b56d",
                  "parentUUID": "a68c5ff1-b135-4d74-8de4-b8907b6cd55b",
                  "isHook": false,
                  "skipped": false
                },
                {
                  "title": "[P2][Sev2][observability-usa] add cloud connection action works",
                  "fullTitle": "RHACM4K-1419: Search: Overview page UI - overview page validation [P2][Sev2][observability-usa] add cloud connection action works",
                  "timedOut": null,
                  "duration": 0,
                  "state": "pending",
                  "speed": null,
                  "pass": false,
                  "fail": false,
                  "pending": true,
                  "context": null,
                  "code": "",
                  "err": {},
                  "uuid": "4b82475b-f933-4505-9f32-081446581d6d",
                  "parentUUID": "a68c5ff1-b135-4d74-8de4-b8907b6cd55b",
                  "isHook": false,
                  "skipped": false
                }
              ],
              "suites": [],
              "passes": [],
              "failures": [],
              "pending": [
                "62b1e262-5023-4fa2-8237-049481016dff",
                "07233786-d43e-4bc8-bca9-a54ae6a7e955",
                "30c7ee80-9660-4a03-8108-4bc973f532ce",
                "47d91d96-489e-488c-8df6-c3fa4e55d240",
                "3e0c54ff-987e-410b-9977-21f9b227b56d",
                "4b82475b-f933-4505-9f32-081446581d6d"
              ],
              "skipped": [],
              "duration": 0,
              "root": false,
              "rootEmpty": false,
              "_timeout": 2000
            },
            {
              "uuid": "3862e4ff-ac9b-407c-93ed-ebc71368c348",
              "title": "UI - overview page link validation",
              "fullFile": "",
              "file": "",
              "beforeHooks": [],
              "afterHooks": [],
              "tests": [
                {
                  "title": "[P2][Sev2][observability-usa] should have link to welcome page from left nav",
                  "fullTitle": "RHACM4K-1419: Search: Overview page UI - overview page link validation [P2][Sev2][observability-usa] should have link to welcome page from left nav",
                  "timedOut": null,
                  "duration": 0,
                  "state": "pending",
                  "speed": null,
                  "pass": false,
                  "fail": false,
                  "pending": true,
                  "context": null,
                  "code": "",
                  "err": {},
                  "uuid": "a54502ce-413b-473e-b5da-c7cc871c0ed2",
                  "parentUUID": "3862e4ff-ac9b-407c-93ed-ebc71368c348",
                  "isHook": false,
                  "skipped": false
                },
                {
                  "title": "[P2][Sev2][observability-usa] should have link to cluster page from left nav",
                  "fullTitle": "RHACM4K-1419: Search: Overview page UI - overview page link validation [P2][Sev2][observability-usa] should have link to cluster page from left nav",
                  "timedOut": null,
                  "duration": 0,
                  "state": "pending",
                  "speed": null,
                  "pass": false,
                  "fail": false,
                  "pending": true,
                  "context": null,
                  "code": "",
                  "err": {},
                  "uuid": "365a94c8-8baf-42f1-86a3-c9895219b653",
                  "parentUUID": "3862e4ff-ac9b-407c-93ed-ebc71368c348",
                  "isHook": false,
                  "skipped": false
                },
                {
                  "title": "[P2][Sev2][observability-usa] should have link to bare metal assets page from left nav",
                  "fullTitle": "RHACM4K-1419: Search: Overview page UI - overview page link validation [P2][Sev2][observability-usa] should have link to bare metal assets page from left nav",
                  "timedOut": null,
                  "duration": 0,
                  "state": "pending",
                  "speed": null,
                  "pass": false,
                  "fail": false,
                  "pending": true,
                  "context": null,
                  "code": "",
                  "err": {},
                  "uuid": "2a209599-dc8d-4ff0-9d2b-8d4f4610814b",
                  "parentUUID": "3862e4ff-ac9b-407c-93ed-ebc71368c348",
                  "isHook": false,
                  "skipped": false
                },
                {
                  "title": "[P2][Sev2][observability-usa] should have link to automation page from left nav",
                  "fullTitle": "RHACM4K-1419: Search: Overview page UI - overview page link validation [P2][Sev2][observability-usa] should have link to automation page from left nav",
                  "timedOut": null,
                  "duration": 0,
                  "state": "pending",
                  "speed": null,
                  "pass": false,
                  "fail": false,
                  "pending": true,
                  "context": null,
                  "code": "",
                  "err": {},
                  "uuid": "21b24ff5-2b52-44ef-9ee7-25989a11168c",
                  "parentUUID": "3862e4ff-ac9b-407c-93ed-ebc71368c348",
                  "isHook": false,
                  "skipped": false
                },
                {
                  "title": "[P2][Sev2][observability-usa] should have link to application page from left nav",
                  "fullTitle": "RHACM4K-1419: Search: Overview page UI - overview page link validation [P2][Sev2][observability-usa] should have link to application page from left nav",
                  "timedOut": null,
                  "duration": 0,
                  "state": "pending",
                  "speed": null,
                  "pass": false,
                  "fail": false,
                  "pending": true,
                  "context": null,
                  "code": "",
                  "err": {},
                  "uuid": "8d8cf2b9-dfcd-4b8d-995b-421848d21898",
                  "parentUUID": "3862e4ff-ac9b-407c-93ed-ebc71368c348",
                  "isHook": false,
                  "skipped": false
                },
                {
                  "title": "[P2][Sev2][observability-usa] should have link to governance page from left nav",
                  "fullTitle": "RHACM4K-1419: Search: Overview page UI - overview page link validation [P2][Sev2][observability-usa] should have link to governance page from left nav",
                  "timedOut": null,
                  "duration": 0,
                  "state": "pending",
                  "speed": null,
                  "pass": false,
                  "fail": false,
                  "pending": true,
                  "context": null,
                  "code": "",
                  "err": {},
                  "uuid": "1bce0879-96f0-40e0-a73e-4aed12f5900f",
                  "parentUUID": "3862e4ff-ac9b-407c-93ed-ebc71368c348",
                  "isHook": false,
                  "skipped": false
                },
                {
                  "title": "[P2][Sev2][observability-usa] should have link to credential page from left nav",
                  "fullTitle": "RHACM4K-1419: Search: Overview page UI - overview page link validation [P2][Sev2][observability-usa] should have link to credential page from left nav",
                  "timedOut": null,
                  "duration": 0,
                  "state": "pending",
                  "speed": null,
                  "pass": false,
                  "fail": false,
                  "pending": true,
                  "context": null,
                  "code": "",
                  "err": {},
                  "uuid": "77d0cfa7-042e-400c-9e5c-bb5a12f7d653",
                  "parentUUID": "3862e4ff-ac9b-407c-93ed-ebc71368c348",
                  "isHook": false,
                  "skipped": false
                },
                {
                  "title": "[P2][Sev2][observability-usa] should have link to resource creation page",
                  "fullTitle": "RHACM4K-1419: Search: Overview page UI - overview page link validation [P2][Sev2][observability-usa] should have link to resource creation page",
                  "timedOut": null,
                  "duration": 0,
                  "state": "pending",
                  "speed": null,
                  "pass": false,
                  "fail": false,
                  "pending": true,
                  "context": null,
                  "code": "",
                  "err": {},
                  "uuid": "4e09e94b-0878-4d5d-8400-2d1af6e8fc05",
                  "parentUUID": "3862e4ff-ac9b-407c-93ed-ebc71368c348",
                  "isHook": false,
                  "skipped": false
                }
              ],
              "suites": [],
              "passes": [],
              "failures": [],
              "pending": [
                "a54502ce-413b-473e-b5da-c7cc871c0ed2",
                "365a94c8-8baf-42f1-86a3-c9895219b653",
                "2a209599-dc8d-4ff0-9d2b-8d4f4610814b",
                "21b24ff5-2b52-44ef-9ee7-25989a11168c",
                "8d8cf2b9-dfcd-4b8d-995b-421848d21898",
                "1bce0879-96f0-40e0-a73e-4aed12f5900f",
                "77d0cfa7-042e-400c-9e5c-bb5a12f7d653",
                "4e09e94b-0878-4d5d-8400-2d1af6e8fc05"
              ],
              "skipped": [],
              "duration": 0,
              "root": false,
              "rootEmpty": false,
              "_timeout": 2000
            }
          ],
          "passes": [],
          "failures": [],
          "pending": [],
          "skipped": [],
          "duration": 0,
          "root": false,
          "rootEmpty": false,
          "_timeout": 2000
        }
      ],
      "passes": [],
      "failures": [],
      "pending": [],
      "skipped": [],
      "duration": 0,
      "root": true,
      "rootEmpty": true,
      "_timeout": 2000
    }
  ],
  "meta": {
    "mocha": {
      "version": "7.0.1"
    },
    "mochawesome": {
      "options": {
        "quiet": false,
        "reportFilename": "mochawesome-report.json",
        "saveHtml": false,
        "saveJson": true,
        "consoleReporter": "spec",
        "useInlineDiffs": false,
        "code": true
      },
      "version": "6.3.0"
    },
    "marge": {
      "options": {
        "id": "default",
        "reportDir": "cypress/results/json",
        "reportFilename": "mochawesome-report.json",
        "overwrite": false,
        "html": false,
        "json": true
      },
      "version": "5.2.0"
    }
  }
}