{
  "stats": {
    "suites": 5,
    "tests": 4,
    "passes": 0,
    "pending": 12,
    "failures": -8,
    "start": "2021-12-08T18:41:21.632Z",
    "end": "2021-12-08T18:41:26.551Z",
    "duration": 4919,
    "testsRegistered": 12,
    "passPercent": null,
    "pendingPercent": 100,
    "other": 8,
    "hasOther": true,
    "skipped": 0,
    "hasSkipped": false
  },
  "results": [
    {
      "uuid": "21e6a4f7-e67e-4a71-b5be-377a90619e1e",
      "title": "",
      "fullFile": "tests/cypress/tests/12-rbac/01-view-overview-with-rbacuser.spec.js",
      "file": "tests/cypress/tests/12-rbac/01-view-overview-with-rbacuser.spec.js",
      "beforeHooks": [],
      "afterHooks": [],
      "tests": [],
      "suites": [
        {
          "uuid": "62a185bd-ba35-4b95-abe4-19e3bd9e3002",
          "title": "RBAC users to read the Overview page",
          "fullFile": "",
          "file": "",
          "beforeHooks": [],
          "afterHooks": [],
          "tests": [],
          "suites": [
            {
              "uuid": "d2026b2b-73a8-4f9f-abc5-64e3a6f1e196",
              "title": "RHACM4K-731 - verify: read action for user search-e2e-admin-cluster with admin role",
              "fullFile": "",
              "file": "",
              "beforeHooks": [],
              "afterHooks": [],
              "tests": [
                {
                  "title": "[P1][Sev1][observability-usa] Login: search-e2e-admin-cluster user",
                  "fullTitle": "RBAC users to read the Overview page RHACM4K-731 - verify: read action for user search-e2e-admin-cluster with admin role [P1][Sev1][observability-usa] Login: search-e2e-admin-cluster user",
                  "timedOut": null,
                  "duration": 0,
                  "state": "pending",
                  "speed": null,
                  "pass": false,
                  "fail": false,
                  "pending": true,
                  "context": null,
                  "code": "",
                  "err": {},
                  "uuid": "928a3f5a-1077-4d2f-bcc9-80192305a06d",
                  "parentUUID": "d2026b2b-73a8-4f9f-abc5-64e3a6f1e196",
                  "isHook": false,
                  "skipped": false
                },
                {
                  "title": "[P2][Sev2][observability-usa] As an user with name search-e2e-admin-cluster with cluster-role-binding of default admin role, the user can read the Overview page.",
                  "fullTitle": "RBAC users to read the Overview page RHACM4K-731 - verify: read action for user search-e2e-admin-cluster with admin role [P2][Sev2][observability-usa] As an user with name search-e2e-admin-cluster with cluster-role-binding of default admin role, the user can read the Overview page.",
                  "timedOut": null,
                  "duration": 0,
                  "state": "pending",
                  "speed": null,
                  "pass": false,
                  "fail": false,
                  "pending": true,
                  "context": null,
                  "code": "",
                  "err": {},
                  "uuid": "b4a16970-0c5e-4933-87d2-74dcb53bf2d6",
                  "parentUUID": "d2026b2b-73a8-4f9f-abc5-64e3a6f1e196",
                  "isHook": false,
                  "skipped": false
                },
                {
                  "title": "[P1][Sev1][observability-usa] Logout: search-e2e-admin-cluster user",
                  "fullTitle": "RBAC users to read the Overview page RHACM4K-731 - verify: read action for user search-e2e-admin-cluster with admin role [P1][Sev1][observability-usa] Logout: search-e2e-admin-cluster user",
                  "timedOut": null,
                  "duration": 0,
                  "state": "pending",
                  "speed": null,
                  "pass": false,
                  "fail": false,
                  "pending": true,
                  "context": null,
                  "code": "",
                  "err": {},
                  "uuid": "fa58be12-10bb-46f9-bf9b-fb15619ef614",
                  "parentUUID": "d2026b2b-73a8-4f9f-abc5-64e3a6f1e196",
                  "isHook": false,
                  "skipped": false
                }
              ],
              "suites": [],
              "passes": [],
              "failures": [],
              "pending": [
                "928a3f5a-1077-4d2f-bcc9-80192305a06d",
                "b4a16970-0c5e-4933-87d2-74dcb53bf2d6",
                "fa58be12-10bb-46f9-bf9b-fb15619ef614"
              ],
              "skipped": [],
              "duration": 0,
              "root": false,
              "rootEmpty": false,
              "_timeout": 2000
            },
            {
              "uuid": "ea93c394-4e93-491f-aec3-f75f126512d1",
              "title": "RHACM4K-921 - verify: read action for user search-e2e-admin-ns with admin role",
              "fullFile": "",
              "file": "",
              "beforeHooks": [],
              "afterHooks": [],
              "tests": [
                {
                  "title": "[P1][Sev1][observability-usa] Login: search-e2e-admin-ns user",
                  "fullTitle": "RBAC users to read the Overview page RHACM4K-921 - verify: read action for user search-e2e-admin-ns with admin role [P1][Sev1][observability-usa] Login: search-e2e-admin-ns user",
                  "timedOut": null,
                  "duration": 0,
                  "state": "pending",
                  "speed": null,
                  "pass": false,
                  "fail": false,
                  "pending": true,
                  "context": null,
                  "code": "",
                  "err": {},
                  "uuid": "0eaf7978-2486-4403-85d7-8ed479cc7253",
                  "parentUUID": "ea93c394-4e93-491f-aec3-f75f126512d1",
                  "isHook": false,
                  "skipped": false
                },
                {
                  "title": "[P2][Sev2][observability-usa] As an user with name search-e2e-admin-ns with ns-role-binding of default admin role, the user can read the Overview page.",
                  "fullTitle": "RBAC users to read the Overview page RHACM4K-921 - verify: read action for user search-e2e-admin-ns with admin role [P2][Sev2][observability-usa] As an user with name search-e2e-admin-ns with ns-role-binding of default admin role, the user can read the Overview page.",
                  "timedOut": null,
                  "duration": 0,
                  "state": "pending",
                  "speed": null,
                  "pass": false,
                  "fail": false,
                  "pending": true,
                  "context": null,
                  "code": "",
                  "err": {},
                  "uuid": "cbe6ff8f-7972-45ca-9aa1-913a41b1fd46",
                  "parentUUID": "ea93c394-4e93-491f-aec3-f75f126512d1",
                  "isHook": false,
                  "skipped": false
                },
                {
                  "title": "[P1][Sev1][observability-usa] Logout: search-e2e-admin-ns user",
                  "fullTitle": "RBAC users to read the Overview page RHACM4K-921 - verify: read action for user search-e2e-admin-ns with admin role [P1][Sev1][observability-usa] Logout: search-e2e-admin-ns user",
                  "timedOut": null,
                  "duration": 0,
                  "state": "pending",
                  "speed": null,
                  "pass": false,
                  "fail": false,
                  "pending": true,
                  "context": null,
                  "code": "",
                  "err": {},
                  "uuid": "a83b4de8-4b20-45f0-94cd-1e6083a3bafb",
                  "parentUUID": "ea93c394-4e93-491f-aec3-f75f126512d1",
                  "isHook": false,
                  "skipped": false
                }
              ],
              "suites": [],
              "passes": [],
              "failures": [],
              "pending": [
                "0eaf7978-2486-4403-85d7-8ed479cc7253",
                "cbe6ff8f-7972-45ca-9aa1-913a41b1fd46",
                "a83b4de8-4b20-45f0-94cd-1e6083a3bafb"
              ],
              "skipped": [],
              "duration": 0,
              "root": false,
              "rootEmpty": false,
              "_timeout": 2000
            },
            {
              "uuid": "3b7e474f-1982-4a51-9104-f32e08fb4995",
              "title": "RHACM4K-919 - verify: read action for user search-e2e-view-ns with view role",
              "fullFile": "",
              "file": "",
              "beforeHooks": [],
              "afterHooks": [],
              "tests": [
                {
                  "title": "[P1][Sev1][observability-usa] Login: search-e2e-view-ns user",
                  "fullTitle": "RBAC users to read the Overview page RHACM4K-919 - verify: read action for user search-e2e-view-ns with view role [P1][Sev1][observability-usa] Login: search-e2e-view-ns user",
                  "timedOut": null,
                  "duration": 0,
                  "state": "pending",
                  "speed": null,
                  "pass": false,
                  "fail": false,
                  "pending": true,
                  "context": null,
                  "code": "",
                  "err": {},
                  "uuid": "0f1446ec-a899-4b35-90ff-ff13a5a8b53b",
                  "parentUUID": "3b7e474f-1982-4a51-9104-f32e08fb4995",
                  "isHook": false,
                  "skipped": false
                },
                {
                  "title": "[P2][Sev2][observability-usa] As an user with name search-e2e-view-ns with ns-role-binding of default view role, the user can read the Overview page.",
                  "fullTitle": "RBAC users to read the Overview page RHACM4K-919 - verify: read action for user search-e2e-view-ns with view role [P2][Sev2][observability-usa] As an user with name search-e2e-view-ns with ns-role-binding of default view role, the user can read the Overview page.",
                  "timedOut": null,
                  "duration": 0,
                  "state": "pending",
                  "speed": null,
                  "pass": false,
                  "fail": false,
                  "pending": true,
                  "context": null,
                  "code": "",
                  "err": {},
                  "uuid": "a658734a-e55f-4cba-93eb-98d1c6aec0d7",
                  "parentUUID": "3b7e474f-1982-4a51-9104-f32e08fb4995",
                  "isHook": false,
                  "skipped": false
                },
                {
                  "title": "[P1][Sev1][observability-usa] Logout: search-e2e-view-ns user",
                  "fullTitle": "RBAC users to read the Overview page RHACM4K-919 - verify: read action for user search-e2e-view-ns with view role [P1][Sev1][observability-usa] Logout: search-e2e-view-ns user",
                  "timedOut": null,
                  "duration": 0,
                  "state": "pending",
                  "speed": null,
                  "pass": false,
                  "fail": false,
                  "pending": true,
                  "context": null,
                  "code": "",
                  "err": {},
                  "uuid": "b8bfa03d-ea9c-4391-9a5e-856f208abd77",
                  "parentUUID": "3b7e474f-1982-4a51-9104-f32e08fb4995",
                  "isHook": false,
                  "skipped": false
                }
              ],
              "suites": [],
              "passes": [],
              "failures": [],
              "pending": [
                "0f1446ec-a899-4b35-90ff-ff13a5a8b53b",
                "a658734a-e55f-4cba-93eb-98d1c6aec0d7",
                "b8bfa03d-ea9c-4391-9a5e-856f208abd77"
              ],
              "skipped": [],
              "duration": 0,
              "root": false,
              "rootEmpty": false,
              "_timeout": 2000
            },
            {
              "uuid": "6d35ad29-5616-4f8f-9290-c11edd0ff381",
              "title": "RHACM4K-920 - verify: read action for user search-e2e-edit-ns with edit role",
              "fullFile": "",
              "file": "",
              "beforeHooks": [],
              "afterHooks": [],
              "tests": [
                {
                  "title": "[P1][Sev1][observability-usa] Login: search-e2e-edit-ns user",
                  "fullTitle": "RBAC users to read the Overview page RHACM4K-920 - verify: read action for user search-e2e-edit-ns with edit role [P1][Sev1][observability-usa] Login: search-e2e-edit-ns user",
                  "timedOut": null,
                  "duration": 0,
                  "state": "pending",
                  "speed": null,
                  "pass": false,
                  "fail": false,
                  "pending": true,
                  "context": null,
                  "code": "",
                  "err": {},
                  "uuid": "73494886-6d06-400d-b615-84513f107037",
                  "parentUUID": "6d35ad29-5616-4f8f-9290-c11edd0ff381",
                  "isHook": false,
                  "skipped": false
                },
                {
                  "title": "[P2][Sev2][observability-usa] As an user with name search-e2e-edit-ns with ns-role-binding of default edit role, the user can read the Overview page.",
                  "fullTitle": "RBAC users to read the Overview page RHACM4K-920 - verify: read action for user search-e2e-edit-ns with edit role [P2][Sev2][observability-usa] As an user with name search-e2e-edit-ns with ns-role-binding of default edit role, the user can read the Overview page.",
                  "timedOut": null,
                  "duration": 0,
                  "state": "pending",
                  "speed": null,
                  "pass": false,
                  "fail": false,
                  "pending": true,
                  "context": null,
                  "code": "",
                  "err": {},
                  "uuid": "d1a46efb-dc95-4365-a6da-4223368da6af",
                  "parentUUID": "6d35ad29-5616-4f8f-9290-c11edd0ff381",
                  "isHook": false,
                  "skipped": false
                },
                {
                  "title": "[P1][Sev1][observability-usa] Logout: search-e2e-edit-ns user",
                  "fullTitle": "RBAC users to read the Overview page RHACM4K-920 - verify: read action for user search-e2e-edit-ns with edit role [P1][Sev1][observability-usa] Logout: search-e2e-edit-ns user",
                  "timedOut": null,
                  "duration": 0,
                  "state": "pending",
                  "speed": null,
                  "pass": false,
                  "fail": false,
                  "pending": true,
                  "context": null,
                  "code": "",
                  "err": {},
                  "uuid": "03f835c3-9e94-447f-bdf8-f24dbc4ad5cc",
                  "parentUUID": "6d35ad29-5616-4f8f-9290-c11edd0ff381",
                  "isHook": false,
                  "skipped": false
                }
              ],
              "suites": [],
              "passes": [],
              "failures": [],
              "pending": [
                "73494886-6d06-400d-b615-84513f107037",
                "d1a46efb-dc95-4365-a6da-4223368da6af",
                "03f835c3-9e94-447f-bdf8-f24dbc4ad5cc"
              ],
              "skipped": [],
              "duration": 0,
              "root": false,
              "rootEmpty": false,
              "_timeout": 2000
            }
          ],
          "passes": [],
          "failures": [],
          "pending": [],
          "skipped": [],
          "duration": 0,
          "root": false,
          "rootEmpty": false,
          "_timeout": 2000
        }
      ],
      "passes": [],
      "failures": [],
      "pending": [],
      "skipped": [],
      "duration": 0,
      "root": true,
      "rootEmpty": true,
      "_timeout": 2000
    }
  ],
  "meta": {
    "mocha": {
      "version": "7.0.1"
    },
    "mochawesome": {
      "options": {
        "quiet": false,
        "reportFilename": "mochawesome-report.json",
        "saveHtml": false,
        "saveJson": true,
        "consoleReporter": "spec",
        "useInlineDiffs": false,
        "code": true
      },
      "version": "6.3.0"
    },
    "marge": {
      "options": {
        "id": "default",
        "reportDir": "cypress/results/json",
        "reportFilename": "mochawesome-report.json",
        "overwrite": false,
        "html": false,
        "json": true
      },
      "version": "5.2.0"
    }
  }
}