{
  "stats": {
    "suites": 3,
    "tests": 2,
    "passes": 0,
    "pending": 9,
    "failures": -7,
    "start": "2021-12-08T18:40:39.823Z",
    "end": "2021-12-08T18:40:49.843Z",
    "duration": 10020,
    "testsRegistered": 9,
    "passPercent": null,
    "pendingPercent": 100,
    "other": 7,
    "hasOther": true,
    "skipped": 0,
    "hasSkipped": false
  },
  "results": [
    {
      "uuid": "2d1ee6db-d25c-4f62-89b8-5820414f5d21",
      "title": "",
      "fullFile": "tests/cypress/tests/09-saved/01-saved-searches.spec.js",
      "file": "tests/cypress/tests/09-saved/01-saved-searches.spec.js",
      "beforeHooks": [],
      "afterHooks": [],
      "tests": [],
      "suites": [
        {
          "uuid": "f256d6eb-dd5e-4ace-8bb4-17882a843902",
          "title": "RHACM4K-412 - Search: Saved searches",
          "fullFile": "",
          "file": "",
          "beforeHooks": [],
          "afterHooks": [],
          "tests": [],
          "suites": [
            {
              "uuid": "80ea2234-3f51-41af-b92d-f34e83c79f34",
              "title": "prereq: user should log into the ACM console",
              "fullFile": "",
              "file": "",
              "beforeHooks": [],
              "afterHooks": [],
              "tests": [
                {
                  "title": "[P1][Sev1][observability-usa] should create namespace",
                  "fullTitle": "RHACM4K-412 - Search: Saved searches prereq: user should log into the ACM console [P1][Sev1][observability-usa] should create namespace",
                  "timedOut": null,
                  "duration": 0,
                  "state": "pending",
                  "speed": null,
                  "pass": false,
                  "fail": false,
                  "pending": true,
                  "context": null,
                  "code": "",
                  "err": {},
                  "uuid": "0bb8bd06-650e-4568-98af-df2675d41698",
                  "parentUUID": "80ea2234-3f51-41af-b92d-f34e83c79f34",
                  "isHook": false,
                  "skipped": false
                },
                {
                  "title": "[P1][Sev1][observability-usa] should login",
                  "fullTitle": "RHACM4K-412 - Search: Saved searches prereq: user should log into the ACM console [P1][Sev1][observability-usa] should login",
                  "timedOut": null,
                  "duration": 0,
                  "state": "pending",
                  "speed": null,
                  "pass": false,
                  "fail": false,
                  "pending": true,
                  "context": null,
                  "code": "",
                  "err": {},
                  "uuid": "e9ef531d-508c-47f9-99c8-f1884d90636a",
                  "parentUUID": "80ea2234-3f51-41af-b92d-f34e83c79f34",
                  "isHook": false,
                  "skipped": false
                }
              ],
              "suites": [],
              "passes": [],
              "failures": [],
              "pending": [
                "0bb8bd06-650e-4568-98af-df2675d41698",
                "e9ef531d-508c-47f9-99c8-f1884d90636a"
              ],
              "skipped": [],
              "duration": 0,
              "root": false,
              "rootEmpty": false,
              "_timeout": 2000
            },
            {
              "uuid": "4e90e8e6-620f-4647-b457-6b6251a58cd4",
              "title": "verify: saved searches resource actions",
              "fullFile": "",
              "file": "",
              "beforeHooks": [],
              "afterHooks": [],
              "tests": [
                {
                  "title": "[P2][Sev2][observability-usa] should verify that the namespace is available",
                  "fullTitle": "RHACM4K-412 - Search: Saved searches verify: saved searches resource actions [P2][Sev2][observability-usa] should verify that the namespace is available",
                  "timedOut": null,
                  "duration": 0,
                  "state": "pending",
                  "speed": null,
                  "pass": false,
                  "fail": false,
                  "pending": true,
                  "context": null,
                  "code": "",
                  "err": {},
                  "uuid": "98ed7c0b-4d64-4c20-b92a-d84e829f568e",
                  "parentUUID": "4e90e8e6-620f-4647-b457-6b6251a58cd4",
                  "isHook": false,
                  "skipped": false
                },
                {
                  "title": "[P2][Sev2][observability-usa] should be able to save current search",
                  "fullTitle": "RHACM4K-412 - Search: Saved searches verify: saved searches resource actions [P2][Sev2][observability-usa] should be able to save current search",
                  "timedOut": null,
                  "duration": 0,
                  "state": "pending",
                  "speed": null,
                  "pass": false,
                  "fail": false,
                  "pending": true,
                  "context": null,
                  "code": "",
                  "err": {},
                  "uuid": "f58f81c0-a611-4218-812a-fb78bd310289",
                  "parentUUID": "4e90e8e6-620f-4647-b457-6b6251a58cd4",
                  "isHook": false,
                  "skipped": false
                },
                {
                  "title": "[P2][Sev2][observability-usa] should be able to find the saved search",
                  "fullTitle": "RHACM4K-412 - Search: Saved searches verify: saved searches resource actions [P2][Sev2][observability-usa] should be able to find the saved search",
                  "timedOut": null,
                  "duration": 0,
                  "state": "pending",
                  "speed": null,
                  "pass": false,
                  "fail": false,
                  "pending": true,
                  "context": null,
                  "code": "",
                  "err": {},
                  "uuid": "9b0139f6-b8fe-4a06-89f6-05d7ab24af31",
                  "parentUUID": "4e90e8e6-620f-4647-b457-6b6251a58cd4",
                  "isHook": false,
                  "skipped": false
                },
                {
                  "title": "[P2][Sev2][observability-usa] should be able to edit the saved searches",
                  "fullTitle": "RHACM4K-412 - Search: Saved searches verify: saved searches resource actions [P2][Sev2][observability-usa] should be able to edit the saved searches",
                  "timedOut": null,
                  "duration": 0,
                  "state": "pending",
                  "speed": null,
                  "pass": false,
                  "fail": false,
                  "pending": true,
                  "context": null,
                  "code": "",
                  "err": {},
                  "uuid": "bc563ac9-fdf4-4ab8-b2f6-d9cb956c721f",
                  "parentUUID": "4e90e8e6-620f-4647-b457-6b6251a58cd4",
                  "isHook": false,
                  "skipped": false
                },
                {
                  "title": "[P2][Sev2][observability-usa] should be able to revert back the edited saved searches",
                  "fullTitle": "RHACM4K-412 - Search: Saved searches verify: saved searches resource actions [P2][Sev2][observability-usa] should be able to revert back the edited saved searches",
                  "timedOut": null,
                  "duration": 0,
                  "state": "pending",
                  "speed": null,
                  "pass": false,
                  "fail": false,
                  "pending": true,
                  "context": null,
                  "code": "",
                  "err": {},
                  "uuid": "756d7859-9e34-4ba1-a551-9261eee7e707",
                  "parentUUID": "4e90e8e6-620f-4647-b457-6b6251a58cd4",
                  "isHook": false,
                  "skipped": false
                },
                {
                  "title": "[P2][Sev2][observability-usa] should be able to share the saved searches",
                  "fullTitle": "RHACM4K-412 - Search: Saved searches verify: saved searches resource actions [P2][Sev2][observability-usa] should be able to share the saved searches",
                  "timedOut": null,
                  "duration": 0,
                  "state": "pending",
                  "speed": null,
                  "pass": false,
                  "fail": false,
                  "pending": true,
                  "context": null,
                  "code": "",
                  "err": {},
                  "uuid": "32e3f310-f9ac-49fb-9ffc-9b68f7a4ba37",
                  "parentUUID": "4e90e8e6-620f-4647-b457-6b6251a58cd4",
                  "isHook": false,
                  "skipped": false
                },
                {
                  "title": "[P2][Sev2][observability-usa] should be able to delete the saved searches auto-test-app-1638988839755-ns-search",
                  "fullTitle": "RHACM4K-412 - Search: Saved searches verify: saved searches resource actions [P2][Sev2][observability-usa] should be able to delete the saved searches auto-test-app-1638988839755-ns-search",
                  "timedOut": null,
                  "duration": 0,
                  "state": "pending",
                  "speed": null,
                  "pass": false,
                  "fail": false,
                  "pending": true,
                  "context": null,
                  "code": "",
                  "err": {},
                  "uuid": "2b427f2f-6919-4e5a-84fa-39f52f049b7e",
                  "parentUUID": "4e90e8e6-620f-4647-b457-6b6251a58cd4",
                  "isHook": false,
                  "skipped": false
                }
              ],
              "suites": [],
              "passes": [],
              "failures": [],
              "pending": [
                "98ed7c0b-4d64-4c20-b92a-d84e829f568e",
                "f58f81c0-a611-4218-812a-fb78bd310289",
                "9b0139f6-b8fe-4a06-89f6-05d7ab24af31",
                "bc563ac9-fdf4-4ab8-b2f6-d9cb956c721f",
                "756d7859-9e34-4ba1-a551-9261eee7e707",
                "32e3f310-f9ac-49fb-9ffc-9b68f7a4ba37",
                "2b427f2f-6919-4e5a-84fa-39f52f049b7e"
              ],
              "skipped": [],
              "duration": 0,
              "root": false,
              "rootEmpty": false,
              "_timeout": 2000
            }
          ],
          "passes": [],
          "failures": [],
          "pending": [],
          "skipped": [],
          "duration": 0,
          "root": false,
          "rootEmpty": false,
          "_timeout": 2000
        }
      ],
      "passes": [],
      "failures": [],
      "pending": [],
      "skipped": [],
      "duration": 0,
      "root": true,
      "rootEmpty": true,
      "_timeout": 2000
    }
  ],
  "meta": {
    "mocha": {
      "version": "7.0.1"
    },
    "mochawesome": {
      "options": {
        "quiet": false,
        "reportFilename": "mochawesome-report.json",
        "saveHtml": false,
        "saveJson": true,
        "consoleReporter": "spec",
        "useInlineDiffs": false,
        "code": true
      },
      "version": "6.3.0"
    },
    "marge": {
      "options": {
        "id": "default",
        "reportDir": "cypress/results/json",
        "reportFilename": "mochawesome-report.json",
        "overwrite": false,
        "html": false,
        "json": true
      },
      "version": "5.2.0"
    }
  }
}